{"numTotalTestSuites":768,"numPassedTestSuites":768,"numFailedTestSuites":0,"numPendingTestSuites":0,"numTotalTests":1783,"numPassedTests":1783,"numFailedTests":0,"numPendingTests":0,"numTodoTests":0,"snapshot":{"added":0,"failure":false,"filesAdded":0,"filesRemoved":0,"filesRemovedList":[],"filesUnmatched":0,"filesUpdated":0,"matched":0,"total":0,"unchecked":0,"uncheckedKeysByFile":[],"unmatched":0,"updated":0,"didUpdate":false},"startTime":1788117397991,"success":true,"testResults":[{"assertionResults":[{"ancestorTitles":["useQuantumTasksBackgroundFlush"],"fullName":"useQuantumTasksBackgroundFlush يفرّغ فور pagehide","status":"passed","title":"يفرّغ فور pagehide","duration":19.72970000000032,"failureMessages":[],"meta":{}},{"ancestorTitles":["useQuantumTasksBackgroundFlush"],"fullName":"useQuantumTasksBackgroundFlush يفرّغ بعد تأخير عند إخفاء التبويب ويلغي عند العودة","status":"passed","title":"يفرّغ بعد تأخير عند إخفاء التبويب ويلغي عند العودة","duration":3.987999999999829,"failureMessages":[],"meta":{}},{"ancestorTitles":["useQuantumTasksBackgroundFlush"],"fullName":"useQuantumTasksBackgroundFlush يفرّغ فوراً عند إرسال Capacitor للخلفية","status":"passed","title":"يفرّغ فوراً عند إرسال Capacitor للخلفية","duration":2.5302999999998974,"failureMessages":[],"meta":{}}],"startTime":1788117450072,"endTime":1788117450098.5303,"status":"passed","message":"","name":"C:/Users/HEX STORE/Downloads/New folder/src/app/hooks/useQuantumTasksBackgroundFlush.test.ts"},{"assertionResults":[{"ancestorTitles":["useVisibilityAwareInterval"],"fullName":"useVisibilityAwareInterval runs tick on interval when tab visible","status":"passed","title":"runs tick on interval when tab visible","duration":20.446399999999812,"failureMessages":[],"meta":{}},{"ancestorTitles":["useVisibilityAwareInterval"],"fullName":"useVisibilityAwareInterval stops ticking when tab hidden and resumes on visible","status":"passed","title":"stops ticking when tab hidden and resumes on visible","duration":3.254399999999805,"failureMessages":[],"meta":{}},{"ancestorTitles":["useVisibilityAwareInterval"],"fullName":"useVisibilityAwareInterval يتوقف عند pagehide وحالة التطبيق غير النشطة","status":"passed","title":"يتوقف عند pagehide وحالة التطبيق غير النشطة","duration":2.5576999999998407,"failureMessages":[],"meta":{}},{"ancestorTitles":["useVisibilityAwareInterval"],"fullName":"useVisibilityAwareInterval ينبض عند عودة Capacitor حتى لو المؤقّت ما زال مسجّلاً","status":"passed","title":"ينبض عند عودة Capacitor حتى لو المؤقّت ما زال مسجّلاً","duration":1.9132999999997082,"failureMessages":[],"meta":{}}],"startTime":1788117447111,"endTime":1788117447139.9133,"status":"passed","message":"","name":"C:/Users/HEX STORE/Downloads/New folder/src/app/hooks/useVisibilityAwareInterval.test.ts"},{"assertionResults":[{"ancestorTitles":["dispatchGlobalSearchNavigate"],"fullName":"dispatchGlobalSearchNavigate الضيف يصل للإشعارات من نتيجة البحث","status":"passed","title":"الضيف يصل للإشعارات من نتيجة البحث","duration":4.416199999999662,"failureMessages":[],"meta":{}},{"ancestorTitles":["dispatchGlobalSearchNavigate"],"fullName":"dispatchGlobalSearchNavigate الضيف يفتح إضبارة التنفيذ من نتيجة البحث","status":"passed","title":"الضيف يفتح إضبارة التنفيذ من نتيجة البحث","duration":2.3593000000000757,"failureMessages":[],"meta":{}},{"ancestorTitles":["dispatchGlobalSearchNavigate"],"fullName":"dispatchGlobalSearchNavigate يفتح الإشعارات ثم يغلق","status":"passed","title":"يفتح الإشعارات ثم يغلق","duration":1.1797999999998865,"failureMessages":[],"meta":{}},{"ancestorTitles":["dispatchGlobalSearchNavigate"],"fullName":"dispatchGlobalSearchNavigate يفتح الجدول مع التاريخ والحدث","status":"passed","title":"يفتح الجدول مع التاريخ والحدث","duration":2.772100000000137,"failureMessages":[],"meta":{}},{"ancestorTitles":["dispatchGlobalSearchNavigate"],"fullName":"dispatchGlobalSearchNavigate يفتح المجتمع مع deep link","status":"passed","title":"يفتح المجتمع مع deep link","duration":0.8519000000001142,"failureMessages":[],"meta":{}},{"ancestorTitles":["dispatchGlobalSearchNavigate"],"fullName":"dispatchGlobalSearchNavigate يفتح إضبارة التنفيذ عبر العقد","status":"passed","title":"يفتح إضبارة التنفيذ عبر العقد","duration":0.7200000000002547,"failureMessages":[],"meta":{}},{"ancestorTitles":["dispatchGlobalSearchNavigate"],"fullName":"dispatchGlobalSearchNavigate يرفض قضية جزائية غير مملوكة","status":"passed","title":"يرفض قضية جزائية غير مملوكة","duration":0.8877999999999702,"failureMessages":[],"meta":{}},{"ancestorTitles":["dispatchGlobalSearchNavigate"],"fullName":"dispatchGlobalSearchNavigate يُظهر تعذّر الفتح ولا يغيّر التبويب عندما الملف غير موجود","status":"passed","title":"يُظهر تعذّر الفتح ولا يغيّر التبويب عندما الملف غير موجود","duration":0.7096000000001368,"failureMessages":[],"meta":{}},{"ancestorTitles":["dispatchGlobalSearchNavigate"],"fullName":"dispatchGlobalSearchNavigate يُظهر تعذّر الفتح ولا يختار قضية عندما السجل غير موجود","status":"passed","title":"يُظهر تعذّر الفتح ولا يختار قضية عندما السجل غير موجود","duration":0.7795000000000982,"failureMessages":[],"meta":{}},{"ancestorTitles":["dispatchGlobalSearchNavigate"],"fullName":"dispatchGlobalSearchNavigate يفتح قضية جزائية مملوكة","status":"passed","title":"يفتح قضية جزائية مملوكة","duration":0.6402000000002772,"failureMessages":[],"meta":{}},{"ancestorTitles":["dispatchGlobalSearchNavigate"],"fullName":"dispatchGlobalSearchNavigate يفتح دعوى مؤرشفة من مقطع التخزين عندما لا تكون في files النشطة","status":"passed","title":"يفتح دعوى مؤرشفة من مقطع التخزين عندما لا تكون في files النشطة","duration":1.9960000000000946,"failureMessages":[],"meta":{}},{"ancestorTitles":["dispatchGlobalSearchNavigate"],"fullName":"dispatchGlobalSearchNavigate يرفض التنقّل بلا جلسة محلية","status":"passed","title":"يرفض التنقّل بلا جلسة محلية","duration":0.5576000000000931,"failureMessages":[],"meta":{}},{"ancestorTitles":["dispatchGlobalSearchNavigate"],"fullName":"dispatchGlobalSearchNavigate يرفض معرّف ملف بمخطط javascript","status":"passed","title":"يرفض معرّف ملف بمخطط javascript","duration":0.520799999999781,"failureMessages":[],"meta":{}}],"startTime":1788117460108,"endTime":1788117460126.5576,"status":"passed","message":"","name":"C:/Users/HEX STORE/Downloads/New folder/src/app/hooks/__tests__/globalSearchNavDispatch.test.ts"},{"assertionResults":[{"ancestorTitles":["performLawsuitNewCaseSave — no hang, sync create"],"fullName":"performLawsuitNewCaseSave — no hang, sync create completes under 500ms without awaiting crypto warm","status":"passed","title":"completes under 500ms without awaiting crypto warm","duration":261.1304,"failureMessages":[],"meta":{}}],"startTime":1788117418578,"endTime":1788117418839.1304,"status":"passed","message":"","name":"C:/Users/HEX STORE/Downloads/New folder/src/app/hooks/__tests__/lawsuitNewCaseSave.memoryPersist.test.ts"},{"assertionResults":[{"ancestorTitles":["useAccreditedLawyerMark"],"fullName":"useAccreditedLawyerMark لا يعتمد على user_metadata=active","status":"passed","title":"لا يعتمد على user_metadata=active","duration":17.090999999999894,"failureMessages":[],"meta":{}},{"ancestorTitles":["useAccreditedLawyerMark"],"fullName":"useAccreditedLawyerMark يعرض العلامة بعد قرار المقر","status":"passed","title":"يعرض العلامة بعد قرار المقر","duration":1.71120000000019,"failureMessages":[],"meta":{}}],"startTime":1788117458224,"endTime":1788117458242.7112,"status":"passed","message":"","name":"C:/Users/HEX STORE/Downloads/New folder/src/app/hooks/__tests__/useAccreditedLawyerMark.test.ts"},{"assertionResults":[{"ancestorTitles":["useAppLock"],"fullName":"useAppLock يقفل المكتب عند الدخول إذا كانت البصمة مفعّلة والجلسة غير مفتوحة","status":"passed","title":"يقفل المكتب عند الدخول إذا كانت البصمة مفعّلة والجلسة غير مفتوحة","duration":23.13689999999997,"failureMessages":[],"meta":{}},{"ancestorTitles":["useAppLock"],"fullName":"useAppLock لا يقفل فوراً بعد تفعيل البصمة في نفس العملية","status":"passed","title":"لا يقفل فوراً بعد تفعيل البصمة في نفس العملية","duration":3.2427999999999884,"failureMessages":[],"meta":{}},{"ancestorTitles":["useAppLock"],"fullName":"useAppLock يقفل عند انتقال التطبيق إلى الخلفية","status":"passed","title":"يقفل عند انتقال التطبيق إلى الخلفية","duration":3.9131999999999607,"failureMessages":[],"meta":{}},{"ancestorTitles":["useAppLock"],"fullName":"useAppLock يثبت فتح الجلسة بعد تحقق بيومتري ناجح","status":"passed","title":"يثبت فتح الجلسة بعد تحقق بيومتري ناجح","duration":3.284599999999955,"failureMessages":[],"meta":{}}],"startTime":1788117445724,"endTime":1788117445757.2847,"status":"passed","message":"","name":"C:/Users/HEX STORE/Downloads/New folder/src/app/hooks/__tests__/useAppLock.test.ts"},{"assertionResults":[{"ancestorTitles":["useAutoSave settings data-integrity lifecycle"],"fullName":"useAutoSave settings data-integrity lifecycle flushes the last enabled value when auto-save is disabled","status":"passed","title":"flushes the last enabled value when auto-save is disabled","duration":22.248799999999846,"failureMessages":[],"meta":{}},{"ancestorTitles":["useAutoSave settings data-integrity lifecycle"],"fullName":"useAutoSave settings data-integrity lifecycle does not overwrite a just-imported value with stale React state","status":"passed","title":"does not overwrite a just-imported value with stale React state","duration":4.087300000000141,"failureMessages":[],"meta":{}},{"ancestorTitles":["useAutoSave settings data-integrity lifecycle"],"fullName":"useAutoSave settings data-integrity lifecycle does not recreate defaults after a full local-data clear","status":"passed","title":"does not recreate defaults after a full local-data clear","duration":2.6403999999997723,"failureMessages":[],"meta":{}}],"startTime":1788117444602,"endTime":1788117444630.6404,"status":"passed","message":"","name":"C:/Users/HEX STORE/Downloads/New folder/src/app/hooks/__tests__/useAutoSave.settingsIntegrity.test.tsx"},{"assertionResults":[{"ancestorTitles":["useAutoSync Hook","Basic Functionality"],"fullName":"useAutoSync Hook Basic Functionality should initialize with correct default values","status":"passed","title":"should initialize with correct default values","duration":19.61720000000014,"failureMessages":[],"meta":{}},{"ancestorTitles":["useAutoSync Hook","Basic Functionality"],"fullName":"useAutoSync Hook Basic Functionality should call syncNow manually","status":"passed","title":"should call syncNow manually","duration":8.217099999999846,"failureMessages":[],"meta":{}},{"ancestorTitles":["useAutoSync Hook","Auto-Sync Interval"],"fullName":"useAutoSync Hook Auto-Sync Interval should sync automatically at specified interval","status":"passed","title":"should sync automatically at specified interval","duration":6.283200000000306,"failureMessages":[],"meta":{}},{"ancestorTitles":["useAutoSync Hook","Auto-Sync Interval"],"fullName":"useAutoSync Hook Auto-Sync Interval should not sync when disabled","status":"passed","title":"should not sync when disabled","duration":3.395999999999731,"failureMessages":[],"meta":{}},{"ancestorTitles":["useAutoSync Hook","Save on Change"],"fullName":"useAutoSync Hook Save on Change should sync when data changes","status":"passed","title":"should sync when data changes","duration":3.6914999999999054,"failureMessages":[],"meta":{}},{"ancestorTitles":["useAutoSync Hook","Save on Change"],"fullName":"useAutoSync Hook Save on Change should not sync if saveOnChange is false","status":"passed","title":"should not sync if saveOnChange is false","duration":5.080699999999979,"failureMessages":[],"meta":{}},{"ancestorTitles":["useAutoSync Hook","Error Handling"],"fullName":"useAutoSync Hook Error Handling should sync successfully via localStorage with failureCount staying 0","status":"passed","title":"should sync successfully via localStorage with failureCount staying 0","duration":9.355199999999968,"failureMessages":[],"meta":{}},{"ancestorTitles":["useAutoSync Hook","Error Handling"],"fullName":"useAutoSync Hook Error Handling does not block reload with synchronous emergency backup on beforeunload","status":"passed","title":"does not block reload with synchronous emergency backup on beforeunload","duration":5.8486000000002605,"failureMessages":[],"meta":{}},{"ancestorTitles":["useAutoSync Hook","Callbacks"],"fullName":"useAutoSync Hook Callbacks should call onSyncSuccess on successful sync","status":"passed","title":"should call onSyncSuccess on successful sync","duration":2.7121000000001914,"failureMessages":[],"meta":{}},{"ancestorTitles":["useAutoSync Hook","Callbacks"],"fullName":"useAutoSync Hook Callbacks should not call onSyncError since cloud sync is disabled","status":"passed","title":"should not call onSyncError since cloud sync is disabled","duration":2.263500000000022,"failureMessages":[],"meta":{}},{"ancestorTitles":["useAutoSync Hook","Emergency Backup"],"fullName":"useAutoSync Hook Emergency Backup does not write emergency backup on beforeunload (avoids reload freeze)","status":"passed","title":"does not write emergency backup on beforeunload (avoids reload freeze)","duration":2.1036000000003696,"failureMessages":[],"meta":{}}],"startTime":1788117425520,"endTime":1788117425589.1035,"status":"passed","message":"","name":"C:/Users/HEX STORE/Downloads/New folder/src/app/hooks/__tests__/useAutoSync.test.ts"},{"assertionResults":[{"ancestorTitles":["useCloudSync Hook","Initialization"],"fullName":"useCloudSync Hook Initialization should initialize with correct default values","status":"passed","title":"should initialize with correct default values","duration":21.5954999999999,"failureMessages":[],"meta":{}},{"ancestorTitles":["useCloudSync Hook","Initialization"],"fullName":"useCloudSync Hook Initialization should not sync when disabled","status":"passed","title":"should not sync when disabled","duration":2.901100000000042,"failureMessages":[],"meta":{}},{"ancestorTitles":["useCloudSync Hook","Sync Operations"],"fullName":"useCloudSync Hook Sync Operations should sync data to cloud","status":"passed","title":"should sync data to cloud","duration":1257.0974999999999,"failureMessages":[],"meta":{}},{"ancestorTitles":["useCloudSync Hook","Sync Operations"],"fullName":"useCloudSync Hook Sync Operations should handle manual sync","status":"passed","title":"should handle manual sync","duration":8.338799999999537,"failureMessages":[],"meta":{}},{"ancestorTitles":["useCloudSync Hook","Sync Status"],"fullName":"useCloudSync Hook Sync Status should update sync status during sync","status":"passed","title":"should update sync status during sync","duration":4.880600000000413,"failureMessages":[],"meta":{}},{"ancestorTitles":["useCloudSync Hook","Sync Status"],"fullName":"useCloudSync Hook Sync Status should track last sync time","status":"passed","title":"should track last sync time","duration":83.70070000000032,"failureMessages":[],"meta":{}},{"ancestorTitles":["useCloudSync Hook","Online/Offline Detection"],"fullName":"useCloudSync Hook Online/Offline Detection should detect online status","status":"passed","title":"should detect online status","duration":1.8267000000005282,"failureMessages":[],"meta":{}},{"ancestorTitles":["useCloudSync Hook","Online/Offline Detection"],"fullName":"useCloudSync Hook Online/Offline Detection should handle offline mode gracefully","status":"passed","title":"should handle offline mode gracefully","duration":1.8150000000005093,"failureMessages":[],"meta":{}},{"ancestorTitles":["useCloudSync Hook","Sync Interval"],"fullName":"useCloudSync Hook Sync Interval should respect custom sync interval","status":"passed","title":"should respect custom sync interval","duration":1.4012000000002445,"failureMessages":[],"meta":{}},{"ancestorTitles":["useCloudSync Hook","Sync Interval"],"fullName":"useCloudSync Hook Sync Interval should use default interval when not specified","status":"passed","title":"should use default interval when not specified","duration":1.4054999999998472,"failureMessages":[],"meta":{}},{"ancestorTitles":["useCloudSync Hook","Error Handling"],"fullName":"useCloudSync Hook Error Handling should handle sync errors gracefully","status":"passed","title":"should handle sync errors gracefully","duration":19.61700000000019,"failureMessages":[],"meta":{}},{"ancestorTitles":["useCloudSync Hook","Error Handling"],"fullName":"useCloudSync Hook Error Handling should succeed on a later manual sync after a failure","status":"passed","title":"should succeed on a later manual sync after a failure","duration":32.134399999999914,"failureMessages":[],"meta":{}},{"ancestorTitles":["useCloudSync Hook","Unsupported localKey"],"fullName":"useCloudSync Hook Unsupported localKey should return to idle when localKey is not supported","status":"passed","title":"should return to idle when localKey is not supported","duration":15.349499999999352,"failureMessages":[],"meta":{}},{"ancestorTitles":["useCloudSync Hook","Data Integrity"],"fullName":"useCloudSync Hook Data Integrity should preserve data during sync","status":"passed","title":"should preserve data during sync","duration":20.56710000000021,"failureMessages":[],"meta":{}},{"ancestorTitles":["useCloudSync Hook","Data Integrity"],"fullName":"useCloudSync Hook Data Integrity should handle empty data","status":"passed","title":"should handle empty data","duration":12.346399999999448,"failureMessages":[],"meta":{}},{"ancestorTitles":["useCloudSync Hook","Cleanup"],"fullName":"useCloudSync Hook Cleanup should cleanup on unmount","status":"passed","title":"should cleanup on unmount","duration":1.0981999999994514,"failureMessages":[],"meta":{}},{"ancestorTitles":["useCloudSync Hook","Cleanup"],"fullName":"useCloudSync Hook Cleanup should stop syncing after unmount","status":"passed","title":"should stop syncing after unmount","duration":307.28830000000016,"failureMessages":[],"meta":{}},{"ancestorTitles":["useCloudSync Hook","Performance"],"fullName":"useCloudSync Hook Performance should sync efficiently with small datasets","status":"passed","title":"should sync efficiently with small datasets","duration":5.268599999999424,"failureMessages":[],"meta":{}},{"ancestorTitles":["useCloudSync Hook","Performance"],"fullName":"useCloudSync Hook Performance should handle large datasets without blocking","status":"passed","title":"should handle large datasets without blocking","duration":5.761399999999412,"failureMessages":[],"meta":{}}],"startTime":1788117405771,"endTime":1788117407576.7615,"status":"passed","message":"","name":"C:/Users/HEX STORE/Downloads/New folder/src/app/hooks/__tests__/useCloudSync.test.ts"},{"assertionResults":[{"ancestorTitles":["useFatalTaskComplete"],"fullName":"useFatalTaskComplete completes non-fatal task immediately","status":"passed","title":"completes non-fatal task immediately","duration":17.987499999999727,"failureMessages":[],"meta":{}},{"ancestorTitles":["useFatalTaskComplete"],"fullName":"useFatalTaskComplete opens confirm dialog for fatal task then confirms","status":"passed","title":"opens confirm dialog for fatal task then confirms","duration":4.0921000000003005,"failureMessages":[],"meta":{}},{"ancestorTitles":["useFatalTaskComplete"],"fullName":"useFatalTaskComplete cancelFatalComplete clears pending confirm","status":"passed","title":"cancelFatalComplete clears pending confirm","duration":2.5286000000000968,"failureMessages":[],"meta":{}}],"startTime":1788117449550,"endTime":1788117449575.5286,"status":"passed","message":"","name":"C:/Users/HEX STORE/Downloads/New folder/src/app/hooks/__tests__/useFatalTaskComplete.test.ts"},{"assertionResults":[{"ancestorTitles":["useForumMentionAutocomplete"],"fullName":"useForumMentionAutocomplete opens suggestions after @","status":"passed","title":"opens suggestions after @","duration":20.11640000000034,"failureMessages":[],"meta":{}},{"ancestorTitles":["useForumMentionAutocomplete"],"fullName":"useForumMentionAutocomplete inserts mention token","status":"passed","title":"inserts mention token","duration":3.4622999999996864,"failureMessages":[],"meta":{}}],"startTime":1788117451545,"endTime":1788117451568.4624,"status":"passed","message":"","name":"C:/Users/HEX STORE/Downloads/New folder/src/app/hooks/__tests__/useForumMentionAutocomplete.test.ts"},{"assertionResults":[{"ancestorTitles":["useForumUnreadCount"],"fullName":"useForumUnreadCount يجلب العدّاد بصمت دون حالة تحميل مرئية","status":"passed","title":"يجلب العدّاد بصمت دون حالة تحميل مرئية","duration":88.21330000000034,"failureMessages":[],"meta":{}},{"ancestorTitles":["useForumUnreadCount"],"fullName":"useForumUnreadCount لا يُبقي التحميل عند تعطيل الجلب","status":"passed","title":"لا يُبقي التحميل عند تعطيل الجلب","duration":2.054399999999987,"failureMessages":[],"meta":{}},{"ancestorTitles":["useForumUnreadCount"],"fullName":"useForumUnreadCount حدث الشارة يحدّث العدّاد دون جلب إضافي","status":"passed","title":"حدث الشارة يحدّث العدّاد دون جلب إضافي","duration":78.28800000000047,"failureMessages":[],"meta":{}},{"ancestorTitles":["useForumUnreadCount"],"fullName":"useForumUnreadCount يوقف استطلاع الرئيسية عندما سطح المنتدى يملك الاستطلاع","status":"passed","title":"يوقف استطلاع الرئيسية عندما سطح المنتدى يملك الاستطلاع","duration":11.506100000000515,"failureMessages":[],"meta":{}}],"startTime":1788117423520,"endTime":1788117423699.506,"status":"passed","message":"","name":"C:/Users/HEX STORE/Downloads/New folder/src/app/hooks/__tests__/useForumUnreadCount.test.ts"},{"assertionResults":[{"ancestorTitles":["bumpThreadingCalendarSync"],"fullName":"bumpThreadingCalendarSync يُسقط التخطّي فيحفظ ثانٍ لمعاملة يُعاد مزامنته","status":"passed","title":"يُسقط التخطّي فيحفظ ثانٍ لمعاملة يُعاد مزامنته","duration":6.670799999999872,"failureMessages":[],"meta":{}},{"ancestorTitles":["bumpThreadingCalendarSync"],"fullName":"bumpThreadingCalendarSync لا يعلّم البصمة نجاحاً إذا فشلت مزامنة Threading","status":"passed","title":"لا يعلّم البصمة نجاحاً إذا فشلت مزامنة Threading","duration":1.320600000000013,"failureMessages":[],"meta":{}}],"startTime":1788117474445,"endTime":1788117474453.3206,"status":"passed","message":"","name":"C:/Users/HEX STORE/Downloads/New folder/src/app/hooks/__tests__/useIncrementalCalendarSync.threadingBump.test.ts"},{"assertionResults":[{"ancestorTitles":["useLawsuitFileMutations segment integrity"],"fullName":"useLawsuitFileMutations segment integrity handleDeleteFile ينقل الإضبارة النشطة إلى مقطع trash (لا soft-delete داخل active)","status":"passed","title":"handleDeleteFile ينقل الإضبارة النشطة إلى مقطع trash (لا soft-delete داخل active)","duration":25.126200000000154,"failureMessages":[],"meta":{}},{"ancestorTitles":["useLawsuitFileMutations segment integrity"],"fullName":"useLawsuitFileMutations segment integrity handleDeleteFile للحذف النهائي يضيف tombstone ويحذف من السحابة","status":"passed","title":"handleDeleteFile للحذف النهائي يضيف tombstone ويحذف من السحابة","duration":210.8062,"failureMessages":[],"meta":{}},{"ancestorTitles":["useLawsuitFileMutations segment integrity"],"fullName":"useLawsuitFileMutations segment integrity الحذف النهائي يبقى محلياً عندما سلة الملفات السحابية مطفأة","status":"passed","title":"الحذف النهائي يبقى محلياً عندما سلة الملفات السحابية مطفأة","duration":109.69920000000002,"failureMessages":[],"meta":{}},{"ancestorTitles":["useLawsuitFileMutations segment integrity"],"fullName":"useLawsuitFileMutations segment integrity لا يمسح القائمة المحلية قبل أن يُثبَّت الشاهد","status":"passed","title":"لا يمسح القائمة المحلية قبل أن يُثبَّت الشاهد","duration":18.44459999999981,"failureMessages":[],"meta":{}},{"ancestorTitles":["useLawsuitFileMutations segment integrity"],"fullName":"useLawsuitFileMutations segment integrity handleRestoreFile يستعيد من مقطع trash إلى active","status":"passed","title":"handleRestoreFile يستعيد من مقطع trash إلى active","duration":4.784699999999702,"failureMessages":[],"meta":{}}],"startTime":1788117419654,"endTime":1788117420022.7847,"status":"passed","message":"","name":"C:/Users/HEX STORE/Downloads/New folder/src/app/hooks/__tests__/useLawsuitFileMutations.persist.test.ts"},{"assertionResults":[{"ancestorTitles":["globalSearchNav — cover before close search"],"fullName":"globalSearchNav — cover before close search يفتح إضبارة التنفيذ ثم يغلق البحث داخل commit","status":"passed","title":"يفتح إضبارة التنفيذ ثم يغلق البحث داخل commit","duration":22.743599999999788,"failureMessages":[],"meta":{}},{"ancestorTitles":["globalSearchNav — cover before close search"],"fullName":"globalSearchNav — cover before close search يفتح الجنائي ثم يغلق البحث","status":"passed","title":"يفتح الجنائي ثم يغلق البحث","duration":2.8868999999999687,"failureMessages":[],"meta":{}},{"ancestorTitles":["globalSearchNav — cover before close search"],"fullName":"globalSearchNav — cover before close search يفتح القضية المدنية عبر العقد ثم يغلق","status":"passed","title":"يفتح القضية المدنية عبر العقد ثم يغلق","duration":2.4783000000002176,"failureMessages":[],"meta":{}}],"startTime":1788117448541,"endTime":1788117448569.4783,"status":"passed","message":"","name":"C:/Users/HEX STORE/Downloads/New folder/src/app/hooks/__tests__/useLawyerDashboardGlobalSearchNav.openCover.test.ts"},{"assertionResults":[{"ancestorTitles":["useLawyerDashboardNotifications"],"fullName":"useLawyerDashboardNotifications لا يفتح اللوحة تلقائياً","status":"passed","title":"لا يفتح اللوحة تلقائياً","duration":32.57769999999982,"failureMessages":[],"meta":{}},{"ancestorTitles":["useLawyerDashboardNotifications"],"fullName":"useLawyerDashboardNotifications لا يسخّن لوحة الإشعارات على mount الأول","status":"passed","title":"لا يسخّن لوحة الإشعارات على mount الأول","duration":3.526100000000042,"failureMessages":[],"meta":{}},{"ancestorTitles":["useLawyerDashboardNotifications"],"fullName":"useLawyerDashboardNotifications primeNotificationPanelMount ي prefetch فقط — بلا فتح","status":"passed","title":"primeNotificationPanelMount ي prefetch فقط — بلا فتح","duration":4.887299999999868,"failureMessages":[],"meta":{}},{"ancestorTitles":["useLawyerDashboardNotifications"],"fullName":"useLawyerDashboardNotifications يفتح لوحة الإشعارات للمستخدم المسجّل","status":"passed","title":"يفتح لوحة الإشعارات للمستخدم المسجّل","duration":157.61839999999984,"failureMessages":[],"meta":{}},{"ancestorTitles":["useLawyerDashboardNotifications"],"fullName":"useLawyerDashboardNotifications يرفض فتح الإشعارات بدون تسجيل دخول","status":"passed","title":"يرفض فتح الإشعارات بدون تسجيل دخول","duration":2.8654999999998836,"failureMessages":[],"meta":{}},{"ancestorTitles":["useLawyerDashboardNotifications"],"fullName":"useLawyerDashboardNotifications عند نجاح الورقة الأصلية لا يفتح الشلّ الويبي","status":"passed","title":"عند نجاح الورقة الأصلية لا يفتح الشلّ الويبي","duration":62.343700000000354,"failureMessages":[],"meta":{}},{"ancestorTitles":["useLawyerDashboardNotifications"],"fullName":"useLawyerDashboardNotifications closeNotifications يغلق اللوحة","status":"passed","title":"closeNotifications يغلق اللوحة","duration":370.65479999999934,"failureMessages":[],"meta":{}},{"ancestorTitles":["useLawyerDashboardNotifications"],"fullName":"useLawyerDashboardNotifications النقر الثاني على الجرس يُغلق اللوحة (toggle)","status":"passed","title":"النقر الثاني على الجرس يُغلق اللوحة (toggle)","duration":269.0803999999998,"failureMessages":[],"meta":{}},{"ancestorTitles":["useLawyerDashboardNotifications"],"fullName":"useLawyerDashboardNotifications يفتح مرة واحدة عند النقر الأول","status":"passed","title":"يفتح مرة واحدة عند النقر الأول","duration":18.78900000000067,"failureMessages":[],"meta":{}},{"ancestorTitles":["useLawyerDashboardNotifications"],"fullName":"useLawyerDashboardNotifications يغلق اللوحة عند dismiss-transient-overlays","status":"passed","title":"يغلق اللوحة عند dismiss-transient-overlays","duration":262.1318000000001,"failureMessages":[],"meta":{}},{"ancestorTitles":["useLawyerDashboardNotifications"],"fullName":"useLawyerDashboardNotifications يحفظ هبوط الورقة: closing يصمد وReact لا تُقتطع أثناء الحركة","status":"passed","title":"يحفظ هبوط الورقة: closing يصمد وReact لا تُقتطع أثناء الحركة","duration":110.56700000000001,"failureMessages":[],"meta":{}},{"ancestorTitles":["useLawyerDashboardNotifications"],"fullName":"useLawyerDashboardNotifications يمسح React عندما يُغلق snap دون closeNotifications","status":"passed","title":"يمسح React عندما يُغلق snap دون closeNotifications","duration":29.894000000000233,"failureMessages":[],"meta":{}}],"startTime":1788117406569,"endTime":1788117407894.894,"status":"passed","message":"","name":"C:/Users/HEX STORE/Downloads/New folder/src/app/hooks/__tests__/useLawyerDashboardNotifications.test.ts"},{"assertionResults":[{"ancestorTitles":["openCriminalCase — عبر criminalOpenContract"],"fullName":"openCriminalCase — عبر criminalOpenContract يركب caseId فوراً عبر العقد","status":"passed","title":"يركب caseId فوراً عبر العقد","duration":32.33420000000024,"failureMessages":[],"meta":{}},{"ancestorTitles":["openCriminalCase — عبر criminalOpenContract"],"fullName":"openCriminalCase — عبر criminalOpenContract يرفض الفتح بدون جلسة محلية","status":"passed","title":"يرفض الفتح بدون جلسة محلية","duration":9.215400000000045,"failureMessages":[],"meta":{}},{"ancestorTitles":["openCriminalCase — عبر criminalOpenContract"],"fullName":"openCriminalCase — عبر criminalOpenContract من مخزن الدعاوى: الإغلاق يعيد مساحة الدعاوى","status":"passed","title":"من مخزن الدعاوى: الإغلاق يعيد مساحة الدعاوى","duration":14.56399999999985,"failureMessages":[],"meta":{}},{"ancestorTitles":["openCriminalCase — عبر criminalOpenContract"],"fullName":"openCriminalCase — عبر criminalOpenContract بدون fromLawsuitsWorkspace: يغلق مساحة الدعاوى عند الفتح","status":"passed","title":"بدون fromLawsuitsWorkspace: يغلق مساحة الدعاوى عند الفتح","duration":62.583500000000186,"failureMessages":[],"meta":{}}],"startTime":1788117435797,"endTime":1788117435915.5835,"status":"passed","message":"","name":"C:/Users/HEX STORE/Downloads/New folder/src/app/hooks/__tests__/useLawyerDashboardOverlays.criminalOpen.test.ts"},{"assertionResults":[{"ancestorTitles":["useLawyerDashboardOverlays — لا يملك حالة المنتدى"],"fullName":"useLawyerDashboardOverlays — لا يملك حالة المنتدى لا يعرّض openCommunityTab","status":"passed","title":"لا يعرّض openCommunityTab","duration":21.709199999999328,"failureMessages":[],"meta":{}}],"startTime":1788117458082,"endTime":1788117458103.7092,"status":"passed","message":"","name":"C:/Users/HEX STORE/Downloads/New folder/src/app/hooks/__tests__/useLawyerDashboardOverlays.forum.test.ts"},{"assertionResults":[{"ancestorTitles":["useLawyerDashboardOverlays — الضيف التجريبي"],"fullName":"useLawyerDashboardOverlays — الضيف التجريبي لا يملك مسار فتح البحث (نُقل إلى useLawyerDashboardGlobalSearch)","status":"passed","title":"لا يملك مسار فتح البحث (نُقل إلى useLawyerDashboardGlobalSearch)","duration":21.828099999999722,"failureMessages":[],"meta":{}},{"ancestorTitles":["useLawyerDashboardOverlays — الضيف التجريبي"],"fullName":"useLawyerDashboardOverlays — الضيف التجريبي إعادة التركيب أثناء جلسة فتح تبقي تبويب الملف","status":"passed","title":"إعادة التركيب أثناء جلسة فتح تبقي تبويب الملف","duration":4.940900000000056,"failureMessages":[],"meta":{}}],"startTime":1788117432813,"endTime":1788117432839.941,"status":"passed","message":"","name":"C:/Users/HEX STORE/Downloads/New folder/src/app/hooks/__tests__/useLawyerDashboardOverlays.guest.test.ts"},{"assertionResults":[{"ancestorTitles":["useLawyerDashboardOverlays — لا يملك حالة البحث الشامل"],"fullName":"useLawyerDashboardOverlays — لا يملك حالة البحث الشامل لا يعرّض openGlobalSearch","status":"passed","title":"لا يعرّض openGlobalSearch","duration":22.853699999999662,"failureMessages":[],"meta":{}}],"startTime":1788117456878,"endTime":1788117456900.8538,"status":"passed","message":"","name":"C:/Users/HEX STORE/Downloads/New folder/src/app/hooks/__tests__/useLawyerDashboardOverlays.search.test.ts"},{"assertionResults":[{"ancestorTitles":["useLawyerDashboardOverlays — الإعدادات (legacy)"],"fullName":"useLawyerDashboardOverlays — الإعدادات (legacy) يُعاد توجيه الاختبار إلى useLawyerDashboardSettings","status":"passed","title":"يُعاد توجيه الاختبار إلى useLawyerDashboardSettings","duration":669.8082000000004,"failureMessages":[],"meta":{}}],"startTime":1788117411578,"endTime":1788117412247.808,"status":"passed","message":"","name":"C:/Users/HEX STORE/Downloads/New folder/src/app/hooks/__tests__/useLawyerDashboardOverlays.settings.test.ts"},{"assertionResults":[{"ancestorTitles":["useLawyerDashboardOverlays — لا يملك حالة المعاملات"],"fullName":"useLawyerDashboardOverlays — لا يملك حالة المعاملات لا يعرّض openTransactionsHub","status":"passed","title":"لا يعرّض openTransactionsHub","duration":21.316299999999956,"failureMessages":[],"meta":{}}],"startTime":1788117452865,"endTime":1788117452886.3164,"status":"passed","message":"","name":"C:/Users/HEX STORE/Downloads/New folder/src/app/hooks/__tests__/useLawyerDashboardOverlays.transactions.test.ts"},{"assertionResults":[{"ancestorTitles":["useLawyerProfileHeader"],"fullName":"useLawyerProfileHeader يستخدم الاسم الافتراضي بدون userId","status":"passed","title":"يستخدم الاسم الافتراضي بدون userId","duration":18.167500000000018,"failureMessages":[],"meta":{}},{"ancestorTitles":["useLawyerProfileHeader"],"fullName":"useLawyerProfileHeader يحمّل الاسم والصورة من ProfileDB","status":"passed","title":"يحمّل الاسم والصورة من ProfileDB","duration":133.44950000000017,"failureMessages":[],"meta":{}},{"ancestorTitles":["useLawyerProfileHeader"],"fullName":"useLawyerProfileHeader يطبّق الكاش الدافئ فوراً ثم يجلب التحديث في الخلفية","status":"passed","title":"يطبّق الكاش الدافئ فوراً ثم يجلب التحديث في الخلفية","duration":3.405899999999747,"failureMessages":[],"meta":{}},{"ancestorTitles":["useLawyerProfileHeader"],"fullName":"useLawyerProfileHeader يرفض صورة غير آمنة من السحابة ويبقي الحقل فارغاً","status":"passed","title":"يرفض صورة غير آمنة من السحابة ويبقي الحقل فارغاً","duration":73.90200000000004,"failureMessages":[],"meta":{}},{"ancestorTitles":["useLawyerProfileHeader"],"fullName":"useLawyerProfileHeader يحدّث الهيدر عند LAWYER_PROFILE_UPDATED لنفس المستخدم","status":"passed","title":"يحدّث الهيدر عند LAWYER_PROFILE_UPDATED لنفس المستخدم","duration":175.8193999999994,"failureMessages":[],"meta":{}},{"ancestorTitles":["useLawyerProfileHeader"],"fullName":"useLawyerProfileHeader لا يعيد الجلب عند metadata جديدة بنفس المحتوى","status":"passed","title":"لا يعيد الجلب عند metadata جديدة بنفس المحتوى","duration":36.30869999999959,"failureMessages":[],"meta":{}},{"ancestorTitles":["useLawyerProfileHeader"],"fullName":"useLawyerProfileHeader لا يختصر الاسم الكامل إلى بادئة بعد جلب الملف","status":"passed","title":"لا يختصر الاسم الكامل إلى بادئة بعد جلب الملف","duration":25.556000000000495,"failureMessages":[],"meta":{}},{"ancestorTitles":["useLawyerProfileHeader"],"fullName":"useLawyerProfileHeader لا يثبّت اسم JWT القصير قبل الاسم الكامل من الملف","status":"passed","title":"لا يثبّت اسم JWT القصير قبل الاسم الكامل من الملف","duration":88.68369999999959,"failureMessages":[],"meta":{}},{"ancestorTitles":["useLawyerProfileHeader"],"fullName":"useLawyerProfileHeader لا يرجع اسم الحفظ في الكاش الدافئ إلى جلب قرص قديم","status":"passed","title":"لا يرجع اسم الحفظ في الكاش الدافئ إلى جلب قرص قديم","duration":4.825699999999415,"failureMessages":[],"meta":{}}],"startTime":1788117411606,"endTime":1788117412170.8257,"status":"passed","message":"","name":"C:/Users/HEX STORE/Downloads/New folder/src/app/hooks/__tests__/useLawyerProfileHeader.test.ts"},{"assertionResults":[{"ancestorTitles":["useMobileKeyboardInset native dual-path"],"fullName":"useMobileKeyboardInset native dual-path على الويب يعتمد visualViewport فقط","status":"passed","title":"على الويب يعتمد visualViewport فقط","duration":17.78520000000026,"failureMessages":[],"meta":{}},{"ancestorTitles":["useMobileKeyboardInset native dual-path"],"fullName":"useMobileKeyboardInset native dual-path على الأصلي يستمع لـ Keyboard plugin ويمنع خلط ارتفاع صفري مضاعف","status":"passed","title":"على الأصلي يستمع لـ Keyboard plugin ويمنع خلط ارتفاع صفري مضاعف","duration":21.102000000000317,"failureMessages":[],"meta":{}}],"startTime":1788117440714,"endTime":1788117440753.102,"status":"passed","message":"","name":"C:/Users/HEX STORE/Downloads/New folder/src/app/hooks/__tests__/useMobileKeyboardInset.native.test.ts"},{"assertionResults":[{"ancestorTitles":["useOpaqueFeatureSurface"],"fullName":"useOpaqueFeatureSurface يضبط theme-color والجسم إلى كروم معتم عند التفعيل","status":"passed","title":"يضبط theme-color والجسم إلى كروم معتم عند التفعيل","duration":49.25759999999991,"failureMessages":[],"meta":{}},{"ancestorTitles":["useOpaqueFeatureSurface"],"fullName":"useOpaqueFeatureSurface لا يفعل شيئاً عندما active=false","status":"passed","title":"لا يفعل شيئاً عندما active=false","duration":2.3043000000002394,"failureMessages":[],"meta":{}},{"ancestorTitles":["useOpaqueFeatureSurface"],"fullName":"useOpaqueFeatureSurface يطلي SafeView اللوحة بنفس كروم الشاشة المعتمة","status":"passed","title":"يطلي SafeView اللوحة بنفس كروم الشاشة المعتمة","duration":32.61419999999998,"failureMessages":[],"meta":{}}],"startTime":1788117435346,"endTime":1788117435430.6143,"status":"passed","message":"","name":"C:/Users/HEX STORE/Downloads/New folder/src/app/hooks/__tests__/useOpaqueFeatureSurface.test.ts"},{"assertionResults":[{"ancestorTitles":["useOverlayCloseArm"],"fullName":"useOverlayCloseArm blocks close until armed after open","status":"passed","title":"blocks close until armed after open","duration":22.362300000000232,"failureMessages":[],"meta":{}},{"ancestorTitles":["useOverlayCloseArm"],"fullName":"useOverlayCloseArm arms shortly after pointerup","status":"passed","title":"arms shortly after pointerup","duration":5.157799999999952,"failureMessages":[],"meta":{}},{"ancestorTitles":["useOverlayCloseArm"],"fullName":"useOverlayCloseArm force close bypasses arm window","status":"passed","title":"force close bypasses arm window","duration":3.130999999999858,"failureMessages":[],"meta":{}}],"startTime":1788117450315,"endTime":1788117450346.131,"status":"passed","message":"","name":"C:/Users/HEX STORE/Downloads/New folder/src/app/hooks/__tests__/useOverlayCloseArm.test.ts"},{"assertionResults":[{"ancestorTitles":["useQuantumTaskLifecycleMutations"],"fullName":"useQuantumTaskLifecycleMutations toggleTaskPinnedToFieldCurtain keeps a single pin","status":"passed","title":"toggleTaskPinnedToFieldCurtain keeps a single pin","duration":19.201600000000326,"failureMessages":[],"meta":{}},{"ancestorTitles":["useQuantumTaskLifecycleMutations"],"fullName":"useQuantumTaskLifecycleMutations toggleTaskPinnedToFieldCurtain ignores fatal deadlines","status":"passed","title":"toggleTaskPinnedToFieldCurtain ignores fatal deadlines","duration":1.8841999999999643,"failureMessages":[],"meta":{}},{"ancestorTitles":["useQuantumTaskLifecycleMutations"],"fullName":"useQuantumTaskLifecycleMutations toggleTaskFatalDeadline clears a field-curtain pin","status":"passed","title":"toggleTaskFatalDeadline clears a field-curtain pin","duration":2.0914999999999964,"failureMessages":[],"meta":{}},{"ancestorTitles":["useQuantumTaskLifecycleMutations"],"fullName":"useQuantumTaskLifecycleMutations completeTask stamps completedAt and clears the field-curtain pin","status":"passed","title":"completeTask stamps completedAt and clears the field-curtain pin","duration":2.31269999999995,"failureMessages":[],"meta":{}},{"ancestorTitles":["useQuantumTaskLifecycleMutations"],"fullName":"useQuantumTaskLifecycleMutations deleteTask removes a voice attachment when present","status":"passed","title":"deleteTask removes a voice attachment when present","duration":84.05329999999958,"failureMessages":[],"meta":{}}],"startTime":1788117431200,"endTime":1788117431309.0532,"status":"passed","message":"","name":"C:/Users/HEX STORE/Downloads/New folder/src/app/hooks/__tests__/useQuantumTaskLifecycleMutations.test.ts"},{"assertionResults":[{"ancestorTitles":["useQuantumTasks"],"fullName":"useQuantumTasks addTask returns null for empty or oversized input","status":"passed","title":"addTask returns null for empty or oversized input","duration":19.672599999999875,"failureMessages":[],"meta":{}},{"ancestorTitles":["useQuantumTasks"],"fullName":"useQuantumTasks addTask appends pending task and keeps in agenda after complete until week ends","status":"passed","title":"addTask appends pending task and keeps in agenda after complete until week ends","duration":5.758800000000065,"failureMessages":[],"meta":{}},{"ancestorTitles":["useQuantumTasks"],"fullName":"useQuantumTasks addWeeklyLocationBundle creates parent with sub tasks","status":"passed","title":"addWeeklyLocationBundle creates parent with sub tasks","duration":2.69170000000031,"failureMessages":[],"meta":{}},{"ancestorTitles":["useQuantumTasks"],"fullName":"useQuantumTasks addWeeklyLocationBundle with details string creates task without sub tasks","status":"passed","title":"addWeeklyLocationBundle with details string creates task without sub tasks","duration":2.5888999999997395,"failureMessages":[],"meta":{}},{"ancestorTitles":["useQuantumTasks"],"fullName":"useQuantumTasks notifies onTasksCommitted with the post-update task list","status":"passed","title":"notifies onTasksCommitted with the post-update task list","duration":3.1158000000000357,"failureMessages":[],"meta":{}},{"ancestorTitles":["useQuantumTasks"],"fullName":"useQuantumTasks toggleTaskPinnedToFieldCurtain pins only the target task","status":"passed","title":"toggleTaskPinnedToFieldCurtain pins only the target task","duration":2.393300000000181,"failureMessages":[],"meta":{}},{"ancestorTitles":["useQuantumTasks"],"fullName":"useQuantumTasks toggleTaskPinnedToFieldCurtain ignores fatal deadlines","status":"passed","title":"toggleTaskPinnedToFieldCurtain ignores fatal deadlines","duration":1.557800000000043,"failureMessages":[],"meta":{}},{"ancestorTitles":["useQuantumTasks"],"fullName":"useQuantumTasks addTaskFromVoice persists voice blob and creates task with voice fields","status":"passed","title":"addTaskFromVoice persists voice blob and creates task with voice fields","duration":3.046899999999823,"failureMessages":[],"meta":{}},{"ancestorTitles":["useQuantumTasks"],"fullName":"useQuantumTasks deleteTask removes voice attachment when voiceRef is set","status":"passed","title":"deleteTask removes voice attachment when voiceRef is set","duration":74.63410000000022,"failureMessages":[],"meta":{}},{"ancestorTitles":["useQuantumTasks"],"fullName":"useQuantumTasks releaseExpiredFieldCurtainPins keeps today pin when parsedDate is in the past","status":"passed","title":"releaseExpiredFieldCurtainPins keeps today pin when parsedDate is in the past","duration":2.743199999999888,"failureMessages":[],"meta":{}},{"ancestorTitles":["useQuantumTasks"],"fullName":"useQuantumTasks reopenTask يعيد مهمة الأرشيف إلى اليوم الحالي","status":"passed","title":"reopenTask يعيد مهمة الأرشيف إلى اليوم الحالي","duration":4.8895000000002256,"failureMessages":[],"meta":{}},{"ancestorTitles":["useQuantumTasks"],"fullName":"useQuantumTasks updateTask cannot rewrite id and clamps title","status":"passed","title":"updateTask cannot rewrite id and clamps title","duration":2.326400000000376,"failureMessages":[],"meta":{}},{"ancestorTitles":["useQuantumTasks"],"fullName":"useQuantumTasks addWeeklyLocationBundle clamps oversized location","status":"passed","title":"addWeeklyLocationBundle clamps oversized location","duration":1.14449999999988,"failureMessages":[],"meta":{}}],"startTime":1788117429544,"endTime":1788117429671.1445,"status":"passed","message":"","name":"C:/Users/HEX STORE/Downloads/New folder/src/app/hooks/__tests__/useQuantumTasks.test.ts"},{"assertionResults":[{"ancestorTitles":["useReduceMotion DOM behavior"],"fullName":"useReduceMotion DOM behavior يحترم data-hami-reduce-motion من DOM","status":"passed","title":"يحترم data-hami-reduce-motion من DOM","duration":23.122299999999996,"failureMessages":[],"meta":{}},{"ancestorTitles":["useReduceMotion DOM behavior"],"fullName":"useReduceMotion DOM behavior يتحدّث فوراً عند تغيير data-hami-animations","status":"passed","title":"يتحدّث فوراً عند تغيير data-hami-animations","duration":108.4055000000003,"failureMessages":[],"meta":{}}],"startTime":1788117431724,"endTime":1788117431855.4055,"status":"passed","message":"","name":"C:/Users/HEX STORE/Downloads/New folder/src/app/hooks/__tests__/useReduceMotion.dom.test.ts"},{"assertionResults":[{"ancestorTitles":["useScrollSafePress"],"fullName":"useScrollSafePress يفتح عند pointerup بدون حركة","status":"passed","title":"يفتح عند pointerup بدون حركة","duration":42.040899999999965,"failureMessages":[],"meta":{}},{"ancestorTitles":["useScrollSafePress"],"fullName":"useScrollSafePress لا يفتح عند تجاوز slop","status":"passed","title":"لا يفتح عند تجاوز slop","duration":4.547100000000228,"failureMessages":[],"meta":{}}],"startTime":1788117440359,"endTime":1788117440406.547,"status":"passed","message":"","name":"C:/Users/HEX STORE/Downloads/New folder/src/app/hooks/__tests__/useScrollSafePress.test.tsx"},{"assertionResults":[{"ancestorTitles":["useSheetSwipeDismiss"],"fullName":"useSheetSwipeDismiss يغلق عند السحب للأسفل فوق العتبة","status":"passed","title":"يغلق عند السحب للأسفل فوق العتبة","duration":17.913900000000012,"failureMessages":[],"meta":{}},{"ancestorTitles":["useSheetSwipeDismiss"],"fullName":"useSheetSwipeDismiss يغلق بسحب الفأرة فوق العتبة","status":"passed","title":"يغلق بسحب الفأرة فوق العتبة","duration":2.202700000000277,"failureMessages":[],"meta":{}},{"ancestorTitles":["useSheetSwipeDismiss"],"fullName":"useSheetSwipeDismiss لا يغلق عند سحب قصير","status":"passed","title":"لا يغلق عند سحب قصير","duration":2.142099999999573,"failureMessages":[],"meta":{}},{"ancestorTitles":["useSheetSwipeDismiss"],"fullName":"useSheetSwipeDismiss لا يغلق عندما يكون معطّلاً","status":"passed","title":"لا يغلق عندما يكون معطّلاً","duration":1.8710999999998421,"failureMessages":[],"meta":{}},{"ancestorTitles":["useSheetSwipeDismiss"],"fullName":"useSheetSwipeDismiss يتابع الإصبع دون إغلاق تحت العتبة","status":"passed","title":"يتابع الإصبع دون إغلاق تحت العتبة","duration":5.761099999999715,"failureMessages":[],"meta":{}},{"ancestorTitles":["useSheetSwipeDismiss"],"fullName":"useSheetSwipeDismiss يغلق بالمتابعة فوق العتبة ويبقي الإزاحة للإغلاق","status":"passed","title":"يغلق بالمتابعة فوق العتبة ويبقي الإزاحة للإغلاق","duration":1.706000000000131,"failureMessages":[],"meta":{}}],"startTime":1788117446392,"endTime":1788117446423.706,"status":"passed","message":"","name":"C:/Users/HEX STORE/Downloads/New folder/src/app/hooks/__tests__/useSheetSwipeDismiss.test.ts"},{"assertionResults":[{"ancestorTitles":["useVisualViewportFixedBox"],"fullName":"useVisualViewportFixedBox يعيد فارغاً عند التعطيل","status":"passed","title":"يعيد فارغاً عند التعطيل","duration":17.19230000000016,"failureMessages":[],"meta":{}},{"ancestorTitles":["useVisualViewportFixedBox"],"fullName":"useVisualViewportFixedBox يثبّت الصندوق على visualViewport ويكتشف الكيبورد","status":"passed","title":"يثبّت الصندوق على visualViewport ويكتشف الكيبورد","duration":32.36160000000018,"failureMessages":[],"meta":{}}],"startTime":1788117439031,"endTime":1788117439080.3616,"status":"passed","message":"","name":"C:/Users/HEX STORE/Downloads/New folder/src/app/hooks/__tests__/useVisualViewportFixedBox.test.ts"},{"assertionResults":[{"ancestorTitles":["abandoned feature wipe honesty"],"fullName":"abandoned feature wipe honesty OCR والمحرّك المساعد محذوفان","status":"passed","title":"OCR والمحرّك المساعد محذوفان","duration":3.424199999999928,"failureMessages":[],"meta":{}},{"ancestorTitles":["abandoned feature wipe honesty"],"fullName":"abandoned feature wipe honesty secretaryEnabled وعدّاد سبارك وعارض الزيارة المهجور محذوفة","status":"passed","title":"secretaryEnabled وعدّاد سبارك وعارض الزيارة المهجور محذوفة","duration":2.5684000000001106,"failureMessages":[],"meta":{}},{"ancestorTitles":["abandoned feature wipe honesty"],"fullName":"abandoned feature wipe honesty جدول RAG ودالة daily-auditor وأرشيف التسجيل غير الموصول محذوفة","status":"passed","title":"جدول RAG ودالة daily-auditor وأرشيف التسجيل غير الموصول محذوفة","duration":2.7309000000000196,"failureMessages":[],"meta":{}},{"ancestorTitles":["abandoned feature wipe honesty"],"fullName":"abandoned feature wipe honesty مالية معاملات مهجورة: لا تبويب ولا كتابة ولا مزامنة تقويم","status":"passed","title":"مالية معاملات مهجورة: لا تبويب ولا كتابة ولا مزامنة تقويم","duration":1.5464999999999236,"failureMessages":[],"meta":{}},{"ancestorTitles":["abandoned feature wipe honesty"],"fullName":"abandoned feature wipe honesty سوق النجدة/الاستشارة الفورية وصندوق طلبات التوكيل محذوفة","status":"passed","title":"سوق النجدة/الاستشارة الفورية وصندوق طلبات التوكيل محذوفة","duration":7.934999999999945,"failureMessages":[],"meta":{}},{"ancestorTitles":["abandoned feature wipe honesty"],"fullName":"abandoned feature wipe honesty حدّ المعدّل في المتصفح متقاعد — الحماية على الخادم عبر wifeRateLimitStore","status":"passed","title":"حدّ المعدّل في المتصفح متقاعد — الحماية على الخادم عبر wifeRateLimitStore","duration":1.2944000000002234,"failureMessages":[],"meta":{}}],"startTime":1788117459899,"endTime":1788117459918.2944,"status":"passed","message":"","name":"C:/Users/HEX STORE/Downloads/New folder/src/app/runtime/__tests__/abandonedFeatureWipeHonesty.test.ts"},{"assertionResults":[{"ancestorTitles":["android splash PNG hygiene"],"fullName":"android splash PNG hygiene lists splash.png under drawable* and removes empty density folders","status":"passed","title":"lists splash.png under drawable* and removes empty density folders","duration":12.375499999999647,"failureMessages":[],"meta":{}},{"ancestorTitles":["android splash PNG hygiene"],"fullName":"android splash PNG hygiene returns empty when res dir is missing","status":"passed","title":"returns empty when res dir is missing","duration":0.9256000000000313,"failureMessages":[],"meta":{}}],"startTime":1788117462196,"endTime":1788117462209.9255,"status":"passed","message":"","name":"C:/Users/HEX STORE/Downloads/New folder/src/app/runtime/__tests__/androidSplashPngHygiene.test.ts"},{"assertionResults":[{"ancestorTitles":["appLockInstantPaint"],"fullName":"appLockInstantPaint يفتح ويغلق علم html","status":"passed","title":"يفتح ويغلق علم html","duration":3.4850000000001273,"failureMessages":[],"meta":{}}],"startTime":1788117500831,"endTime":1788117500834.485,"status":"passed","message":"","name":"C:/Users/HEX STORE/Downloads/New folder/src/app/runtime/__tests__/appLockInstantPaint.test.ts"},{"assertionResults":[{"ancestorTitles":["appServiceWorker — تسجيل واحد لا يُهدر شبكة المستخدم"],"fullName":"appServiceWorker — تسجيل واحد لا يُهدر شبكة المستخدم لا يُسجّل داخل الغلاف الأصلي ويُزيل ما بقي من عامل سابق","status":"passed","title":"لا يُسجّل داخل الغلاف الأصلي ويُزيل ما بقي من عامل سابق","duration":39.39710000000014,"failureMessages":[],"meta":{}},{"ancestorTitles":["appServiceWorker — تسجيل واحد لا يُهدر شبكة المستخدم"],"fullName":"appServiceWorker — تسجيل واحد لا يُهدر شبكة المستخدم يُسجّل على الويب بسياسة updateViaCache=none","status":"passed","title":"يُسجّل على الويب بسياسة updateViaCache=none","duration":5.579000000000178,"failureMessages":[],"meta":{}},{"ancestorTitles":["appServiceWorker — تسجيل واحد لا يُهدر شبكة المستخدم"],"fullName":"appServiceWorker — تسجيل واحد لا يُهدر شبكة المستخدم لا يُكرّر التسجيل عند النداء مرتين","status":"passed","title":"لا يُكرّر التسجيل عند النداء مرتين","duration":5.607300000000123,"failureMessages":[],"meta":{}},{"ancestorTitles":["appServiceWorker — تسجيل واحد لا يُهدر شبكة المستخدم"],"fullName":"appServiceWorker — تسجيل واحد لا يُهدر شبكة المستخدم صفحة مُدارة منذ البداية لا تُسخَّن — لا تنزيل ثانٍ للقشرة","status":"passed","title":"صفحة مُدارة منذ البداية لا تُسخَّن — لا تنزيل ثانٍ للقشرة","duration":3.424199999999928,"failureMessages":[],"meta":{}},{"ancestorTitles":["appServiceWorker — تسجيل واحد لا يُهدر شبكة المستخدم"],"fullName":"appServiceWorker — تسجيل واحد لا يُهدر شبكة المستخدم أول تحميل غير مُدار يُفوّض التسخين إلى العامل عبر رسالة","status":"passed","title":"أول تحميل غير مُدار يُفوّض التسخين إلى العامل عبر رسالة","duration":73.07830000000013,"failureMessages":[],"meta":{}},{"ancestorTitles":["public/sw.js — عقد ثابت لا يُنقض بصمت"],"fullName":"public/sw.js — عقد ثابت لا يُنقض بصمت اسم الذاكرة مختوم عند البناء لا مكتوب باليد","status":"passed","title":"اسم الذاكرة مختوم عند البناء لا مكتوب باليد","duration":0.42059999999992215,"failureMessages":[],"meta":{}},{"ancestorTitles":["public/sw.js — عقد ثابت لا يُنقض بصمت"],"fullName":"public/sw.js — عقد ثابت لا يُنقض بصمت لا يعترض ما لا يخزّنه — إقلاع العامل ليس ضريبة على كل طلب","status":"passed","title":"لا يعترض ما لا يخزّنه — إقلاع العامل ليس ضريبة على كل طلب","duration":0.2272000000002663,"failureMessages":[],"meta":{}},{"ancestorTitles":["public/sw.js — عقد ثابت لا يُنقض بصمت"],"fullName":"public/sw.js — عقد ثابت لا يُنقض بصمت لا يستثني ملفات css الجذرية بحجّة وضع التطوير","status":"passed","title":"لا يستثني ملفات css الجذرية بحجّة وضع التطوير","duration":0.22779999999966094,"failureMessages":[],"meta":{}},{"ancestorTitles":["public/sw.js — عقد ثابت لا يُنقض بصمت"],"fullName":"public/sw.js — عقد ثابت لا يُنقض بصمت نقرة الإشعار تُقارن الأصل لا السلسلة \"/\"","status":"passed","title":"نقرة الإشعار تُقارن الأصل لا السلسلة \"/\"","duration":0.291700000000219,"failureMessages":[],"meta":{}},{"ancestorTitles":["public/sw.js — عقد ثابت لا يُنقض بصمت"],"fullName":"public/sw.js — عقد ثابت لا يُنقض بصمت لا مزامنة خلفية صورية بلا منطق","status":"passed","title":"لا مزامنة خلفية صورية بلا منطق","duration":0.28389999999990323,"failureMessages":[],"meta":{}},{"ancestorTitles":["public/sw.js — عقد ثابت لا يُنقض بصمت"],"fullName":"public/sw.js — عقد ثابت لا يُنقض بصمت الحذف عند التفعيل مقصور على ذاكرات هذا التطبيق","status":"passed","title":"الحذف عند التفعيل مقصور على ذاكرات هذا التطبيق","duration":0.18069999999988795,"failureMessages":[],"meta":{}}],"startTime":1788117428945,"endTime":1788117429074.1807,"status":"passed","message":"","name":"C:/Users/HEX STORE/Downloads/New folder/src/app/runtime/__tests__/appServiceWorker.test.ts"},{"assertionResults":[{"ancestorTitles":["appStateEvents"],"fullName":"appStateEvents ينشر حالة النشاط","status":"passed","title":"ينشر حالة النشاط","duration":3.5131000000001222,"failureMessages":[],"meta":{}}],"startTime":1788117506209,"endTime":1788117506212.5132,"status":"passed","message":"","name":"C:/Users/HEX STORE/Downloads/New folder/src/app/runtime/__tests__/appStateEvents.test.ts"},{"assertionResults":[{"ancestorTitles":["auth lane boot honesty"],"fullName":"auth lane boot honesty مسار الهوية لا يسحب FullBoot ساكناً من البوابة","status":"passed","title":"مسار الهوية لا يسحب FullBoot ساكناً من البوابة","duration":4.091100000000097,"failureMessages":[],"meta":{}},{"ancestorTitles":["auth lane boot honesty"],"fullName":"auth lane boot honesty Inner ما زال يسحب FullBoot ساكناً بعد عبور الهوية","status":"passed","title":"Inner ما زال يسحب FullBoot ساكناً بعد عبور الهوية","duration":0.45049999999991996,"failureMessages":[],"meta":{}}],"startTime":1788117492140,"endTime":1788117492144.4504,"status":"passed","message":"","name":"C:/Users/HEX STORE/Downloads/New folder/src/app/runtime/__tests__/authLaneBootHonesty.test.ts"},{"assertionResults":[{"ancestorTitles":["startBackgroundInterval"],"fullName":"startBackgroundInterval ينبض دورياً حين تكون الصفحة ظاهرة","status":"passed","title":"ينبض دورياً حين تكون الصفحة ظاهرة","duration":6.73279999999977,"failureMessages":[],"meta":{}},{"ancestorTitles":["startBackgroundInterval"],"fullName":"startBackgroundInterval يتوقّف عن النبض حين تُخفى الصفحة — لا بطارية في عملٍ لا يراه أحد","status":"passed","title":"يتوقّف عن النبض حين تُخفى الصفحة — لا بطارية في عملٍ لا يراه أحد","duration":1.3055999999996857,"failureMessages":[],"meta":{}},{"ancestorTitles":["startBackgroundInterval"],"fullName":"startBackgroundInterval يستأنف عند العودة للظهور، وينجز ما تراكم مرّة واحدة","status":"passed","title":"يستأنف عند العودة للظهور، وينجز ما تراكم مرّة واحدة","duration":1.0610999999998967,"failureMessages":[],"meta":{}},{"ancestorTitles":["startBackgroundInterval"],"fullName":"startBackgroundInterval يعود بعد ذاكرة الصفحة — وهذا موضع العطل في النمط القديم","status":"passed","title":"يعود بعد ذاكرة الصفحة — وهذا موضع العطل في النمط القديم","duration":0.8547000000003209,"failureMessages":[],"meta":{}},{"ancestorTitles":["startBackgroundInterval"],"fullName":"startBackgroundInterval تركيبٌ ثانٍ بنفس المفتاح يُوقف الأوّل — لا مضاعفة عمل","status":"passed","title":"تركيبٌ ثانٍ بنفس المفتاح يُوقف الأوّل — لا مضاعفة عمل","duration":0.8532000000000153,"failureMessages":[],"meta":{}},{"ancestorTitles":["startBackgroundInterval"],"fullName":"startBackgroundInterval الإيقاف يُزيل المستمعين — لا يُستأنف بعده شيء","status":"passed","title":"الإيقاف يُزيل المستمعين — لا يُستأنف بعده شيء","duration":0.7265999999999622,"failureMessages":[],"meta":{}},{"ancestorTitles":["startBackgroundInterval"],"fullName":"startBackgroundInterval يتوقف عند حالة التطبيق الأصلية غير النشطة","status":"passed","title":"يتوقف عند حالة التطبيق الأصلية غير النشطة","duration":1.0644999999999527,"failureMessages":[],"meta":{}}],"startTime":1788117465098,"endTime":1788117465111.0645,"status":"passed","message":"","name":"C:/Users/HEX STORE/Downloads/New folder/src/app/runtime/__tests__/backgroundInterval.test.ts"},{"assertionResults":[{"ancestorTitles":["biggest bottleneck honesty — home / dossiers / execution"],"fullName":"biggest bottleneck honesty — home / dossiers / execution HomeTab لا يستورد أضابير التنفيذ/الجزائي/الملف الذكي استيراداً ثابتاً","status":"passed","title":"HomeTab لا يستورد أضابير التنفيذ/الجزائي/الملف الذكي استيراداً ثابتاً","duration":3.6439000000000306,"failureMessages":[],"meta":{}},{"ancestorTitles":["biggest bottleneck honesty — home / dossiers / execution"],"fullName":"biggest bottleneck honesty — home / dossiers / execution CSS الحرج يبقى لأول رسم + قفل الطبقات؛ بلا دخول شبكة تزييني","status":"passed","title":"CSS الحرج يبقى لأول رسم + قفل الطبقات؛ بلا دخول شبكة تزييني","duration":2.5978000000000065,"failureMessages":[],"meta":{}},{"ancestorTitles":["biggest bottleneck honesty — home / dossiers / execution"],"fullName":"biggest bottleneck honesty — home / dossiers / execution إقلاع التنفيذ لا يسحب CSS الأضابير؛ الفتح يسحب ورقة التنفيذ فقط","status":"passed","title":"إقلاع التنفيذ لا يسحب CSS الأضابير؛ الفتح يسحب ورقة التنفيذ فقط","duration":0.9968999999996413,"failureMessages":[],"meta":{}},{"ancestorTitles":["biggest bottleneck honesty — home / dossiers / execution"],"fullName":"biggest bottleneck honesty — home / dossiers / execution ملفات التوافق المدمجة لا تُستورد من runtime","status":"passed","title":"ملفات التوافق المدمجة لا تُستورد من runtime","duration":0.5059000000001106,"failureMessages":[],"meta":{}}],"startTime":1788117472674,"endTime":1788117472681.5059,"status":"passed","message":"","name":"C:/Users/HEX STORE/Downloads/New folder/src/app/runtime/__tests__/biggestBottleneckHonesty.test.ts"},{"assertionResults":[{"ancestorTitles":["warm TTFI LD preload scheduling honesty"],"fullName":"warm TTFI LD preload scheduling honesty mountApplication لا يحجب createRoot على InnerRuntime","status":"passed","title":"mountApplication لا يحجب createRoot على InnerRuntime","duration":3.407799999999952,"failureMessages":[],"meta":{}},{"ancestorTitles":["warm TTFI LD preload scheduling honesty"],"fullName":"warm TTFI LD preload scheduling honesty index.tsx يبدأ stem اللوحة عبر shouldPreloadLawyerDashboardBoard ثم preload عبر bootCriticalPreload","status":"passed","title":"index.tsx يبدأ stem اللوحة عبر shouldPreloadLawyerDashboardBoard ثم preload عبر bootCriticalPreload","duration":0.99350000000004,"failureMessages":[],"meta":{}},{"ancestorTitles":["warm TTFI LD preload scheduling honesty"],"fullName":"warm TTFI LD preload scheduling honesty mountApplication لا يحجب createRoot على preload اللوحة","status":"passed","title":"mountApplication لا يحجب createRoot على preload اللوحة","duration":0.6374000000000706,"failureMessages":[],"meta":{}},{"ancestorTitles":["warm TTFI LD preload scheduling honesty"],"fullName":"warm TTFI LD preload scheduling honesty LawyerDashboardGate يسخّن اللوحة فقط عند shouldPreloadLawyerDashboardBoard","status":"passed","title":"LawyerDashboardGate يسخّن اللوحة فقط عند shouldPreloadLawyerDashboardBoard","duration":0.6104999999997744,"failureMessages":[],"meta":{}},{"ancestorTitles":["warm TTFI LD preload scheduling honesty"],"fullName":"warm TTFI LD preload scheduling honesty AppResolvedRuntime و AppRuntimeShell يبدآن تحميل Shell/Gate عبر loaders","status":"passed","title":"AppResolvedRuntime و AppRuntimeShell يبدآن تحميل Shell/Gate عبر loaders","duration":0.6685000000002219,"failureMessages":[],"meta":{}},{"ancestorTitles":["warm TTFI LD preload scheduling honesty"],"fullName":"warm TTFI LD preload scheduling honesty LawyerDashboardInner يُعلِن مسار Minimal→Full بلا hop InnerRuntime؛ FullBoot يحمل orchestration","status":"passed","title":"LawyerDashboardInner يُعلِن مسار Minimal→Full بلا hop InnerRuntime؛ FullBoot يحمل orchestration","duration":3.504899999999907,"failureMessages":[],"meta":{}},{"ancestorTitles":["warm TTFI LD preload scheduling honesty"],"fullName":"warm TTFI LD preload scheduling honesty تسخين الهيدر مؤجّل حتى boot-content-ready وبلا sync import لـ headerShellIntentWarm","status":"passed","title":"تسخين الهيدر مؤجّل حتى boot-content-ready وبلا sync import لـ headerShellIntentWarm","duration":0.640400000000227,"failureMessages":[],"meta":{}}],"startTime":1788117467784,"endTime":1788117467794.6404,"status":"passed","message":"","name":"C:/Users/HEX STORE/Downloads/New folder/src/app/runtime/__tests__/bigPushWarmTtfiPreloadHonesty.test.ts"},{"assertionResults":[{"ancestorTitles":["biometricNative"],"fullName":"biometricNative يكتشف أخطاء التوقيت المبكر","status":"passed","title":"يكتشف أخطاء التوقيت المبكر","duration":3.0362999999997555,"failureMessages":[],"meta":{}},{"ancestorTitles":["biometricNative"],"fullName":"biometricNative يستدعي checkBiometry بعد جاهزية الجسر","status":"passed","title":"يستدعي checkBiometry بعد جاهزية الجسر","duration":2.5271999999999935,"failureMessages":[],"meta":{}},{"ancestorTitles":["biometricNative"],"fullName":"biometricNative لا يرمي عند فشل توقيت BiometricAuthNative.then","status":"passed","title":"لا يرمي عند فشل توقيت BiometricAuthNative.then","duration":11.226800000000367,"failureMessages":[],"meta":{}},{"ancestorTitles":["biometricNative"],"fullName":"biometricNative يمرّر أخطاء المصادقة عبر withReadyBiometricPlugin","status":"passed","title":"يمرّر أخطاء المصادقة عبر withReadyBiometricPlugin","duration":1.7232999999996537,"failureMessages":[],"meta":{}}],"startTime":1788117452049,"endTime":1788117452067.7234,"status":"passed","message":"","name":"C:/Users/HEX STORE/Downloads/New folder/src/app/runtime/__tests__/biometricNative.test.ts"},{"assertionResults":[{"ancestorTitles":["boot closure honesty"],"fullName":"boot closure honesty index يبدأ kickoffBootCriticalPreload الذي يشغّل mount داخلياً","status":"passed","title":"index يبدأ kickoffBootCriticalPreload الذي يشغّل mount داخلياً","duration":3.24369999999999,"failureMessages":[],"meta":{}},{"ancestorTitles":["boot closure honesty"],"fullName":"boot closure honesty index يبدأ stem اللوحة قبل kickoffBootCriticalPreload عندما يُسمح بتسخين اللوحة","status":"passed","title":"index يبدأ stem اللوحة قبل kickoffBootCriticalPreload عندما يُسمح بتسخين اللوحة","duration":0.691899999999805,"failureMessages":[],"meta":{}},{"ancestorTitles":["boot closure honesty"],"fullName":"boot closure honesty bootCriticalPreload يوازي React و Shell/Gate؛ chunk اللوحة stem منفصل عن Promise.all","status":"passed","title":"bootCriticalPreload يوازي React و Shell/Gate؛ chunk اللوحة stem منفصل عن Promise.all","duration":1.7256999999999607,"failureMessages":[],"meta":{}},{"ancestorTitles":["boot closure honesty"],"fullName":"boot closure honesty mountApplication لا يحجب createRoot على clientEnv","status":"passed","title":"mountApplication لا يحجب createRoot على clientEnv","duration":0.5306000000000495,"failureMessages":[],"meta":{}},{"ancestorTitles":["boot closure honesty"],"fullName":"boot closure honesty nativeBridgeReady لا يشترط PrivacyScreen للجسر ولا يعطّله","status":"passed","title":"nativeBridgeReady لا يشترط PrivacyScreen للجسر ولا يعطّله","duration":0.42359999999962383,"failureMessages":[],"meta":{}},{"ancestorTitles":["boot closure honesty"],"fullName":"boot closure honesty MainActivity يبقي splash حتى HamiBoot.notifyReady (حدث — بلا poll)","status":"passed","title":"MainActivity يبقي splash حتى HamiBoot.notifyReady (حدث — بلا poll)","duration":1.5346999999997024,"failureMessages":[],"meta":{}},{"ancestorTitles":["boot closure honesty"],"fullName":"boot closure honesty hami-boot.js يفوّض الشعار للـ splash الأصلي على Capacitor","status":"passed","title":"hami-boot.js يفوّض الشعار للـ splash الأصلي على Capacitor","duration":0.4359999999996944,"failureMessages":[],"meta":{}},{"ancestorTitles":["boot closure honesty"],"fullName":"boot closure honesty النواة تختم المنتج كهاتف/لوحي من أول بايت — بلا native=1 على Vite","status":"passed","title":"النواة تختم المنتج كهاتف/لوحي من أول بايت — بلا native=1 على Vite","duration":7.162200000000212,"failureMessages":[],"meta":{}},{"ancestorTitles":["boot closure honesty"],"fullName":"boot closure honesty hami-boot.js يكشف Android عبر https://localhost قبل Capacitor","status":"passed","title":"hami-boot.js يكشف Android عبر https://localhost قبل Capacitor","duration":0.6132999999999811,"failureMessages":[],"meta":{}},{"ancestorTitles":["boot closure honesty"],"fullName":"boot closure honesty getBootRevealMinMs صفر دائماً — سطح صامت بلا حد أدنى","status":"passed","title":"getBootRevealMinMs صفر دائماً — سطح صامت بلا حد أدنى","duration":0.5369000000000597,"failureMessages":[],"meta":{}},{"ancestorTitles":["boot closure honesty"],"fullName":"boot closure honesty Android splash يقفل النسبة — شعار 160dp بلا hami_splash_brand القديم","status":"passed","title":"Android splash يقفل النسبة — شعار 160dp بلا hami_splash_brand القديم","duration":1.118199999999888,"failureMessages":[],"meta":{}},{"ancestorTitles":["boot closure honesty"],"fullName":"boot closure honesty Capacitor SplashScreen لا يُخفى تلقائياً — لون الثيم لا الأسود الخام","status":"passed","title":"Capacitor SplashScreen لا يُخفى تلقائياً — لون الثيم لا الأسود الخام","duration":1.1603000000000065,"failureMessages":[],"meta":{}},{"ancestorTitles":["boot closure honesty"],"fullName":"boot closure honesty injectCriticalModulePreloads يضيف boot-runtime و vendor-react","status":"passed","title":"injectCriticalModulePreloads يضيف boot-runtime و vendor-react","duration":0.41129999999975553,"failureMessages":[],"meta":{}},{"ancestorTitles":["boot closure honesty"],"fullName":"boot closure honesty vite modulePreload يسمح vendor-react و boot-runtime","status":"passed","title":"vite modulePreload يسمح vendor-react و boot-runtime","duration":0.6008999999999105,"failureMessages":[],"meta":{}},{"ancestorTitles":["boot closure honesty"],"fullName":"boot closure honesty hami-boot.js لا يزيل static shell فوراً على جلسة دافئة؛ الحارس لا يتخطى طبقة عالقة","status":"passed","title":"hami-boot.js لا يزيل static shell فوراً على جلسة دافئة؛ الحارس لا يتخطى طبقة عالقة","duration":0.8680999999996857,"failureMessages":[],"meta":{}},{"ancestorTitles":["boot closure honesty"],"fullName":"boot closure honesty hami-boot.js لا يبتلع TDZ / is not defined كخطأ قابل للتجاهل","status":"passed","title":"hami-boot.js لا يبتلع TDZ / is not defined كخطأ قابل للتجاهل","duration":0.5230999999998858,"failureMessages":[],"meta":{}},{"ancestorTitles":["boot closure honesty"],"fullName":"boot closure honesty AppResolvedRuntime يعلن الجاهزية في useLayoutEffect","status":"passed","title":"AppResolvedRuntime يعلن الجاهزية في useLayoutEffect","duration":0.303599999999733,"failureMessages":[],"meta":{}},{"ancestorTitles":["boot closure honesty"],"fullName":"boot closure honesty vite يُبقي lawyerDashboardLoader في boot-runtime وstem اللوحة chunk منفصل","status":"passed","title":"vite يُبقي lawyerDashboardLoader في boot-runtime وstem اللوحة chunk منفصل","duration":4.116999999999734,"failureMessages":[],"meta":{}},{"ancestorTitles":["boot closure honesty"],"fullName":"boot closure honesty authHooks لا يسحب AuthProvider؛ الهيدر يقرأ الكاش الخام؛ البحث لا يثبت fuse","status":"passed","title":"authHooks لا يسحب AuthProvider؛ الهيدر يقرأ الكاش الخام؛ البحث لا يثبت fuse","duration":1.6578999999996995,"failureMessages":[],"meta":{}},{"ancestorTitles":["boot closure honesty"],"fullName":"boot closure honesty بوابات الدخول والشروط خارج الإغلاق الثابت لمسار اللوحة","status":"passed","title":"بوابات الدخول والشروط خارج الإغلاق الثابت لمسار اللوحة","duration":0.9562999999998283,"failureMessages":[],"meta":{}}],"startTime":1788117428271,"endTime":1788117428299.9563,"status":"passed","message":"","name":"C:/Users/HEX STORE/Downloads/New folder/src/app/runtime/__tests__/bootClosureHonesty.test.ts"},{"assertionResults":[{"ancestorTitles":["boot cold section close honesty"],"fullName":"boot cold section close honesty mountApplication لا يحجب createRoot على Shell/Gate — يُحمَّلان من bootCriticalPreload","status":"passed","title":"mountApplication لا يحجب createRoot على Shell/Gate — يُحمَّلان من bootCriticalPreload","duration":6.097600000000057,"failureMessages":[],"meta":{}},{"ancestorTitles":["boot cold section close honesty"],"fullName":"boot cold section close honesty مهام الخلفية الثقيلة بعد mountApplication لا قبل interactive","status":"passed","title":"مهام الخلفية الثقيلة بعد mountApplication لا قبل interactive","duration":1.4183000000002721,"failureMessages":[],"meta":{}},{"ancestorTitles":["boot cold section close honesty"],"fullName":"boot cold section close honesty QuantumShell رقيق — FullBoot بلا QuantumTasksProvider ساكن","status":"passed","title":"QuantumShell رقيق — FullBoot بلا QuantumTasksProvider ساكن","duration":1.7721999999998843,"failureMessages":[],"meta":{}},{"ancestorTitles":["boot cold section close honesty"],"fullName":"boot cold section close honesty vite: modulePreload يحمّل vendor-react و boot-runtime فقط (vendor-misc عند الطلب)","status":"passed","title":"vite: modulePreload يحمّل vendor-react و boot-runtime فقط (vendor-misc عند الطلب)","duration":0.7001000000000204,"failureMessages":[],"meta":{}}],"startTime":1788117476744,"endTime":1788117476753.7002,"status":"passed","message":"","name":"C:/Users/HEX STORE/Downloads/New folder/src/app/runtime/__tests__/bootColdSectionCloseHonesty.test.ts"},{"assertionResults":[{"ancestorTitles":["boot quiet instant open — quiet shared cold path"],"fullName":"boot quiet instant open — quiet shared cold path MainView لا يسخّن ArchivePortal على onDashboardInteractive","status":"passed","title":"MainView لا يسخّن ArchivePortal على onDashboardInteractive","duration":3.468199999999797,"failureMessages":[],"meta":{}},{"ancestorTitles":["boot quiet instant open — quiet shared cold path"],"fullName":"boot quiet instant open — quiet shared cold path HomeTab لا يستدعي notifyBootContentReady","status":"passed","title":"HomeTab لا يستدعي notifyBootContentReady","duration":1.2872999999999593,"failureMessages":[],"meta":{}},{"ancestorTitles":["boot quiet instant open — quiet shared cold path"],"fullName":"boot quiet instant open — quiet shared cold path intent prefetch للدعاوى يستخدم includeSecondary: false","status":"passed","title":"intent prefetch للدعاوى يستخدم includeSecondary: false","duration":0.5223999999998341,"failureMessages":[],"meta":{}},{"ancestorTitles":["boot quiet instant open — quiet shared cold path"],"fullName":"boot quiet instant open — quiet shared cold path useBootReveal: flushSync في finishExit فقط؛ layout بلا flush؛ لا قصّ قسري للغطاء","status":"passed","title":"useBootReveal: flushSync في finishExit فقط؛ layout بلا flush؛ لا قصّ قسري للغطاء","duration":0.8283000000001266,"failureMessages":[],"meta":{}},{"ancestorTitles":["boot quiet instant open — quiet shared cold path"],"fullName":"boot quiet instant open — quiet shared cold path hydrators تُربط بعد BOOT_REVEAL_DONE لا interactive وحده","status":"passed","title":"hydrators تُربط بعد BOOT_REVEAL_DONE لا interactive وحده","duration":1.2721999999998843,"failureMessages":[],"meta":{}}],"startTime":1788117473033,"endTime":1788117473040.2722,"status":"passed","message":"","name":"C:/Users/HEX STORE/Downloads/New folder/src/app/runtime/__tests__/bootQuietInstantOpen.test.ts"},{"assertionResults":[{"ancestorTitles":["calendar dock section surgical close honesty"],"fullName":"calendar dock section surgical close honesty بعد boot-reveal و content-ready: تسخين فقط بلا arm؛ التركيب عند فتح التبويب","status":"passed","title":"بعد boot-reveal و content-ready: تسخين فقط بلا arm؛ التركيب عند فتح التبويب","duration":3.9122000000002117,"failureMessages":[],"meta":{}},{"ancestorTitles":["calendar dock section surgical close honesty"],"fullName":"calendar dock section surgical close honesty pointerPrime للتقويم يسخّن المقطع بلا hydrate مباشر في البلاطة","status":"passed","title":"pointerPrime للتقويم يسخّن المقطع بلا hydrate مباشر في البلاطة","duration":1.9205000000001746,"failureMessages":[],"meta":{}},{"ancestorTitles":["calendar dock section surgical close honesty"],"fullName":"calendar dock section surgical close honesty بلاطة dockCalendar في الشبكة الرئيسية بلا أيقونة","status":"passed","title":"بلاطة dockCalendar في الشبكة الرئيسية بلا أيقونة","duration":1.4284999999999854,"failureMessages":[],"meta":{}},{"ancestorTitles":["calendar dock section surgical close honesty"],"fullName":"calendar dock section surgical close honesty MainView: ScheduleTabHost كسول مع تسخين؛ الفتح فوري بقشرة InstantChrome","status":"passed","title":"MainView: ScheduleTabHost كسول مع تسخين؛ الفتح فوري بقشرة InstantChrome","duration":5.86409999999978,"failureMessages":[],"meta":{}},{"ancestorTitles":["calendar dock section surgical close honesty"],"fullName":"calendar dock section surgical close honesty ScheduleTabHost يستورد التبويب ثابتاً ويرسمه عند keepAlive للكشف اللحظي","status":"passed","title":"ScheduleTabHost يستورد التبويب ثابتاً ويرسمه عند keepAlive للكشف اللحظي","duration":1.306300000000192,"failureMessages":[],"meta":{}},{"ancestorTitles":["calendar dock section surgical close honesty"],"fullName":"calendar dock section surgical close honesty prefetch open للتقويم يستدعي warmScheduleOnOpen مع جسر الإضابير","status":"passed","title":"prefetch open للتقويم يستدعي warmScheduleOnOpen مع جسر الإضابير","duration":0.6622999999999593,"failureMessages":[],"meta":{}},{"ancestorTitles":["calendar dock section surgical close honesty"],"fullName":"calendar dock section surgical close honesty التقويم في PreDockFeatureSurfaces كسول بعد first-tab-open (خارج orchestration stem)","status":"passed","title":"التقويم في PreDockFeatureSurfaces كسول بعد first-tab-open (خارج orchestration stem)","duration":3.228099999999813,"failureMessages":[],"meta":{}},{"ancestorTitles":["calendar dock section surgical close honesty"],"fullName":"calendar dock section surgical close honesty فتح/إغلاق التقويم عبر snap DOM على html (مثل الملف المهني)","status":"passed","title":"فتح/إغلاق التقويم عبر snap DOM على html (مثل الملف المهني)","duration":1.6134000000001834,"failureMessages":[],"meta":{}},{"ancestorTitles":["calendar dock section surgical close honesty"],"fullName":"calendar dock section surgical close honesty مسار التقويم بلا debug 127.0.0.1:7777","status":"passed","title":"مسار التقويم بلا debug 127.0.0.1:7777","duration":1.189300000000003,"failureMessages":[],"meta":{}},{"ancestorTitles":["calendar dock section surgical close honesty"],"fullName":"calendar dock section surgical close honesty تركيز البحث يطابق cal_ الموحّد ويعلن فشل الحفظ بدل نجاح كاذب","status":"passed","title":"تركيز البحث يطابق cal_ الموحّد ويعلن فشل الحفظ بدل نجاح كاذب","duration":4.440700000000106,"failureMessages":[],"meta":{}},{"ancestorTitles":["calendar dock section surgical close honesty"],"fullName":"calendar dock section surgical close honesty تقليم الجسور مقسوم؛ مسار idle محذوف","status":"passed","title":"تقليم الجسور مقسوم؛ مسار idle محذوف","duration":0.6409000000003289,"failureMessages":[],"meta":{}},{"ancestorTitles":["calendar dock section surgical close honesty"],"fullName":"calendar dock section surgical close honesty عقد المزامنة مسمّى؛ المهل القانونية تُحمى؛ فشل الخلفية يُعلن في الرادر","status":"passed","title":"عقد المزامنة مسمّى؛ المهل القانونية تُحمى؛ فشل الخلفية يُعلن في الرادر","duration":3.423400000000129,"failureMessages":[],"meta":{}},{"ancestorTitles":["calendar dock section surgical close honesty"],"fullName":"calendar dock section surgical close honesty بوابة التقويم تقيس المسارات الحية لا القشور المحذوفة","status":"passed","title":"بوابة التقويم تقيس المسارات الحية لا القشور المحذوفة","duration":3.0046000000002095,"failureMessages":[],"meta":{}},{"ancestorTitles":["calendar dock section surgical close honesty"],"fullName":"calendar dock section surgical close honesty تذكير الموعد يملك Escape وCap (LIFO فوق أي تبويب)","status":"passed","title":"تذكير الموعد يملك Escape وCap (LIFO فوق أي تبويب)","duration":1.1941000000001623,"failureMessages":[],"meta":{}}],"startTime":1788117450445,"endTime":1788117450479.194,"status":"passed","message":"","name":"C:/Users/HEX STORE/Downloads/New folder/src/app/runtime/__tests__/calendarDockSectionSurgicalCloseHonesty.test.ts"},{"assertionResults":[{"ancestorTitles":["calendar network isolation (encryption kept)"],"fullName":"calendar network isolation (encryption kept) مفاتيح التقويم حسّاسة وتُشفَّر — لا استثناء plaintext","status":"passed","title":"مفاتيح التقويم حسّاسة وتُشفَّر — لا استثناء plaintext","duration":2.5900000000001455,"failureMessages":[],"meta":{}},{"ancestorTitles":["calendar network isolation (encryption kept)"],"fullName":"calendar network isolation (encryption kept) CalendarDB بلا KV وبلا بوابة سحابة وبلا /api","status":"passed","title":"CalendarDB بلا KV وبلا بوابة سحابة وبلا /api","duration":1.2510999999999513,"failureMessages":[],"meta":{}},{"ancestorTitles":["calendar network isolation (encryption kept)"],"fullName":"calendar network isolation (encryption kept) شواهد الحذف محلية — لا WIFE على مسار التقويم","status":"passed","title":"شواهد الحذف محلية — لا WIFE على مسار التقويم","duration":0.7925000000000182,"failureMessages":[],"meta":{}},{"ancestorTitles":["calendar network isolation (encryption kept)"],"fullName":"calendar network isolation (encryption kept) لا مسار BFF للتقويم ولا سكربتات تقسيم يتيمة — authorship مصدر واحد","status":"passed","title":"لا مسار BFF للتقويم ولا سكربتات تقسيم يتيمة — authorship مصدر واحد","duration":3.000799999999799,"failureMessages":[],"meta":{}},{"ancestorTitles":["calendar network isolation (encryption kept)"],"fullName":"calendar network isolation (encryption kept) KV وBFF يرفضان مادة التقويم حتى ومزامنة العمل حيّة","status":"passed","title":"KV وBFF يرفضان مادة التقويم حتى ومزامنة العمل حيّة","duration":2.418500000000222,"failureMessages":[],"meta":{}},{"ancestorTitles":["calendar network isolation (encryption kept)"],"fullName":"calendar network isolation (encryption kept) مزامنة الإضبارة → التقويم محلية بلا kv-proxy","status":"passed","title":"مزامنة الإضبارة → التقويم محلية بلا kv-proxy","duration":0.5093000000001666,"failureMessages":[],"meta":{}}],"startTime":1788117467660,"endTime":1788117467670.5093,"status":"passed","message":"","name":"C:/Users/HEX STORE/Downloads/New folder/src/app/runtime/__tests__/calendarNetworkIsolationHonesty.test.ts"},{"assertionResults":[{"ancestorTitles":["calendar open gesture snappiness"],"fullName":"calendar open gesture snappiness يفتح التقويم بعلم html + CSS حرج مثل الملف المهني","status":"passed","title":"يفتح التقويم بعلم html + CSS حرج مثل الملف المهني","duration":3.636000000000422,"failureMessages":[],"meta":
[...]
tus":"passed","title":"commitCommunityClose يخفي الستارة","duration":65.20709999999963,"failureMessages":[],"meta":{}},{"ancestorTitles":["communityShellOpenFlow"],"fullName":"communityShellOpenFlow يكشف بعد مهلة إن علق تحميل مقطع الطبقة","status":"passed","title":"يكشف بعد مهلة إن علق تحميل مقطع الطبقة","duration":6.602499999999964,"failureMessages":[],"meta":{}},{"ancestorTitles":["communityShellOpenFlow"],"fullName":"communityShellOpenFlow Escape أثناء انتظار المقطع يلغي الفتح ولا يكشف بعد وصوله","status":"passed","title":"Escape أثناء انتظار المقطع يلغي الفتح ولا يكشف بعد وصوله","duration":4.9528999999993175,"failureMessages":[],"meta":{}},{"ancestorTitles":["communityShellOpenFlow"],"fullName":"communityShellOpenFlow Cap أثناء انتظار المقطع يلغي الفتح","status":"passed","title":"Cap أثناء انتظار المقطع يلغي الفتح","duration":2.3153000000002066,"failureMessages":[],"meta":{}},{"ancestorTitles":["communityShellOpenFlow"],"fullName":"communityShellOpenFlow فشل مقطع الطبقة يكشف Host بدل طرد المستخدم","status":"passed","title":"فشل مقطع الطبقة يكشف Host بدل طرد المستخدم","duration":58.20380000000023,"failureMessages":[],"meta":{}}],"startTime":1788117414590,"endTime":1788117415078.2039,"status":"passed","message":"","name":"C:/Users/HEX STORE/Downloads/New folder/src/app/hooks/lawyerDashboard/community/__tests__/communityShellOpenFlow.test.ts"},{"assertionResults":[{"ancestorTitles":["fieldTasksShellOpenFlow"],"fullName":"fieldTasksShellOpenFlow commitFieldTasksSheetOpen يفتح الستارة ويُسجّل الجلسة","status":"passed","title":"commitFieldTasksSheetOpen يفتح الستارة ويُسجّل الجلسة","duration":168.31989999999996,"failureMessages":[],"meta":{}},{"ancestorTitles":["fieldTasksShellOpenFlow"],"fullName":"fieldTasksShellOpenFlow commitFieldTasksSheetOpen يُلتزم فوراً حتى مع كشف دافئ (بلا تأخير RAF)","status":"passed","title":"commitFieldTasksSheetOpen يُلتزم فوراً حتى مع كشف دافئ (بلا تأخير RAF)","duration":4.0452000000000226,"failureMessages":[],"meta":{}},{"ancestorTitles":["fieldTasksShellOpenFlow"],"fullName":"fieldTasksShellOpenFlow commitTasksManagerOpen يُفعّل المدير عبر flushSync","status":"passed","title":"commitTasksManagerOpen يُفعّل المدير عبر flushSync","duration":1.6903999999999542,"failureMessages":[],"meta":{}}],"startTime":1788117409008,"endTime":1788117409181.6904,"status":"passed","message":"","name":"C:/Users/HEX STORE/Downloads/New folder/src/app/hooks/lawyerDashboard/fieldTasks/__tests__/fieldTasksShellOpenFlow.test.ts"},{"assertionResults":[{"ancestorTitles":["scheduleProfileHostIdleRelease"],"fullName":"scheduleProfileHostIdleRelease يستدعي التفكيك بعد المهلة إن الملف مغلق","status":"passed","title":"يستدعي التفكيك بعد المهلة إن الملف مغلق","duration":5.454099999999926,"failureMessages":[],"meta":{}},{"ancestorTitles":["scheduleProfileHostIdleRelease"],"fullName":"scheduleProfileHostIdleRelease يلغي المؤقت قبل المهلة","status":"passed","title":"يلغي المؤقت قبل المهلة","duration":0.9397000000003572,"failureMessages":[],"meta":{}},{"ancestorTitles":["scheduleProfileHostIdleRelease"],"fullName":"scheduleProfileHostIdleRelease لا يفكك إن الـ snap ما زال مفتوحاً","status":"passed","title":"لا يفكك إن الـ snap ما زال مفتوحاً","duration":0.6213999999999942,"failureMessages":[],"meta":{}}],"startTime":1788117478363,"endTime":1788117478370.6213,"status":"passed","message":"","name":"C:/Users/HEX STORE/Downloads/New folder/src/app/hooks/lawyerDashboard/profile/__tests__/profileHostIdleRelease.test.ts"},{"assertionResults":[{"ancestorTitles":["profileOpenSession studio chrome"],"fullName":"profileOpenSession studio chrome ورقة مخفية ليست استوديو ظاهراً","status":"passed","title":"ورقة مخفية ليست استوديو ظاهراً","duration":27.326300000000174,"failureMessages":[],"meta":{}},{"ancestorTitles":["profileOpenSession studio chrome"],"fullName":"profileOpenSession studio chrome ورقة ظاهرة تُعدّ استوديو","status":"passed","title":"ورقة ظاهرة تُعدّ استوديو","duration":132.3842999999997,"failureMessages":[],"meta":{}}],"startTime":1788117426339,"endTime":1788117426498.3843,"status":"passed","message":"","name":"C:/Users/HEX STORE/Downloads/New folder/src/app/hooks/lawyerDashboard/profile/__tests__/profileOpenSession.test.ts"},{"assertionResults":[{"ancestorTitles":["profileShellCloseFlow"],"fullName":"profileShellCloseFlow commitProfileClose ينتظر الخروج ثم يخفي DOM ثم flushSync","status":"passed","title":"commitProfileClose ينتظر الخروج ثم يخفي DOM ثم flushSync","duration":37.685199999999895,"failureMessages":[],"meta":{}},{"ancestorTitles":["profileShellCloseFlow"],"fullName":"profileShellCloseFlow commitProfileOverlayDismiss يعيد home فقط إن كان profile نشطاً","status":"passed","title":"commitProfileOverlayDismiss يعيد home فقط إن كان profile نشطاً","duration":1.481800000000021,"failureMessages":[],"meta":{}}],"startTime":1788117441151,"endTime":1788117441190.4817,"status":"passed","message":"","name":"C:/Users/HEX STORE/Downloads/New folder/src/app/hooks/lawyerDashboard/profile/__tests__/profileShellCloseFlow.test.ts"},{"assertionResults":[{"ancestorTitles":["profileShellExit"],"fullName":"profileShellExit مع تقليل الحركة يُغلق فوراً","status":"passed","title":"مع تقليل الحركة يُغلق فوراً","duration":25.76299999999992,"failureMessages":[],"meta":{}},{"ancestorTitles":["profileShellExit"],"fullName":"profileShellExit بدون سطح يغلق فوراً","status":"passed","title":"بدون سطح يغلق فوراً","duration":3.1689000000001215,"failureMessages":[],"meta":{}},{"ancestorTitles":["profileShellExit"],"fullName":"profileShellExit يتلاشى ثم ينهي بعد المهلة","status":"passed","title":"يتلاشى ثم ينهي بعد المهلة","duration":4.974899999999707,"failureMessages":[],"meta":{}},{"ancestorTitles":["profileShellExit"],"fullName":"profileShellExit يرفض الخروج إن كان استوديو الصفحة مركّباً","status":"passed","title":"يرفض الخروج إن كان استوديو الصفحة مركّباً","duration":133.23689999999988,"failureMessages":[],"meta":{}},{"ancestorTitles":["profileShellExit"],"fullName":"profileShellExit يرفض الخروج إن كانت نية الاستوديو على html","status":"passed","title":"يرفض الخروج إن كانت نية الاستوديو على html","duration":2.382799999999861,"failureMessages":[],"meta":{}},{"ancestorTitles":["profileShellExit"],"fullName":"profileShellExit لا يرفض الخروج إن بقيت ورقة الاستوديو مخفية في الـ DOM","status":"passed","title":"لا يرفض الخروج إن بقيت ورقة الاستوديو مخفية في الـ DOM","duration":3.255500000000211,"failureMessages":[],"meta":{}}],"startTime":1788117426872,"endTime":1788117427044.2556,"status":"passed","message":"","name":"C:/Users/HEX STORE/Downloads/New folder/src/app/hooks/lawyerDashboard/profile/__tests__/profileShellExit.test.ts"},{"assertionResults":[{"ancestorTitles":["profileShellOpenFlow"],"fullName":"profileShellOpenFlow commitProfileOpen يكشف فوراً قبل أي عمل ثقيل","status":"passed","title":"commitProfileOpen يكشف فوراً قبل أي عمل ثقيل","duration":29.092599999999948,"failureMessages":[],"meta":{}},{"ancestorTitles":["profileShellOpenFlow"],"fullName":"profileShellOpenFlow commitProfileOpen: hydrate ثم تبويب ثم reveal","status":"passed","title":"commitProfileOpen: hydrate ثم تبويب ثم reveal","duration":2.6507000000001426,"failureMessages":[],"meta":{}},{"ancestorTitles":["profileShellOpenFlow"],"fullName":"profileShellOpenFlow commitProfileOpen يزامن React قبل prefetch في المايكروتاسك","status":"passed","title":"commitProfileOpen يزامن React قبل prefetch في المايكروتاسك","duration":1.5810999999998785,"failureMessages":[],"meta":{}},{"ancestorTitles":["profileShellOpenFlow"],"fullName":"profileShellOpenFlow commitProfileOpen يتخطى إذا كان فتحاً قيد التنفيذ","status":"passed","title":"commitProfileOpen يتخطى إذا كان فتحاً قيد التنفيذ","duration":0.8991000000000895,"failureMessages":[],"meta":{}},{"ancestorTitles":["profileShellOpenFlow"],"fullName":"profileShellOpenFlow commitProfileOpen يمنع النقر المزدوج في نفس الدورة","status":"passed","title":"commitProfileOpen يمنع النقر المزدوج في نفس الدورة","duration":1.7210000000000036,"failureMessages":[],"meta":{}},{"ancestorTitles":["profileShellOpenFlow"],"fullName":"profileShellOpenFlow commitProfileOpen يفعّل التبويب فوراً — صفحة الفتح تغطي Suspense","status":"passed","title":"commitProfileOpen يفعّل التبويب فوراً — صفحة الفتح تغطي Suspense","duration":1.5429000000003725,"failureMessages":[],"meta":{}}],"startTime":1788117442998,"endTime":1788117443036.543,"status":"passed","message":"","name":"C:/Users/HEX STORE/Downloads/New folder/src/app/hooks/lawyerDashboard/profile/__tests__/profileShellOpenFlow.test.ts"},{"assertionResults":[{"ancestorTitles":["globalSearchShellExit"],"fullName":"globalSearchShellExit مع تقليل الحركة يُغلق فوراً","status":"passed","title":"مع تقليل الحركة يُغلق فوراً","duration":8.028200000000197,"failureMessages":[],"meta":{}},{"ancestorTitles":["globalSearchShellExit"],"fullName":"globalSearchShellExit بدون طبقة يغلق فوراً","status":"passed","title":"بدون طبقة يغلق فوراً","duration":14.545399999999972,"failureMessages":[],"meta":{}},{"ancestorTitles":["globalSearchShellExit"],"fullName":"globalSearchShellExit يتلاشى ثم ينهي بعد المهلة","status":"passed","title":"يتلاشى ثم ينهي بعد المهلة","duration":5.386599999999817,"failureMessages":[],"meta":{}}],"startTime":1788117447291,"endTime":1788117447319.3867,"status":"passed","message":"","name":"C:/Users/HEX STORE/Downloads/New folder/src/app/hooks/lawyerDashboard/globalSearch/__tests__/globalSearchShellExit.test.ts"},{"assertionResults":[{"ancestorTitles":["globalSearchShellOpenFlow"],"fullName":"globalSearchShellOpenFlow commitGlobalSearchShellOpen يطلي ثم يلتزم React بلا flushSync","status":"passed","title":"commitGlobalSearchShellOpen يطلي ثم يلتزم React بلا flushSync","duration":13.58620000000019,"failureMessages":[],"meta":{}},{"ancestorTitles":["globalSearchShellOpenFlow"],"fullName":"globalSearchShellOpenFlow يأخذ المسودة عند غياب seed","status":"passed","title":"يأخذ المسودة عند غياب seed","duration":0.7312000000001717,"failureMessages":[],"meta":{}}],"startTime":1788117460890,"endTime":1788117460903.7312,"status":"passed","message":"","name":"C:/Users/HEX STORE/Downloads/New folder/src/app/hooks/lawyerDashboard/globalSearch/__tests__/globalSearchShellOpenFlow.test.ts"},{"assertionResults":[{"ancestorTitles":["notificationShellExit"],"fullName":"notificationShellExit مع تقليل الحركة يُغلق فوراً بلا سمة closing","status":"passed","title":"مع تقليل الحركة يُغلق فوراً بلا سمة closing","duration":7.400200000000041,"failureMessages":[],"meta":{}},{"ancestorTitles":["notificationShellExit"],"fullName":"notificationShellExit بدون ورقة يغلق فوراً","status":"passed","title":"بدون ورقة يغلق فوراً","duration":1.2519999999999527,"failureMessages":[],"meta":{}},{"ancestorTitles":["notificationShellExit"],"fullName":"notificationShellExit يهبط الورقة ثم ينهي بعد المهلة","status":"passed","title":"يهبط الورقة ثم ينهي بعد المهلة","duration":17.68679999999995,"failureMessages":[],"meta":{}},{"ancestorTitles":["notificationShellExit"],"fullName":"notificationShellExit transitionend على transform يُنهي قبل المهلة","status":"passed","title":"transitionend على transform يُنهي قبل المهلة","duration":3.576100000000224,"failureMessages":[],"meta":{}},{"ancestorTitles":["notificationShellExit"],"fullName":"notificationShellExit ورقة keep-alive بلا snap لا تضع closing","status":"passed","title":"ورقة keep-alive بلا snap لا تضع closing","duration":1.3140000000003056,"failureMessages":[],"meta":{}}],"startTime":1788117443951,"endTime":1788117443982.314,"status":"passed","message":"","name":"C:/Users/HEX STORE/Downloads/New folder/src/app/hooks/lawyerDashboard/notifications/__tests__/notificationShellExit.test.ts"},{"assertionResults":[{"ancestorTitles":["notificationShellOpenFlow"],"fullName":"notificationShellOpenFlow clearNotificationOpenPerfMarks لا يرمي عند غياب performance","status":"passed","title":"clearNotificationOpenPerfMarks لا يرمي عند غياب performance","duration":18.528800000000047,"failureMessages":[],"meta":{}},{"ancestorTitles":["notificationShellOpenFlow"],"fullName":"notificationShellOpenFlow commitNotificationShellOpen يطلي ثم يلتزم React بلا flushSync","status":"passed","title":"commitNotificationShellOpen يطلي ثم يلتزم React بلا flushSync","duration":59.69230000000016,"failureMessages":[],"meta":{}},{"ancestorTitles":["notificationShellOpenFlow"],"fullName":"notificationShellOpenFlow beginNotificationShellOpen يلتزم الويب ويحرّر in-flight","status":"passed","title":"beginNotificationShellOpen يلتزم الويب ويحرّر in-flight","duration":1.4139000000000124,"failureMessages":[],"meta":{}},{"ancestorTitles":["notificationShellOpenFlow"],"fullName":"notificationShellOpenFlow beginNotificationShellOpen لا يفتح الويب عند نجاح الورقة الأصلية","status":"passed","title":"beginNotificationShellOpen لا يفتح الويب عند نجاح الورقة الأصلية","duration":58.60809999999992,"failureMessages":[],"meta":{}},{"ancestorTitles":["notificationShellOpenFlow"],"fullName":"notificationShellOpenFlow beginNotificationShellOpen يتجاهل الفتح أثناء قمع إعادة الفتح","status":"passed","title":"beginNotificationShellOpen يتجاهل الفتح أثناء قمع إعادة الفتح","duration":0.6941000000001623,"failureMessages":[],"meta":{}}],"startTime":1788117426340,"endTime":1788117426478.694,"status":"passed","message":"","name":"C:/Users/HEX STORE/Downloads/New folder/src/app/hooks/lawyerDashboard/notifications/__tests__/notificationShellOpenFlow.test.ts"},{"assertionResults":[{"ancestorTitles":["repositoryShellOpenFlow"],"fullName":"repositoryShellOpenFlow commitRepositoryOpen يفتح المستودع ويُسجّل perf","status":"passed","title":"commitRepositoryOpen يفتح المستودع ويُسجّل perf","duration":149.73860000000013,"failureMessages":[],"meta":{}},{"ancestorTitles":["repositoryShellOpenFlow"],"fullName":"repositoryShellOpenFlow commitRepositoryOpen يكشف Host فوراً دون انتظار المقطع","status":"passed","title":"commitRepositoryOpen يكشف Host فوراً دون انتظار المقطع","duration":1.7622999999998683,"failureMessages":[],"meta":{}},{"ancestorTitles":["repositoryShellOpenFlow"],"fullName":"repositoryShellOpenFlow commitRepositoryOpen يبقي الفتح إن فشل المقطع ويُخطر","status":"passed","title":"commitRepositoryOpen يبقي الفتح إن فشل المقطع ويُخطر","duration":76.00909999999976,"failureMessages":[],"meta":{}},{"ancestorTitles":["repositoryShellOpenFlow"],"fullName":"repositoryShellOpenFlow commitRepositoryClose يغلق المستودع بعد conceal","status":"passed","title":"commitRepositoryClose يغلق المستودع بعد conceal","duration":175.24149999999963,"failureMessages":[],"meta":{}}],"startTime":1788117411389,"endTime":1788117411792.2415,"status":"passed","message":"","name":"C:/Users/HEX STORE/Downloads/New folder/src/app/hooks/lawyerDashboard/repository/__tests__/repositoryShellOpenFlow.test.ts"},{"assertionResults":[{"ancestorTitles":["scheduleShellOpenFlow"],"fullName":"scheduleShellOpenFlow commitScheduleTabOpen يفتح التبويب مع تركيز اختياري","status":"passed","title":"commitScheduleTabOpen يفتح التبويب مع تركيز اختياري","duration":272.31619999999975,"failureMessages":[],"meta":{}},{"ancestorTitles":["scheduleShellOpenFlow"],"fullName":"scheduleShellOpenFlow commitScheduleTabOpen يمسح التركيز بلا opts","status":"passed","title":"commitScheduleTabOpen يمسح التركيز بلا opts","duration":61.96210000000019,"failureMessages":[],"meta":{}},{"ancestorTitles":["scheduleShellOpenFlow"],"fullName":"scheduleShellOpenFlow يفتح فوراً دون انتظار مقطع Host","status":"passed","title":"يفتح فوراً دون انتظار مقطع Host","duration":1.7604000000001179,"failureMessages":[],"meta":{}},{"ancestorTitles":["scheduleShellOpenFlow"],"fullName":"scheduleShellOpenFlow لا يمسح marks الفتح إذا كان التقويم مفتوحاً أصلاً","status":"passed","title":"لا يمسح marks الفتح إذا كان التقويم مفتوحاً أصلاً","duration":53.33080000000018,"failureMessages":[],"meta":{}},{"ancestorTitles":["scheduleShellOpenFlow"],"fullName":"scheduleShellOpenFlow commitScheduleTabClose يعيد الرئيسية فوراً مع snap DOM","status":"passed","title":"commitScheduleTabClose يعيد الرئيسية فوراً مع snap DOM","duration":3.3880000000003747,"failureMessages":[],"meta":{}}],"startTime":1788117415240,"endTime":1788117415632.388,"status":"passed","message":"","name":"C:/Users/HEX STORE/Downloads/New folder/src/app/hooks/lawyerDashboard/schedule/__tests__/scheduleShellOpenFlow.test.ts"},{"assertionResults":[{"ancestorTitles":["settingsShellExit"],"fullName":"settingsShellExit مع تقليل الحركة يغلق فوراً","status":"passed","title":"مع تقليل الحركة يغلق فوراً","duration":10.283200000000306,"failureMessages":[],"meta":{}},{"ancestorTitles":["settingsShellExit"],"fullName":"settingsShellExit بدون Host يغلق فوراً","status":"passed","title":"بدون Host يغلق فوراً","duration":14.484199999999873,"failureMessages":[],"meta":{}},{"ancestorTitles":["settingsShellExit"],"fullName":"settingsShellExit قشرة بلا شجرة React تغلق فوراً","status":"passed","title":"قشرة بلا شجرة React تغلق فوراً","duration":3.3636999999998807,"failureMessages":[],"meta":{}},{"ancestorTitles":["settingsShellExit"],"fullName":"settingsShellExit ينتظر خروج الطبقة ثم ينهي","status":"passed","title":"ينتظر خروج الطبقة ثم ينهي","duration":4.817300000000159,"failureMessages":[],"meta":{}}],"startTime":1788117444741,"endTime":1788117444773.8174,"status":"passed","message":"","name":"C:/Users/HEX STORE/Downloads/New folder/src/app/hooks/lawyerDashboard/settings/__tests__/settingsShellExit.test.ts"},{"assertionResults":[{"ancestorTitles":["settingsShellOpenFlow"],"fullName":"settingsShellOpenFlow commitSettingsShellOpen يطلي ثم يلتزم React بلا flushSync","status":"passed","title":"commitSettingsShellOpen يطلي ثم يلتزم React بلا flushSync","duration":71.50870000000032,"failureMessages":[],"meta":{}},{"ancestorTitles":["settingsShellOpenFlow"],"fullName":"settingsShellOpenFlow مسار دافئ: Host موجود + paint ناجح يلتزم React فوراً","status":"passed","title":"مسار دافئ: Host موجود + paint ناجح يلتزم React فوراً","duration":1.2746000000001914,"failureMessages":[],"meta":{}},{"ancestorTitles":["settingsShellOpenFlow"],"fullName":"settingsShellOpenFlow مسار بارد: يركّب Host عبر setState بلا flushSync","status":"passed","title":"مسار بارد: يركّب Host عبر setState بلا flushSync","duration":0.8553999999999178,"failureMessages":[],"meta":{}},{"ancestorTitles":["settingsShellOpenFlow"],"fullName":"settingsShellOpenFlow نية الفتح تبقى حتى لو أعاد التركيب مزامنة المرجع","status":"passed","title":"نية الفتح تبقى حتى لو أعاد التركيب مزامنة المرجع","duration":0.7964999999999236,"failureMessages":[],"meta":{}}],"startTime":1788117434385,"endTime":1788117434459.7964,"status":"passed","message":"","name":"C:/Users/HEX STORE/Downloads/New folder/src/app/hooks/lawyerDashboard/settings/__tests__/settingsShellOpenFlow.test.ts"},{"assertionResults":[{"ancestorTitles":["transactionsShellExit"],"fullName":"transactionsShellExit مع تقليل الحركة يُغلق فوراً","status":"passed","title":"مع تقليل الحركة يُغلق فوراً","duration":9.196300000000065,"failureMessages":[],"meta":{}},{"ancestorTitles":["transactionsShellExit"],"fullName":"transactionsShellExit بدون طبقة يغلق فوراً","status":"passed","title":"بدون طبقة يغلق فوراً","duration":16.897300000000087,"failureMessages":[],"meta":{}},{"ancestorTitles":["transactionsShellExit"],"fullName":"transactionsShellExit يتلاشى ثم ينهي بعد المهلة","status":"passed","title":"يتلاشى ثم ينهي بعد المهلة","duration":4.778800000000047,"failureMessages":[],"meta":{}},{"ancestorTitles":["transactionsShellExit"],"fullName":"transactionsShellExit clear يلغي الخروج المعلق","status":"passed","title":"clear يلغي الخروج المعلق","duration":2.659099999999853,"failureMessages":[],"meta":{}},{"ancestorTitles":["transactionsShellExit"],"fullName":"transactionsShellExit يزيل قشرة الطلاء إن وُجد المركز الحي","status":"passed","title":"يزيل قشرة الطلاء إن وُجد المركز الحي","duration":2.472899999999754,"failureMessages":[],"meta":{}}],"startTime":1788117443698,"endTime":1788117443733.473,"status":"passed","message":"","name":"C:/Users/HEX STORE/Downloads/New folder/src/app/hooks/lawyerDashboard/transactions/__tests__/transactionsShellExit.test.ts"}]}