{"numTotalTestSuites":330,"numPassedTestSuites":316,"numFailedTestSuites":14,"numPendingTestSuites":0,"numTotalTests":945,"numPassedTests":937,"numFailedTests":8,"numPendingTests":0,"numTodoTests":0,"snapshot":{"added":0,"failure":false,"filesAdded":0,"filesRemoved":0,"filesRemovedList":[],"filesUnmatched":0,"filesUpdated":0,"matched":0,"total":0,"unchecked":0,"uncheckedKeysByFile":[],"unmatched":0,"updated":0,"didUpdate":false},"startTime":1788623157966,"success":false,"testResults":[{"assertionResults":[{"ancestorTitles":["cassationArt210"],"fullName":"cassationArt210 يحسب مهلة التمييز 30 يوماً من اليوم التالي للتبليغ","status":"passed","title":"يحسب مهلة التمييز 30 يوماً من اليوم التالي للتبليغ","duration":5.01299999999992,"failureMessages":[],"meta":{}},{"ancestorTitles":["cassationArt210"],"fullName":"cassationArt210 يحجب التمييز المباشر ما دامت مهلة الاعتراض قائمة ويسمح بعد التنازل","status":"passed","title":"يحجب التمييز المباشر ما دامت مهلة الاعتراض قائمة ويسمح بعد التنازل","duration":3.36869999999999,"failureMessages":[],"meta":{}},{"ancestorTitles":["cassationArt210"],"fullName":"cassationArt210 يمد أثر النقض للشركاء في النزاع غير القابل للتجزئة عند أسباب مشتركة فقط","status":"passed","title":"يمد أثر النقض للشركاء في النزاع غير القابل للتجزئة عند أسباب مشتركة فقط","duration":1.8212000000003172,"failureMessages":[],"meta":{}},{"ancestorTitles":["cassationArt210"],"fullName":"cassationArt210 يميّز نقض الفصل في الموضوع عن إعادة الإضبارة","status":"passed","title":"يميّز نقض الفصل في الموضوع عن إعادة الإضبارة","duration":0.7264000000000124,"failureMessages":[],"meta":{}}],"startTime":1788623193839,"endTime":1788623193849.7263,"status":"passed","message":"","name":"C:/Users/HEX STORE/Downloads/New folder/src/app/domain/lawsuit/__tests__/cassationArt210.test.ts"},{"assertionResults":[{"ancestorTitles":["challengeAppellantEligibility"],"fullName":"challengeAppellantEligibility يميّز اعتراض الحكم الغيابي عن اعتراض الغير","status":"passed","title":"يميّز اعتراض الحكم الغيابي عن اعتراض الغير","duration":8.676700000000437,"failureMessages":[],"meta":{}},{"ancestorTitles":["challengeAppellantEligibility"],"fullName":"challengeAppellantEligibility اعتراض الحكم الغيابي يُبقي الغائبين فقط — لا الحاضر","status":"passed","title":"اعتراض الحكم الغيابي يُبقي الغائبين فقط — لا الحاضر","duration":2.7923000000000684,"failureMessages":[],"meta":{}},{"ancestorTitles":["challengeAppellantEligibility"],"fullName":"challengeAppellantEligibility الاستئناف المختلط يُبقي الحاضر والغائب الملزَم — الغائب يختار استئنافاً أو اعتراضاً","status":"passed","title":"الاستئناف المختلط يُبقي الحاضر والغائب الملزَم — الغائب يختار استئنافاً أو اعتراضاً","duration":0.9997000000003027,"failureMessages":[],"meta":{}},{"ancestorTitles":["challengeAppellantEligibility"],"fullName":"challengeAppellantEligibility الاستئناف المختلط يُبقي الاختصامي المستقل مع الحاضرين والغائبين الملزَمين","status":"passed","title":"الاستئناف المختلط يُبقي الاختصامي المستقل مع الحاضرين والغائبين الملزَمين","duration":1.7712000000001353,"failureMessages":[],"meta":{}},{"ancestorTitles":["challengeAppellantEligibility"],"fullName":"challengeAppellantEligibility استئناف الحكم المختلط يُظهر الغائبين أيضاً","status":"passed","title":"استئناف الحكم المختلط يُظهر الغائبين أيضاً","duration":0.9108999999998559,"failureMessages":[],"meta":{}},{"ancestorTitles":["challengeAppellantEligibility"],"fullName":"challengeAppellantEligibility تسجيل خصم غيابي بالكامل على الاستئناف يُبقي الغائبين (ترك الاعتراض)","status":"passed","title":"تسجيل خصم غيابي بالكامل على الاستئناف يُبقي الغائبين (ترك الاعتراض)","duration":0.6125000000001819,"failureMessages":[],"meta":{}},{"ancestorTitles":["challengeAppellantEligibility"],"fullName":"challengeAppellantEligibility بلا dispositions لا يُصفّي","status":"passed","title":"بلا dispositions لا يُصفّي","duration":0.5841999999997824,"failureMessages":[],"meta":{}},{"ancestorTitles":["challengeAppellantEligibility"],"fullName":"challengeAppellantEligibility حكم غيابي موحّد بلا تفريد يُبقي المدعى عليهم في الاعتراض","status":"passed","title":"حكم غيابي موحّد بلا تفريد يُبقي المدعى عليهم في الاعتراض","duration":0.881800000000112,"failureMessages":[],"meta":{}},{"ancestorTitles":["challengeAppellantEligibility"],"fullName":"challengeAppellantEligibility من مرحلة الاعتراض لا يُصفّي المستأنف بصفة حضور البداءة","status":"passed","title":"من مرحلة الاعتراض لا يُصفّي المستأنف بصفة حضور البداءة","duration":0.7328999999999724,"failureMessages":[],"meta":{}},{"ancestorTitles":["challengeAppellantEligibility"],"fullName":"challengeAppellantEligibility من استُهلك اعتراضه لا يبقى في قائمة الاعتراض ولا في الاستئناف","status":"passed","title":"من استُهلك اعتراضه لا يبقى في قائمة الاعتراض ولا في الاستئناف","duration":1.8874000000000706,"failureMessages":[],"meta":{}}],"startTime":1788623191406,"endTime":1788623191426.8875,"status":"passed","message":"","name":"C:/Users/HEX STORE/Downloads/New folder/src/app/domain/lawsuit/__tests__/challengeAppellantEligibility.test.ts"},{"assertionResults":[{"ancestorTitles":["Acceptance — مصفوفة التقاضي المدني (قرار نهائي)","حسم التعارضات (عقد ثابت)"],"fullName":"Acceptance — مصفوفة التقاضي المدني (قرار نهائي) حسم التعارضات (عقد ثابت) م/190: hasCrossAppeal خامل وFeature Flag مغلق","status":"passed","title":"م/190: hasCrossAppeal خامل وFeature Flag مغلق","duration":4.4990999999999985,"failureMessages":[],"meta":{}},{"ancestorTitles":["Acceptance — مصفوفة التقاضي المدني (قرار نهائي)","حسم التعارضات (عقد ثابت)"],"fullName":"Acceptance — مصفوفة التقاضي المدني (قرار نهائي) حسم التعارضات (عقد ثابت) م/172: القابل للتجزئة ⇒ Staging = FALSE حتى مع اعتراض غيابي معلّق","status":"passed","title":"م/172: القابل للتجزئة ⇒ Staging = FALSE حتى مع اعتراض غيابي معلّق","duration":1.0826999999999316,"failureMessages":[],"meta":{}},{"ancestorTitles":["Acceptance — مصفوفة التقاضي المدني (قرار نهائي)","حسم التعارضات (عقد ثابت)"],"fullName":"Acceptance — مصفوفة التقاضي المدني (قرار نهائي) حسم التعارضات (عقد ثابت) م/168: PARTIAL للاختصامي ⇒ canAppeal = true","status":"passed","title":"م/168: PARTIAL للاختصامي ⇒ canAppeal = true","duration":0.8764999999998508,"failureMessages":[],"meta":{}},{"ancestorTitles":["Acceptance — مصفوفة التقاضي المدني (قرار نهائي)","Hard Invariants — Sanity Check Table"],"fullName":"Acceptance — مصفوفة التقاضي المدني (قرار نهائي) Hard Invariants — Sanity Check Table 1) تفريد الخصوم: نتائج مختلفة ⇒ DispositionState مستقلة لكل طرف","status":"passed","title":"1) تفريد الخصوم: نتائج مختلفة ⇒ DispositionState مستقلة لكل طرف","duration":1.6864000000000487,"failureMessages":[],"meta":{}},{"ancestorTitles":["Acceptance — مصفوفة التقاضي المدني (قرار نهائي)","Hard Invariants — Sanity Check Table"],"fullName":"Acceptance — مصفوفة التقاضي المدني (قرار نهائي) Hard Invariants — Sanity Check Table 2) تعدد الطاعنين: شريط علوي spawn — لا دمج في عريضة واحدة ولا تعديل الملف المفتوح","status":"passed","title":"2) تعدد الطاعنين: شريط علوي spawn — لا دمج في عريضة واحدة ولا تعديل الملف المفتوح","duration":2.7016999999996187,"failureMessages":[],"meta":{}},{"ancestorTitles":["Acceptance — مصفوفة التقاضي المدني (قرار نهائي)","Hard Invariants — Sanity Check Table"],"fullName":"Acceptance — مصفوفة التقاضي المدني (قرار نهائي) Hard Invariants — Sanity Check Table 3) مهلة الغائب من التبليغ فقط — يُحظر النطق كمرساة","status":"passed","title":"3) مهلة الغائب من التبليغ فقط — يُحظر النطق كمرساة","duration":1.0618999999996959,"failureMessages":[],"meta":{}},{"ancestorTitles":["Acceptance — مصفوفة التقاضي المدني (قرار نهائي)","Hard Invariants — Sanity Check Table"],"fullName":"Acceptance — مصفوفة التقاضي المدني (قرار نهائي) Hard Invariants — Sanity Check Table 4) براءة مدعى عليه ⇒ EXEMPT/RELEASED وإقصاء من أزرار الطعن","status":"passed","title":"4) براءة مدعى عليه ⇒ EXEMPT/RELEASED وإقصاء من أزرار الطعن","duration":0.5819000000001324,"failureMessages":[],"meta":{}},{"ancestorTitles":["Acceptance — مصفوفة التقاضي المدني (قرار نهائي)","Hard Invariants — Sanity Check Table"],"fullName":"Acceptance — مصفوفة التقاضي المدني (قرار نهائي) Hard Invariants — Sanity Check Table 5) اعتراض غائب في دين قابل للتجزئة ⇒ لا استئخار","status":"passed","title":"5) اعتراض غائب في دين قابل للتجزئة ⇒ لا استئخار","duration":0.49220000000013897,"failureMessages":[],"meta":{}},{"ancestorTitles":["Acceptance — مصفوفة التقاضي المدني (قرار نهائي)","Hard Invariants — Sanity Check Table"],"fullName":"Acceptance — مصفوفة التقاضي المدني (قرار نهائي) Hard Invariants — Sanity Check Table 5b) استئناف مباشر للغائب (م/177) ⇒ يلغي الاستئخار","status":"passed","title":"5b) استئناف مباشر للغائب (م/177) ⇒ يلغي الاستئخار","duration":0.5127000000002226,"failureMessages":[],"meta":{}},{"ancestorTitles":["Acceptance — مصفوفة التقاضي المدني (قرار نهائي)","Hard Invariants — Sanity Check Table"],"fullName":"Acceptance — مصفوفة التقاضي المدني (قرار نهائي) Hard Invariants — Sanity Check Table 6) توحيد قضائي: رول موحد مع بقاء أرقام الأقلام — بلا طمس إداري","status":"passed","title":"6) توحيد قضائي: رول موحد مع بقاء أرقام الأقلام — بلا طمس إداري","duration":0.583100000000286,"failureMessages":[],"meta":{}},{"ancestorTitles":["Acceptance — مصفوفة التقاضي المدني (قرار نهائي)","Hard Invariants — Sanity Check Table"],"fullName":"Acceptance — مصفوفة التقاضي المدني (قرار نهائي) Hard Invariants — Sanity Check Table 7) منع التناقض البصري: مستأنِف+مستأنَف عليه للموكل ⇒ يتطلب إضبارة منشقة","status":"passed","title":"7) منع التناقض البصري: مستأنِف+مستأنَف عليه للموكل ⇒ يتطلب إضبارة منشقة","duration":0.39229999999997744,"failureMessages":[],"meta":{}},{"ancestorTitles":["Acceptance — مصفوفة التقاضي المدني (قرار نهائي)","Test Case 1 — فوز المدعي الكلي + غائب ملزَم تضامنياً"],"fullName":"Acceptance — مصفوفة التقاضي المدني (قرار نهائي) Test Case 1 — فوز المدعي الكلي + غائب ملزَم تضامنياً يفعّل الاستئخار ويعلّق طعون غير المعترض ويحجب المدعي","status":"passed","title":"يفعّل الاستئخار ويعلّق طعون غير المعترض ويحجب المدعي","duration":0.6014999999997599,"failureMessages":[],"meta":{}},{"ancestorTitles":["Acceptance — مصفوفة التقاضي المدني (قرار نهائي)","Test Case 2 — فوز الشخص الثالث الكلي"],"fullName":"Acceptance — مصفوفة التقاضي المدني (قرار نهائي) Test Case 2 — فوز الشخص الثالث الكلي يطفئ طعن الاختصامي ويفتح طعن المدعي والمدعى عليهم","status":"passed","title":"يطفئ طعن الاختصامي ويفتح طعن المدعي والمدعى عليهم","duration":0.39370000000008076,"failureMessages":[],"meta":{}},{"ancestorTitles":["Acceptance — مصفوفة التقاضي المدني (قرار نهائي)","Test Case 3 — رد الدعوى والتدخل + التزام قابل للتجزئة"],"fullName":"Acceptance — مصفوفة التقاضي المدني (قرار نهائي) Test Case 3 — رد الدعوى والتدخل + التزام قابل للتجزئة ينعدم الاستئخار لانتفاء الإلزام/التجزئة ويطفئ ساعات المدعى عليهم","status":"passed","title":"ينعدم الاستئخار لانتفاء الإلزام/التجزئة ويطفئ ساعات المدعى عليهم","duration":0.41560000000026776,"failureMessages":[],"meta":{}},{"ancestorTitles":["Acceptance — مصفوفة التقاضي المدني (قرار نهائي)","Test Case 4 — حكم مركّب + انقلاب مراكز بعد اعتراض ناجح"],"fullName":"Acceptance — مصفوفة التقاضي المدني (قرار نهائي) Test Case 4 — حكم مركّب + انقلاب مراكز بعد اعتراض ناجح يولّد إضبارة منشقة ويبقي المبرَّأ EXEMPT ويفك استئخار (1)","status":"passed","title":"يولّد إضبارة منشقة ويبقي المبرَّأ EXEMPT ويفك استئخار (1)","duration":0.7458999999998923,"failureMessages":[],"meta":{}}],"startTime":1788623183874,"endTime":1788623183891.7458,"status":"passed","message":"","name":"C:/Users/HEX STORE/Downloads/New folder/src/app/domain/lawsuit/__tests__/civilLitigationMatrix.acceptance.test.ts"},{"assertionResults":[{"ancestorTitles":["courtReferral"],"fullName":"courtReferral keeps original court visible while pending","status":"passed","title":"keeps original court visible while pending","duration":4.904500000000098,"failureMessages":[],"meta":{}},{"ancestorTitles":["courtReferral"],"fullName":"courtReferral shows referred court only after acceptance","status":"passed","title":"shows referred court only after acceptance","duration":0.9250999999999294,"failureMessages":[],"meta":{}},{"ancestorTitles":["courtReferral"],"fullName":"courtReferral reverts display after rejection","status":"passed","title":"reverts display after rejection","duration":0.9476999999997133,"failureMessages":[],"meta":{}},{"ancestorTitles":["courtReferral"],"fullName":"courtReferral reads pending referral for modal","status":"passed","title":"reads pending referral for modal","duration":1.2067999999999302,"failureMessages":[],"meta":{}},{"ancestorTitles":["courtReferral"],"fullName":"courtReferral merges modal draft when stage state is stale","status":"passed","title":"merges modal draft when stage state is stale","duration":0.6939000000002125,"failureMessages":[],"meta":{}}],"startTime":1788623206446,"endTime":1788623206454.6938,"status":"passed","message":"","name":"C:/Users/HEX STORE/Downloads/New folder/src/app/domain/lawsuit/__tests__/courtReferral.test.ts"},{"assertionResults":[{"ancestorTitles":["incidentalSpawnPrefill"],"fullName":"incidentalSpawnPrefill detects counter-allowed stages","status":"passed","title":"detects counter-allowed stages","duration":4.347500000000309,"failureMessages":[],"meta":{}},{"ancestorTitles":["incidentalSpawnPrefill"],"fullName":"incidentalSpawnPrefill builds parent snapshot from active stage","status":"passed","title":"builds parent snapshot from active stage","duration":3.002900000000409,"failureMessages":[],"meta":{}},{"ancestorTitles":["incidentalSpawnPrefill"],"fullName":"incidentalSpawnPrefill joined prefill keeps plaintiff/defendant sides","status":"passed","title":"joined prefill keeps plaintiff/defendant sides","duration":3.016200000000026,"failureMessages":[],"meta":{}},{"ancestorTitles":["incidentalSpawnPrefill"],"fullName":"incidentalSpawnPrefill counter prefill swaps sides","status":"passed","title":"counter prefill swaps sides","duration":0.9697000000001026,"failureMessages":[],"meta":{}},{"ancestorTitles":["incidentalSpawnPrefill"],"fullName":"incidentalSpawnPrefill requires filing party when multiple candidates","status":"passed","title":"requires filing party when multiple candidates","duration":0.8133000000002539,"failureMessages":[],"meta":{}},{"ancestorTitles":["incidentalSpawnPrefill"],"fullName":"incidentalSpawnPrefill joined with multiple defendants requires opposing pick","status":"passed","title":"joined with multiple defendants requires opposing pick","duration":0.8931999999999789,"failureMessages":[],"meta":{}},{"ancestorTitles":["incidentalSpawnPrefill"],"fullName":"incidentalSpawnPrefill uses stage override when enriching spawn context","status":"passed","title":"uses stage override when enriching spawn context","duration":0.7168000000001484,"failureMessages":[],"meta":{}}],"startTime":1788623191371,"endTime":1788623191384.7168,"status":"passed","message":"","name":"C:/Users/HEX STORE/Downloads/New folder/src/app/domain/lawsuit/__tests__/incidentalSpawnPrefill.test.ts"},{"assertionResults":[{"ancestorTitles":["independentChallengeDossier"],"fullName":"independentChallengeDossier لا يستقل أول استئناف من البداءة بلا رول مستخرج","status":"passed","title":"لا يستقل أول استئناف من البداءة بلا رول مستخرج","duration":4.422100000000228,"failureMessages":[],"meta":{}},{"ancestorTitles":["independentChallengeDossier"],"fullName":"independentChallengeDossier يستقل الاستئناف اللاحق من البداءة عند وجود رول استئناف مفتوح (طرف لاحق)","status":"passed","title":"يستقل الاستئناف اللاحق من البداءة عند وجود رول استئناف مفتوح (طرف لاحق)","duration":1.0670000000000073,"failureMessages":[],"meta":{}},{"ancestorTitles":["independentChallengeDossier"],"fullName":"independentChallengeDossier يستقل الاستئناف من الاعتراض عند إبطال الحكم الغيابي (انقلاب مراكز)","status":"passed","title":"يستقل الاستئناف من الاعتراض عند إبطال الحكم الغيابي (انقلاب مراكز)","duration":0.9630999999999403,"failureMessages":[],"meta":{}},{"ancestorTitles":["independentChallengeDossier"],"fullName":"independentChallengeDossier يستقل الاستئناف بعد تأييد الاعتراض إن وُجد رول استئناف قائم (طرف لاحق)","status":"passed","title":"يستقل الاستئناف بعد تأييد الاعتراض إن وُجد رول استئناف قائم (طرف لاحق)","duration":0.489100000000235,"failureMessages":[],"meta":{}},{"ancestorTitles":["independentChallengeDossier"],"fullName":"independentChallengeDossier أول اعتراض غيابي يبقى hop داخل الملف","status":"passed","title":"أول اعتراض غيابي يبقى hop داخل الملف","duration":0.4654000000000451,"failureMessages":[],"meta":{}},{"ancestorTitles":["independentChallengeDossier"],"fullName":"independentChallengeDossier اعتراض غيابي لاحق يستقل عند وجود اعتراض مفتوح","status":"passed","title":"اعتراض غيابي لاحق يستقل عند وجود اعتراض مفتوح","duration":0.44650000000001455,"failureMessages":[],"meta":{}},{"ancestorTitles":["independentChallengeDossier"],"fullName":"independentChallengeDossier التمييز من مرحلة الاستئناف يبقى hop متعاقباً","status":"passed","title":"التمييز من مرحلة الاستئناف يبقى hop متعاقباً","duration":0.4202999999997701,"failureMessages":[],"meta":{}},{"ancestorTitles":["independentChallengeDossier"],"fullName":"independentChallengeDossier ينشئ إضبارة جديدة ويقفل المصدر دون لمس مرحلة الاستئناف المستخرجة","status":"passed","title":"ينشئ إضبارة جديدة ويقفل المصدر دون لمس مرحلة الاستئناف المستخرجة","duration":2.869699999999739,"failureMessages":[],"meta":{}},{"ancestorTitles":["independentChallengeDossier"],"fullName":"independentChallengeDossier لا يرث محكمة البداءة على الإضبارة المستقلة عندما لا يُدخل رقم/محكمة","status":"passed","title":"لا يرث محكمة البداءة على الإضبارة المستقلة عندما لا يُدخل رقم/محكمة","duration":1.7951999999995678,"failureMessages":[],"meta":{}},{"ancestorTitles":["independentChallengeDossier"],"fullName":"independentChallengeDossier يحفظ رقم الدعوى والمحكمة كما أُدخلا دون اختراع «جديد»","status":"passed","title":"يحفظ رقم الدعوى والمحكمة كما أُدخلا دون اختراع «جديد»","duration":0.6882000000000517,"failureMessages":[],"meta":{}}],"startTime":1788623186339,"endTime":1788623186352.6882,"status":"passed","message":"","name":"C:/Users/HEX STORE/Downloads/New folder/src/app/domain/lawsuit/__tests__/independentChallengeDossier.test.ts"},{"assertionResults":[{"ancestorTitles":["عقد المصلحة S1 — محاكاة","يطابق العقد"],"fullName":"عقد المصلحة S1 — محاكاة يطابق العقد الاختصامي خارج مصفوفة الحضور/الغياب","status":"passed","title":"الاختصامي خارج مصفوفة الحضور/الغياب","duration":7.929200000000037,"failureMessages":[],"meta":{}},{"ancestorTitles":["عقد المصلحة S1 — محاكاة","يطابق العقد"],"fullName":"عقد المصلحة S1 — محاكاة يطابق العقد مصلحة الموكل عند فوز المدعي بالكامل","status":"passed","title":"مصلحة الموكل عند فوز المدعي بالكامل","duration":1.0985000000000582,"failureMessages":[],"meta":{}},{"ancestorTitles":["عقد المصلحة S1 — محاكاة","يطابق العقد"],"fullName":"عقد المصلحة S1 — محاكاة يطابق العقد resolveFirstInstanceHadoriAppealRights يمرّر لمحرك الاختصامي","status":"passed","title":"resolveFirstInstanceHadoriAppealRights يمرّر لمحرك الاختصامي","duration":2.8921000000000276,"failureMessages":[],"meta":{}},{"ancestorTitles":["عقد المصلحة S1 — محاكاة","يطابق العقد"],"fullName":"عقد المصلحة S1 — محاكاة يطابق العقد فلتر الاعتراض يُبقي الغائب (3) فقط","status":"passed","title":"فلتر الاعتراض يُبقي الغائب (3) فقط","duration":1.3884000000002743,"failureMessages":[],"meta":{}},{"ancestorTitles":["عقد المصلحة S1 — محاكاة","يطابق العقد"],"fullName":"عقد المصلحة S1 — محاكاة يطابق العقد فلتر الاستئناف المختلط يُبقي الحاضرين والغائب الملزَم + الاختصامي","status":"passed","title":"فلتر الاستئناف المختلط يُبقي الحاضرين والغائب الملزَم + الاختصامي","duration":0.8164999999999054,"failureMessages":[],"meta":{}},{"ancestorTitles":["عقد المصلحة S1 — محاكاة","يطابق العقد"],"fullName":"عقد المصلحة S1 — محاكاة يطابق العقد لا يُعرض استئخار 172 بلا اعتراض مقيد","status":"passed","title":"لا يُعرض استئخار 172 بلا اعتراض مقيد","duration":0.9703999999996995,"failureMessages":[],"meta":{}},{"ancestorTitles":["عقد المصلحة S1 — محاكاة","يطابق العقد"],"fullName":"عقد المصلحة S1 — محاكاة يطابق العقد يُعرض استئخار 172 عند اعتراض غيابي قائم","status":"passed","title":"يُعرض استئخار 172 عند اعتراض غيابي قائم","duration":1.1498000000001412,"failureMessages":[],"meta":{}},{"ancestorTitles":["عقد المصلحة S1 — محاكاة","يطابق العقد"],"fullName":"عقد المصلحة S1 — محاكاة يطابق العقد الاعتراض الغيابي لا يستقل عن الملف","status":"passed","title":"الاعتراض الغيابي لا يستقل عن الملف","duration":0.9499000000000706,"failureMessages":[],"meta":{}},{"ancestorTitles":["عقد المصلحة S1 — محاكاة","يطابق العقد"],"fullName":"عقد المصلحة S1 — محاكاة يطابق العقد بعد إبطال الحكم الغيابي: عريضة مدعي أصلية جديدة","status":"passed","title":"بعد إبطال الحكم الغيابي: عريضة مدعي أصلية جديدة","duration":2.4127000000003136,"failureMessages":[],"meta":{}},{"ancestorTitles":["عقد المصلحة S1 — محاكاة","يطابق العقد"],"fullName":"عقد المصلحة S1 — محاكاة يطابق العقد من الاعتراض مع رول مستخرج وإبطال: باب استقلال الاستئناف (انقلاب مراكز)","status":"passed","title":"من الاعتراض مع رول مستخرج وإبطال: باب استقلال الاستئناف (انقلاب مراكز)","duration":0.9477999999999156,"failureMessages":[],"meta":{}},{"ancestorTitles":["عقد المصلحة S1 — محاكاة","فجوات صريحة (لا تُخفى)"],"fullName":"عقد المصلحة S1 — محاكاة فجوات صريحة (لا تُخفى) S1 fixtures بلا مفتاح operative — التطبيع يفترض bound","status":"passed","title":"S1 fixtures بلا مفتاح operative — التطبيع يفترض bound","duration":0.4748999999997068,"failureMessages":[],"meta":{}},{"ancestorTitles":["عقد المصلحة S1 — محاكاة","فجوات صريحة (لا تُخفى)"],"fullName":"عقد المصلحة S1 — محاكاة فجوات صريحة (لا تُخفى) بعد التأييد مع رول قائم: استقلال الطعن اللاحق (لا ضم/متقابل)","status":"passed","title":"بعد التأييد مع رول قائم: استقلال الطعن اللاحق (لا ضم/متقابل)","duration":1.3802999999998065,"failureMessages":[],"meta":{}}],"startTime":1788623181922,"endTime":1788623181945.3804,"status":"passed","message":"","name":"C:/Users/HEX STORE/Downloads/New folder/src/app/domain/lawsuit/__tests__/interestContractS1.simulation.test.ts"},{"assertionResults":[{"ancestorTitles":["عقد المصلحة S2 — محاكاة فوز الاختصامي","يطابق العقد"],"fullName":"عقد المصلحة S2 — محاكاة فوز الاختصامي يطابق العقد حقوق المصلحة: اختصامي ينتظر، مدعي يطعن، مدعى عليه ينتظر","status":"passed","title":"حقوق المصلحة: اختصامي ينتظر، مدعي يطعن، مدعى عليه ينتظر","duration":4.945699999999761,"failureMessages":[],"meta":{}},{"ancestorTitles":["عقد المصلحة S2 — محاكاة فوز الاختصامي","يطابق العقد"],"fullName":"عقد المصلحة S2 — محاكاة فوز الاختصامي يطابق العقد وضع الإضبارة against_interpleader عندما الموكل مدعي","status":"passed","title":"وضع الإضبارة against_interpleader عندما الموكل مدعي","duration":1.9823999999998705,"failureMessages":[],"meta":{}},{"ancestorTitles":["عقد المصلحة S2 — محاكاة فوز الاختصامي","يطابق العقد"],"fullName":"عقد المصلحة S2 — محاكاة فوز الاختصامي يطابق العقد فلتر الاعتراض يُبقي الغائب فقط — الاختصامي لا يسلك الاعتراض","status":"passed","title":"فلتر الاعتراض يُبقي الغائب فقط — الاختصامي لا يسلك الاعتراض","duration":2.2440999999998894,"failureMessages":[],"meta":{}},{"ancestorTitles":["عقد المصلحة S2 — محاكاة فوز الاختصامي","يطابق العقد"],"fullName":"عقد المصلحة S2 — محاكاة فوز الاختصامي يطابق العقد استئخار 172 عند اعتراض (3) القائم","status":"passed","title":"استئخار 172 عند اعتراض (3) القائم","duration":1.7638999999999214,"failureMessages":[],"meta":{}},{"ancestorTitles":["عقد المصلحة S2 — محاكاة فوز الاختصامي","يطابق العقد"],"fullName":"عقد المصلحة S2 — محاكاة فوز الاختصامي يطابق العقد بعد فوز المعترض ضد الاختصامي: استقلال استئناف الاختصامي/المدعي عند الإبطال","status":"passed","title":"بعد فوز المعترض ضد الاختصامي: استقلال استئناف الاختصامي/المدعي عند الإبطال","duration":0.7707000000000335,"failureMessages":[],"meta":{}},{"ancestorTitles":["عقد المصلحة S2 — محاكاة فوز الاختصامي","مصلحة الطعن"],"fullName":"عقد المصلحة S2 — محاكاة فوز الاختصامي مصلحة الطعن يسقط المدعى عليهما والاختصامي الكاسبين من مسار الاستئناف المختلط؛ المدعي يبقى عند تمريره","status":"passed","title":"يسقط المدعى عليهما والاختصامي الكاسبين من مسار الاستئناف المختلط؛ المدعي يبقى عند تمريره","duration":1.3780000000001564,"failureMessages":[],"meta":{}}],"startTime":1788623189306,"endTime":1788623189320.378,"status":"passed","message":"","name":"C:/Users/HEX STORE/Downloads/New folder/src/app/domain/lawsuit/__tests__/interestContractS2.simulation.test.ts"},{"assertionResults":[{"ancestorTitles":["عقد المصلحة S3 — محاكاة فوز المدعى عليهم","يطابق العقد"],"fullName":"عقد المصلحة S3 — محاكاة فوز المدعى عليهم يطابق العقد حقوق المصلحة: مدعى عليه ينتظر؛ مدعي واختصامي يطعنان","status":"passed","title":"حقوق المصلحة: مدعى عليه ينتظر؛ مدعي واختصامي يطعنان","duration":4.712799999999788,"failureMessages":[],"meta":{}},{"ancestorTitles":["عقد المصلحة S3 — محاكاة فوز المدعى عليهم","يطابق العقد"],"fullName":"عقد المصلحة S3 — محاكاة فوز المدعى عليهم يطابق العقد وضع interpleader_appellant عندما الموكل اختصامي خاسر","status":"passed","title":"وضع interpleader_appellant عندما الموكل اختصامي خاسر","duration":1.8566999999998188,"failureMessages":[],"meta":{}},{"ancestorTitles":["عقد المصلحة S3 — محاكاة فوز المدعى عليهم","يطابق العقد"],"fullName":"عقد المصلحة S3 — محاكاة فوز المدعى عليهم يطابق العقد لا اعتراض غيابي عند تفريد حضور كامل — الفلتر لا يُبقي أحداً للاعتراض","status":"passed","title":"لا اعتراض غيابي عند تفريد حضور كامل — الفلتر لا يُبقي أحداً للاعتراض","duration":1.7145000000000437,"failureMessages":[],"meta":{}},{"ancestorTitles":["عقد المصلحة S3 — محاكاة فوز المدعى عليهم","يطابق العقد"],"fullName":"عقد المصلحة S3 — محاكاة فوز المدعى عليهم يطابق العقد انعدام الاستئخار: لا غيابي → لا اعتراض قائم → لا عرض 172","status":"passed","title":"انعدام الاستئخار: لا غيابي → لا اعتراض قائم → لا عرض 172","duration":1.2900999999997111,"failureMessages":[],"meta":{}},{"ancestorTitles":["عقد المصلحة S3 — محاكاة فوز المدعى عليهم","مصلحة الطعن"],"fullName":"عقد المصلحة S3 — محاكاة فوز المدعى عليهم مصلحة الطعن فلتر المصلحة يُبقي المدعي والاختصامي ويسقط المدعى عليهم الكاسبين","status":"passed","title":"فلتر المصلحة يُبقي المدعي والاختصامي ويسقط المدعى عليهم الكاسبين","duration":0.987999999999829,"failureMessages":[],"meta":{}},{"ancestorTitles":["عقد المصلحة S3 — محاكاة فوز المدعى عليهم","حدود S3"],"fullName":"عقد المصلحة S3 — محاكاة فوز المدعى عليهم حدود S3 fixtures بلا operative — إطفاء الكاسب عبر operative لا عبر CaseStage.EXEMPT","status":"passed","title":"fixtures بلا operative — إطفاء الكاسب عبر operative لا عبر CaseStage.EXEMPT","duration":0.7988000000000284,"failureMessages":[],"meta":{}}],"startTime":1788623189474,"endTime":1788623189485.7988,"status":"passed","message":"","name":"C:/Users/HEX STORE/Downloads/New folder/src/app/domain/lawsuit/__tests__/interestContractS3.simulation.test.ts"},{"assertionResults":[{"ancestorTitles":["عقد المصلحة S4 — مركّب bound|released"],"fullName":"عقد المصلحة S4 — مركّب bound|released حقوق جزئية: المحرك يعطي self_appeal للاختصام الجزئي (مسار اختصام مستقل)","status":"passed","title":"حقوق جزئية: المحرك يعطي self_appeal للاختصام الجزئي (مسار اختصام مستقل)","duration":4.879899999999907,"failureMessages":[],"meta":{}},{"ancestorTitles":["عقد المصلحة S4 — مركّب bound|released"],"fullName":"عقد المصلحة S4 — مركّب bound|released أي released يفرض رد جزئي حتى لو اختير إجابة كاملة","status":"passed","title":"أي released يفرض رد جزئي حتى لو اختير إجابة كاملة","duration":1.0626999999999498,"failureMessages":[],"meta":{}},{"ancestorTitles":["عقد المصلحة S4 — مركّب bound|released"],"fullName":"عقد المصلحة S4 — مركّب bound|released فلتر الحضور يسقط المبرَّأ (2) ويبقي الحاضر والغائب الملزَمين + الاختصامي","status":"passed","title":"فلتر الحضور يسقط المبرَّأ (2) ويبقي الحاضر والغائب الملزَمين + الاختصامي","duration":2.1484999999997854,"failureMessages":[],"meta":{}},{"ancestorTitles":["عقد المصلحة S4 — مركّب bound|released"],"fullName":"عقد المصلحة S4 — مركّب bound|released مصلحة الاستئناف: المبرَّأ لا يطعن؛ المدعي الموكل يُضم عند وجود رد فردي","status":"passed","title":"مصلحة الاستئناف: المبرَّأ لا يطعن؛ المدعي الموكل يُضم عند وجود رد فردي","duration":1.976799999999912,"failureMessages":[],"meta":{}},{"ancestorTitles":["عقد المصلحة S4 — مركّب bound|released"],"fullName":"عقد المصلحة S4 — مركّب bound|released بطاقة المبرَّأ waived بلا مهلة","status":"passed","title":"بطاقة المبرَّأ waived بلا مهلة","duration":1.4270000000001346,"failureMessages":[],"meta":{}},{"ancestorTitles":["عقد المصلحة S4 — مركّب bound|released"],"fullName":"عقد المصلحة S4 — مركّب bound|released استئخار يعمل بوجود غيابي ملزَم + اعتراض — المبرَّأ لا يلغي م/172","status":"passed","title":"استئخار يعمل بوجود غيابي ملزَم + اعتراض — المبرَّأ لا يلغي م/172","duration":1.4960999999998421,"failureMessages":[],"meta":{}},{"ancestorTitles":["عقد المصلحة S4 — مركّب bound|released"],"fullName":"عقد المصلحة S4 — مركّب bound|released EXEMPT على CaseStage ما زال مرفوضاً — الإطفاء عبر operative فقط","status":"passed","title":"EXEMPT على CaseStage ما زال مرفوضاً — الإطفاء عبر operative فقط","duration":0.8701999999998407,"failureMessages":[],"meta":{}}],"startTime":1788623186066,"endTime":1788623186079.87,"status":"passed","message":"","name":"C:/Users/HEX STORE/Downloads/New folder/src/app/domain/lawsuit/__tests__/interestContractS4.simulation.test.ts"},{"assertionResults":[{"ancestorTitles":["مصفوفة شاملة — شخص ثالث اختصامي × النتائج × المراكز"],"fullName":"مصفوفة شاملة — شخص ثالث اختصامي × النتائج × المراكز ثابت بنيوي: الاختصامي خارج تفريد الحضور/الغياب دائماً","status":"passed","title":"ثابت بنيوي: الاختصامي خارج تفريد الحضور/الغياب دائماً","duration":5.241899999999987,"failureMessages":[],"meta":{}},{"ancestorTitles":["مصفوفة شاملة — شخص ثالث اختصامي × النتائج × المراكز"],"fullName":"مصفوفة شاملة — شخص ثالث اختصامي × النتائج × المراكز حقوق الطعن لكل مركز — إجابة دعوى المدعي (بالكامل)","status":"passed","title":"حقوق الطعن لكل مركز — إجابة دعوى المدعي (بالكامل)","duration":2.1195999999999913,"failureMessages":[],"meta":{}},{"ancestorTitles":["مصفوفة شاملة — شخص ثالث اختصامي × النتائج × المراكز"],"fullName":"مصفوفة شاملة — شخص ثالث اختصامي × النتائج × المراكز حقوق الطعن لكل مركز — الحكم للشخص الثالث الاختصامي (بطلباته)","status":"passed","title":"حقوق الطعن لكل مركز — الحكم للشخص الثالث الاختصامي (بطلباته)","duration":0.9810999999999694,"failureMessages":[],"meta":{}},{"ancestorTitles":["مصفوفة شاملة — شخص ثالث اختصامي × النتائج × المراكز"],"fullName":"مصفوفة شاملة — شخص ثالث اختصامي × النتائج × المراكز حقوق الطعن لكل مركز — رد الدعوى الأصلية ورد طلب التدخل","status":"passed","title":"حقوق الطعن لكل مركز — رد الدعوى الأصلية ورد طلب التدخل","duration":0.702900000000227,"failureMessages":[],"meta":{}},{"ancestorTitles":["مصفوفة شاملة — شخص ثالث اختصامي × النتائج × المراكز"],"fullName":"مصفوفة شاملة — شخص ثالث اختصامي × النتائج × المراكز حقوق الطعن لكل مركز — إجابة دعوى المدعي (جزئياً)","status":"passed","title":"حقوق الطعن لكل مركز — إجابة دعوى المدعي (جزئياً)","duration":0.6514999999999418,"failureMessages":[],"meta":{}},{"ancestorTitles":["مصفوفة شاملة — شخص ثالث اختصامي × النتائج × المراكز"],"fullName":"مصفوفة شاملة — شخص ثالث اختصامي × النتائج × المراكز حقوق الطعن لكل مركز — إجابة طلب الشخص الثالث (جزئياً)","status":"passed","title":"حقوق الطعن لكل مركز — إجابة طلب الشخص الثالث (جزئياً)","duration":0.5873999999994339,"failureMessages":[],"meta":{}},{"ancestorTitles":["مصفوفة شاملة — شخص ثالث اختصامي × النتائج × المراكز"],"fullName":"مصفوفة شاملة — شخص ثالث اختصامي × النتائج × المراكز حقوق الطعن لكل مركز — إبطال عريضة الدعوى وعريضة التدخل","status":"passed","title":"حقوق الطعن لكل مركز — إبطال عريضة الدعوى وعريضة التدخل","duration":0.47770000000036816,"failureMessages":[],"meta":{}},{"ancestorTitles":["مصفوفة شاملة — شخص ثالث اختصامي × النتائج × المراكز"],"fullName":"مصفوفة شاملة — شخص ثالث اختصامي × النتائج × المراكز وضع إضبارة الطعن حسب الموكل × النتيجة","status":"passed","title":"وضع إضبارة الطعن حسب الموكل × النتيجة","duration":2.335900000000038,"failureMessages":[],"meta":{}},{"ancestorTitles":["مصفوفة شاملة — شخص ثالث اختصامي × النتائج × المراكز"],"fullName":"مصفوفة شاملة — شخص ثالث اختصامي × النتائج × المراكز فلتر الحضور + المصلحة: من يظهر في قائمة الاستئناف المختلط لكل نتيجة","status":"passed","title":"فلتر الحضور + المصلحة: من يظهر في قائمة الاستئناف المختلط لكل نتيجة","duration":4.310899999999492,"failureMessages":[],"meta":{}},{"ancestorTitles":["مصفوفة شاملة — شخص ثالث اختصامي × النتائج × المراكز"],"fullName":"مصفوفة شاملة — شخص ثالث اختصامي × النتائج × المراكز مسار الاعتراض: الاختصامي لا يدخل؛ الغائب فقط؛ لا يُصفّى بمصلحة الحكم البدائي","status":"passed","title":"مسار الاعتراض: الاختصامي لا يدخل؛ الغائب فقط؛ لا يُصفّى بمصلحة الحكم البدائي","duration":1.5024999999995998,"failureMessages":[],"meta":{}},{"ancestorTitles":["مصفوفة شاملة — شخص ثالث اختصامي × النتائج × المراكز"],"fullName":"مصفوفة شاملة — شخص ثالث اختصامي × النتائج × المراكز استئخار 172: مع غيابي+اعتراض يعمل؛ مع حضور كامل لا يعمل — لكل نتائج الحكم","status":"passed","title":"استئخار 172: مع غيابي+اعتراض يعمل؛ مع حضور كامل لا يعمل — لكل نتائج الحكم","duration":2.922899999999572,"failureMessages":[],"meta":{}},{"ancestorTitles":["مصفوفة شاملة — شخص ثالث اختصامي × النتائج × المراكز"],"fullName":"مصفوفة شاملة — شخص ثالث اختصامي × النتائج × المراكز استقلال الإضبارة: استئناف لاحق من الاعتراض ينشق مع رول استئناف مفتوح (إبطال أو تأييد)","status":"passed","title":"استقلال الإضبارة: استئناف لاحق من الاعتراض ينشق مع رول استئناف مفتوح (إبطال أو تأييد)","duration":0.7895000000007713,"failureMessages":[],"meta":{}},{"ancestorTitles":["مصفوفة شاملة — شخص ثالث اختصامي × النتائج × المراكز"],"fullName":"مصفوفة شاملة — شخص ثالث اختصامي × النتائج × المراكز awaitingOpponent: الكاسب ينتظر فقط (full_win في محرك النتيجة)","status":"passed","title":"awaitingOpponent: الكاسب ينتظر فقط (full_win في محرك النتيجة)","duration":0.42399999999997817,"failureMessages":[],"meta":{}}],"startTime":1788623178649,"endTime":1788623178672.424,"status":"passed","message":"","name":"C:/Users/HEX STORE/Downloads/New folder/src/app/domain/lawsuit/__tests__/interpleaderFullMatrix.simulation.test.ts"},{"assertionResults":[{"ancestorTitles":["joinGhayabiObjector"],"fullName":"joinGhayabiObjector يسرد الغائبين المبلَّغين داخل مهلة العشرة أيام فقط","status":"passed","title":"يسرد الغائبين المبلَّغين داخل مهلة العشرة أيام فقط","duration":6.635000000000218,"failureMessages":[],"meta":{}},{"ancestorTitles":["joinGhayabiObjector"],"fullName":"joinGhayabiObjector يصوغ بانر الاعتراض الموحد بأسماء المعترضين","status":"passed","title":"يصوغ بانر الاعتراض الموحد بأسماء المعترضين","duration":0.9033999999996922,"failureMessages":[],"meta":{}}],"startTime":1788623199557,"endTime":1788623199563.9033,"status":"passed","message":"","name":"C:/Users/HEX STORE/Downloads/New folder/src/app/domain/lawsuit/__tests__/joinGhayabiObjector.test.ts"},{"assertionResults":[{"ancestorTitles":["lawsuitActiveDurability"],"fullName":"lawsuitActiveDurability detects poorer list that drops ids","status":"passed","title":"detects poorer list that drops ids","duration":5.291500000000269,"failureMessages":[],"meta":{}},{"ancestorTitles":["lawsuitActiveDurability"],"fullName":"lawsuitActiveDurability merge keeps existing ids when create list is partial","status":"passed","title":"merge keeps existing ids when create list is partial","duration":2.55580000000009,"failureMessages":[],"meta":{}},{"ancestorTitles":["lawsuitActiveDurability"],"fullName":"lawsuitActiveDurability لا يعيد إحياء معرّف موجود في السلة عند دمج قرص أغنى","status":"passed","title":"لا يعيد إحياء معرّف موجود في السلة عند دمج قرص أغنى","duration":0.854200000000219,"failureMessages":[],"meta":{}}],"startTime":1788623208056,"endTime":1788623208064.8542,"status":"passed","message":"","name":"C:/Users/HEX STORE/Downloads/New folder/src/app/domain/lawsuit/__tests__/lawsuitActiveDurability.test.ts"},{"assertionResults":[{"ancestorTitles":["lawsuitDurabilityGate"],"fullName":"lawsuitDurabilityGate persistLawsuitActiveBundle is the single write funnel for active+index+mirror","status":"passed","title":"persistLawsuitActiveBundle is the single write funnel for active+index+mirror","duration":10.312199999999848,"failureMessages":[],"meta":{}},{"ancestorTitles":["lawsuitDurabilityGate"],"fullName":"lawsuitDurabilityGate repository and hooks route autosave through the gate","status":"passed","title":"repository and hooks route autosave through the gate","duration":2.2567000000003645,"failureMessages":[],"meta":{}},{"ancestorTitles":["lawsuitDurabilityGate"],"fullName":"lawsuitDurabilityGate allowShrink still merges pending personal create into the written active list","status":"passed","title":"allowShrink still merges pending personal create into the written active list","duration":12.044100000000071,"failureMessages":[],"meta":{}},{"ancestorTitles":["lawsuitDurabilityGate"],"fullName":"lawsuitDurabilityGate poorer bundle does not shrink a richer active segment","status":"passed","title":"poorer bundle does not shrink a richer active segment","duration":2.7608000000000175,"failureMessages":[],"meta":{}},{"ancestorTitles":["lawsuitDurabilityGate"],"fullName":"lawsuitDurabilityGate allowShrink + trash duplicate of every active id does not wipe active to []","status":"passed","title":"allowShrink + trash duplicate of every active id does not wipe active to []","duration":2.465299999999843,"failureMessages":[],"meta":{}},{"ancestorTitles":["lawsuitDurabilityGate"],"fullName":"lawsuitDurabilityGate allowShrink without trash/archive proof refuses emptying richer disk","status":"passed","title":"allowShrink without trash/archive proof refuses emptying richer disk","duration":1.9193999999997686,"failureMessages":[],"meta":{}},{"ancestorTitles":["lawsuitDurabilityGate"],"fullName":"lawsuitDurabilityGate allowShrink with proven trash move shrinks only the moved id","status":"passed","title":"allowShrink with proven trash move shrinks only the moved id","duration":1.6608000000001084,"failureMessages":[],"meta":{}}],"startTime":1788623174277,"endTime":1788623174337.661,"status":"passed","message":"","name":"C:/Users/HEX STORE/Downloads/New folder/src/app/domain/lawsuit/__tests__/lawsuitDurabilityGate.test.ts"},{"assertionResults":[{"ancestorTitles":["lawsuitDurabilityOverlay"],"fullName":"lawsuitDurabilityOverlay merges pending then journal into active","status":"passed","title":"merges pending then journal into active","duration":9.688200000000052,"failureMessages":[],"meta":{}},{"ancestorTitles":["lawsuitDurabilityOverlay"],"fullName":"lawsuitDurabilityOverlay pruneLawsuitDurabilityOverlaysForFileIds clears pending and journal","status":"passed","title":"pruneLawsuitDurabilityOverlaysForFileIds clears pending and journal","duration":27.21160000000009,"failureMessages":[],"meta":{}},{"ancestorTitles":["lawsuitDurabilityOverlay"],"fullName":"lawsuitDurabilityOverlay archive transaction prunes durability overlays for moved file","status":"passed","title":"archive transaction prunes durability overlays for moved file","duration":16.413500000000113,"failureMessages":[],"meta":{}},{"ancestorTitles":["lawsuitDurabilityOverlay"],"fullName":"lawsuitDurabilityOverlay finalizeLawsuitDurabilityAfterCommit clears pending and journal after disk proof","status":"passed","title":"finalizeLawsuitDurabilityAfterCommit clears pending and journal after disk proof","duration":2.8837000000003172,"failureMessages":[],"meta":{}}],"startTime":1788623173047,"endTime":1788623173103.8838,"status":"passed","message":"","name":"C:/Users/HEX STORE/Downloads/New folder/src/app/domain/lawsuit/__tests__/lawsuitDurabilityOverlay.test.ts"},{"assertionResults":[{"ancestorTitles":["lawsuitDurabilityVerify — golden pending rule"],"fullName":"lawsuitDurabilityVerify — golden pending rule لا يمسح المعلّق عند commit.ok بدون إثبات قرص","status":"passed","title":"لا يمسح المعلّق عند commit.ok بدون إثبات قرص","duration":9.733600000000024,"failureMessages":[],"meta":{}},{"ancestorTitles":["lawsuitDurabilityVerify — golden pending rule"],"fullName":"lawsuitDurabilityVerify — golden pending rule لا يمسح المعلّق في نفس صفحة الإنشاء حتى بعد إثبات قرص","status":"passed","title":"لا يمسح المعلّق في نفس صفحة الإنشاء حتى بعد إثبات قرص","duration":11.308599999999842,"failureMessages":[],"meta":{}},{"ancestorTitles":["lawsuitDurabilityVerify — golden pending rule"],"fullName":"lawsuitDurabilityVerify — golden pending rule يمسح المعلّق فقط بعد إقلاع صفحة جديدة + commit + قرص مُفكّ","status":"passed","title":"يمسح المعلّق فقط بعد إقلاع صفحة جديدة + commit + قرص مُفكّ","duration":7.0797999999999774,"failureMessages":[],"meta":{}},{"ancestorTitles":["lawsuitDurabilityVerify — golden pending rule"],"fullName":"lawsuitDurabilityVerify — golden pending rule verifyLawsuitActiveFileOnDisk يقرأ من القرص لا من الذاكرة فقط","status":"passed","title":"verifyLawsuitActiveFileOnDisk يقرأ من القرص لا من الذاكرة فقط","duration":6.261800000000221,"failureMessages":[],"meta":{}},{"ancestorTitles":["lawsuitDurabilityVerify — golden pending rule"],"fullName":"lawsuitDurabilityVerify — golden pending rule لا يمسح سجل WAL عند commit.ok بدون إثبات قرص","status":"passed","title":"لا يمسح سجل WAL عند commit.ok بدون إثبات قرص","duration":6.958000000000084,"failureMessages":[],"meta":{}},{"ancestorTitles":["lawsuitDurabilityVerify — golden pending rule"],"fullName":"lawsuitDurabilityVerify — golden pending rule يمسح سجل WAL فقط بعد إقلاع صفحة جديدة + commit + قرص مُفكّ","status":"passed","title":"يمسح سجل WAL فقط بعد إقلاع صفحة جديدة + commit + قرص مُفكّ","duration":4.912899999999809,"failureMessages":[],"meta":{}},{"ancestorTitles":["lawsuitDurabilityVerify — golden pending rule"],"fullName":"lawsuitDurabilityVerify — golden pending rule pruneVerifiedLawsuitJournalEntries يزيل المثبت sync فقط بعد إقلاع صفحة جديدة","status":"passed","title":"pruneVerifiedLawsuitJournalEntries يزيل المثبت sync فقط بعد إقلاع صفحة جديدة","duration":2.555499999999938,"failureMessages":[],"meta":{}}],"startTime":1788623170746,"endTime":1788623170805.5554,"status":"passed","message":"","name":"C:/Users/HEX STORE/Downloads/New folder/src/app/domain/lawsuit/__tests__/lawsuitDurabilityVerify.test.ts"},{"assertionResults":[{"ancestorTitles":["allLawsuitFilesForArchive"],"fullName":"allLawsuitFilesForArchive keeps lawsuit files across lifecycle statuses","status":"passed","title":"keeps lawsuit files across lifecycle statuses","duration":4.838799999999992,"failureMessages":[],"meta":{}},{"ancestorTitles":["buildFileDataFromNewCaseSave"],"fullName":"buildFileDataFromNewCaseSave builds from LawyerNewCase CaseFormData shape","status":"passed","title":"builds from LawyerNewCase CaseFormData shape","duration":27.391999999999825,"failureMessages":[],"meta":{}},{"ancestorTitles":["buildFileDataFromNewCaseSave"],"fullName":"buildFileDataFromNewCaseSave respects isClient flags per side in structured payload","status":"passed","title":"respects isClient flags per side in structured payload","duration":2.2543000000000575,"failureMessages":[],"meta":{}},{"ancestorTitles":["buildFileDataFromNewCaseSave"],"fullName":"buildFileDataFromNewCaseSave builds from structured dashboard payload with details and parties1/2","status":"passed","title":"builds from structured dashboard payload with details and parties1/2","duration":0.8647999999998319,"failureMessages":[],"meta":{}},{"ancestorTitles":["buildFileDataFromNewCaseSave"],"fullName":"buildFileDataFromNewCaseSave persists lawsuitJurisdiction from selectedType on structured save","status":"passed","title":"persists lawsuitJurisdiction from selectedType on structured save","duration":0.8373999999998887,"failureMessages":[],"meta":{}},{"ancestorTitles":["buildFileDataFromNewCaseSave"],"fullName":"buildFileDataFromNewCaseSave persists applicableLaw for personal status cases","status":"passed","title":"persists applicableLaw for personal status cases","duration":0.5898000000001957,"failureMessages":[],"meta":{}},{"ancestorTitles":["buildFileDataFromNewCaseSave"],"fullName":"buildFileDataFromNewCaseSave persists isUndeterminedValue and isFixedFee flags","status":"passed","title":"persists isUndeterminedValue and isFixedFee flags","duration":0.770799999999781,"failureMessages":[],"meta":{}},{"ancestorTitles":["buildFileDataFromNewCaseSave"],"fullName":"buildFileDataFromNewCaseSave maps interpleader and affiliative third parties","status":"passed","title":"maps interpleader and affiliative third parties","duration":2.2963999999997213,"failureMessages":[],"meta":{}},{"ancestorTitles":["buildFileDataFromNewCaseSave"],"fullName":"buildFileDataFromNewCaseSave persists claimValue from structured details","status":"passed","title":"persists claimValue from structured details","duration":0.9789000000000669,"failureMessages":[],"meta":{}},{"ancestorTitles":["buildFileDataFromNewCaseSave"],"fullName":"buildFileDataFromNewCaseSave persists retrialTargetStage for إعادة المحاكمة","status":"passed","title":"persists retrialTargetStage for إعادة المحاكمة","duration":0.9645000000000437,"failureMessages":[],"meta":{}},{"ancestorTitles":["buildFileDataFromNewCaseSave"],"fullName":"buildFileDataFromNewCaseSave persists retrialTargetStage for اعتراض الغير","status":"passed","title":"persists retrialTargetStage for اعتراض الغير","duration":0.8937999999998283,"failureMessages":[],"meta":{}},{"ancestorTitles":["buildFileDataFromNewCaseSave"],"fullName":"buildFileDataFromNewCaseSave persists firstHearingDate and mirrors it to nextDate for calendar/alerts","status":"passed","title":"persists firstHearingDate and mirrors it to nextDate for calendar/alerts","duration":3.5984999999996035,"failureMessages":[],"meta":{}},{"ancestorTitles":["buildFileDataFromNewCaseSave"],"fullName":"buildFileDataFromNewCaseSave seeds first hearing appointment for personal status new cases","status":"passed","title":"seeds first hearing appointment for personal status new cases","duration":0.5426000000002205,"failureMessages":[],"meta":{}}],"startTime":1788623173630,"endTime":1788623173677.5984,"status":"passed","message":"","name":"C:/Users/HEX STORE/Downloads/New folder/src/app/domain/lawsuit/__tests__/lawsuitFileFactory.test.ts"},{"assertionResults":[{"ancestorTitles":["lawsuitFileMutationGuard"],"fullName":"lawsuitFileMutationGuard blocks archived and deleted files","status":"passed","title":"blocks archived and deleted files","duration":4.4155000000000655,"failureMessages":[],"meta":{}},{"ancestorTitles":["lawsuitFileMutationGuard"],"fullName":"lawsuitFileMutationGuard returns Arabic rejection messages","status":"passed","title":"returns Arabic rejection messages","duration":1.070600000000013,"failureMessages":[],"meta":{}},{"ancestorTitles":["lawsuitFileMutationGuard"],"fullName":"lawsuitFileMutationGuard persistLawsuitActiveRecord يرفض كتابة إضبارة مؤرشفة/محذوفة في active","status":"passed","title":"persistLawsuitActiveRecord يرفض كتابة إضبارة مؤرشفة/محذوفة في active","duration":11.794600000000173,"failureMessages":[],"meta":{}}],"startTime":1788623178101,"endTime":1788623178118.7947,"status":"passed","message":"","name":"C:/Users/HEX STORE/Downloads/New folder/src/app/domain/lawsuit/__tests__/lawsuitFileMutationGuard.test.ts"},{"assertionResults":[{"ancestorTitles":["lawsuitFilesRepository segments"],"fullName":"lawsuitFilesRepository segments stripStaleMockLawsuitFile removes known mock","status":"passed","title":"stripStaleMockLawsuitFile removes known mock","duration":7.479900000000271,"failureMessages":[],"meta":{}},{"ancestorTitles":["lawsuitFilesRepository segments"],"fullName":"lawsuitFilesRepository segments loadInitialLawsuitFilesAsync يسخّن المفاتيح ثم يعيد النشطة","status":"passed","title":"loadInitialLawsuitFilesAsync يسخّن المفاتيح ثم يعيد النشطة","duration":9.929599999999937,"failureMessages":[],"meta":{}},{"ancestorTitles":["lawsuitFilesRepository segments"],"fullName":"lawsuitFilesRepository segments loadInitialLawsuitFilesAsync لا يستورد المرآة فوق السلة","status":"passed","title":"loadInitialLawsuitFilesAsync لا يستورد المرآة فوق السلة","duration":23.30679999999984,"failureMessages":[],"meta":{}},{"ancestorTitles":["lawsuitFilesRepository segments"],"fullName":"lawsuitFilesRepository segments applyLawsuitTrashSegments ينقل إلى مقطع trash","status":"passed","title":"applyLawsuitTrashSegments ينقل إلى مقطع trash","duration":2.3517000000001644,"failureMessages":[],"meta":{}},{"ancestorTitles":["lawsuitFilesRepository segments"],"fullName":"lawsuitFilesRepository segments applyLawsuitRestoreFromTrashSegments يعيد إلى active","status":"passed","title":"applyLawsuitRestoreFromTrashSegments يعيد إلى active","duration":0.9510000000000218,"failureMessages":[],"meta":{}},{"ancestorTitles":["lawsuitFilesRepository segments"],"fullName":"lawsuitFilesRepository segments الاستعادة النقية لا تكتب شاهد الحذف من داخل React updater","status":"passed","title":"الاستعادة النقية لا تكتب شاهد الحذف من داخل React updater","duration":0.5791999999996733,"failureMessages":[],"meta":{}},{"ancestorTitles":["lawsuitFilesRepository segments"],"fullName":"lawsuitFilesRepository segments applyLawsuitArchiveSegments ثم permanent delete من trash","status":"passed","title":"applyLawsuitArchiveSegments ثم permanent delete من trash","duration":1.2268999999996595,"failureMessages":[],"meta":{}},{"ancestorTitles":["mirrorLawsuitSegmentsSafe (B2)"],"fullName":"mirrorLawsuitSegmentsSafe (B2) is shared from lawsuitSegmentPersist — re-exported by storage, no private duplicates","status":"passed","title":"is shared from lawsuitSegmentPersist — re-exported by storage, no private duplicates","duration":1.7492000000002008,"failureMessages":[],"meta":{}}],"startTime":1788623172098,"endTime":1788623172160.7493,"status":"passed","message":"","name":"C:/Users/HEX STORE/Downloads/New folder/src/app/domain/lawsuit/__tests__/lawsuitFilesRepository.test.ts"},{"assertionResults":[{"ancestorTitles":["lawsuitFilesStatePolicy"],"fullName":"lawsuitFilesStatePolicy bootHasLawsuitRecords يقرأ النشط أو عدّاد الفهرس","status":"passed","title":"bootHasLawsuitRecords يقرأ النشط أو عدّاد الفهرس","duration":6.959599999999682,"failureMessages":[],"meta":{}},{"ancestorTitles":["lawsuitFilesStatePolicy"],"fullName":"lawsuitFilesStatePolicy shouldBlockEmptyLawsuitPersist يسمح بقائمة نشطة غير فارغة","status":"passed","title":"shouldBlockEmptyLawsuitPersist يسمح بقائمة نشطة غير فارغة","duration":1.1230000000000473,"failureMessages":[],"meta":{}},{"ancestorTitles":["lawsuitFilesStatePolicy"],"fullName":"lawsuitFilesStatePolicy pickRicher لا يفضّل prev.active إن قال فهرس الإقلاع deleted","status":"passed","title":"pickRicher لا يفضّل prev.active إن قال فهرس الإقلاع deleted","duration":3.989599999999882,"failureMessages":[],"meta":{}},{"ancestorTitles":["lawsuitFilesStatePolicy"],"fullName":"lawsuitFilesStatePolicy adoptHydratedLawsuitActive يستبعد معرّف السلة من قائمة hydrate","status":"passed","title":"adoptHydratedLawsuitActive يستبعد معرّف السلة من قائمة hydrate","duration":2.102899999999863,"failureMessages":[],"meta":{}},{"ancestorTitles":["lawsuitFilesStatePolicy"],"fullName":"lawsuitFilesStatePolicy pickRicherLawsuitSegments يحتفظ بالأطول من الجانبين","status":"passed","title":"pickRicherLawsuitSegments يحتفظ بالأطول من الجانبين","duration":0.8153000000002066,"failureMessages":[],"meta":{}},{"ancestorTitles":["lawsuitFilesStatePolicy"],"fullName":"lawsuitFilesStatePolicy pickRicher لا يعيد للنشط معرّفاً في سلة prev أو boot","status":"passed","title":"pickRicher لا يعيد للنشط معرّفاً في سلة prev أو boot","duration":0.8823000000002139,"failureMessages":[],"meta":{}},{"ancestorTitles":["lawsuitFilesStatePolicy"],"fullName":"lawsuitFilesStatePolicy pickRicher لا يعيد للنشط معرّفاً مؤرشفاً","status":"passed","title":"pickRicher لا يعيد للنشط معرّفاً مؤرشفاً","duration":0.891399999999976,"failureMessages":[],"meta":{}},{"ancestorTitles":["lawsuitFilesStatePolicy"],"fullName":"lawsuitFilesStatePolicy فهرس deleted وحده لا يمسح إضبارة ما زالت في النشط (لا سلة/tombstone)","status":"passed","title":"فهرس deleted وحده لا يمسح إضبارة ما زالت في النشط (لا سلة/tombstone)","duration":0.7130999999999403,"failureMessages":[],"meta":{}},{"ancestorTitles":["lawsuitFilesStatePolicy"],"fullName":"lawsuitFilesStatePolicy تكرار نشط+سلة يفضّل النشط ولا يفرّغ المخزن","status":"passed","title":"تكرار نشط+سلة يفضّل النشط ولا يفرّغ المخزن","duration":0.8842999999997119,"failureMessages":[],"meta":{}},{"ancestorTitles":["lawsuitFilesStatePolicy"],"fullName":"lawsuitFilesStatePolicy tombstone فاسد لا يُخرج إضبارة ما زالت في النشط","status":"passed","title":"tombstone فاسد لا يُخرج إضبارة ما زالت في النشط","duration":3.582600000000184,"failureMessages":[],"meta":{}},{"ancestorTitles":["lawsuitFilesStatePolicy"],"fullName":"lawsuitFilesStatePolicy collectHeldOutOfActiveIds لا يُخرج نشطاً بسبب تكرار سلة أو أرشيف","status":"passed","title":"collectHeldOutOfActiveIds لا يُخرج نشطاً بسبب تكرار سلة أو أرشيف","duration":11.15159999999969,"failureMessages":[],"meta":{}},{"ancestorTitles":["lawsuitFilesStatePolicy"],"fullName":"lawsuitFilesStatePolicy تكرار نشط+أرشيف يفضّل النشط","status":"passed","title":"تكرار نشط+أرشيف يفضّل النشط","duration":1.223399999999856,"failureMessages":[],"meta":{}},{"ancestorTitles":["lawsuitFilesStatePolicy"],"fullName":"lawsuitFilesStatePolicy pickRicher يحترم تقلّص السلة بعد الحذف النهائي (لا mergeRicher)","status":"passed","title":"pickRicher يحترم تقلّص السلة بعد الحذف النهائي (لا mergeRicher)","duration":3.4196999999999207,"failureMessages":[],"meta":{}},{"ancestorTitles":["lawsuitFilesStatePolicy"],"fullName":"lawsuitFilesStatePolicy pickRicher يستبعد tombstone من السلة ولو كانت أغنى على القرص","status":"passed","title":"pickRicher يستبعد tombstone من السلة ولو كانت أغنى على القرص","duration":0.930699999999888,"failureMessages":[],"meta":{}},{"ancestorTitles":["lawsuitFilesStatePolicy"],"fullName":"lawsuitFilesStatePolicy applyLawsuitDurabilityOverlaysToSegments يحقن المعلّق فوق الإقلاع","status":"passed","title":"applyLawsuitDurabilityOverlaysToSegments يحقن المعلّق فوق الإقلاع","duration":1.3964000000000851,"failureMessages":[],"meta":{}}],"startTime":1788623174363,"endTime":1788623174404.3965,"status":"passed","message":"","name":"C:/Users/HEX STORE/Downloads/New folder/src/app/domain/lawsuit/__tests__/lawsuitFilesStatePolicy.test.ts"},{"assertionResults":[{"ancestorTitles":["lawsuitIndexSearchHaystack"],"fullName":"lawsuitIndexSearchHaystack يجمع أطراف وملاحظات في haystack مضغوط","status":"passed","title":"يجمع أطراف وملاحظات في haystack مضغوط","duration":5.4780000000000655,"failureMessages":[],"meta":{}},{"ancestorTitles":["lawsuitIndexSearchHaystack"],"fullName":"lawsuitIndexSearchHaystack buildLawsuitIndexEntryFromFile يخزّن clientName و searchHaystack","status":"passed","title":"buildLawsuitIndexEntryFromFile يخزّن clientName و searchHaystack","duration":1.425799999999981,"failureMessages":[],"meta":{}},{"ancestorTitles":["lawsuitIndexSearchHaystack"],"fullName":"lawsuitIndexSearchHaystack resolveLawsuitIndexClientName يفضّل isClient","status":"passed","title":"resolveLawsuitIndexClientName يفضّل isClient","duration":0.5330999999996493,"failureMessages":[],"meta":{}}],"startTime":1788623211335,"endTime":1788623211342.5332,"status":"passed","message":"","name":"C:/Users/HEX STORE/Downloads/New folder/src/app/domain/lawsuit/__tests__/lawsuitIndexSearchHaystack.test.ts"},{"assertionResults":[{"ancestorTitles":["resolveLawsuitJurisdiction"],"fullName":"resolveLawsuitJurisdiction uses stored lawsuitJurisdiction when present","status":"passed","title":"uses stored lawsuitJurisdiction when present","duration":3.764299999999821,"failureMessages":[],"meta":{}},{"ancestorTitles":["resolveLawsuitJurisdiction"],"fullName":"resolveLawsuitJurisdiction infers personal from court/docType hints for legacy files","status":"passed","title":"infers personal from court/docType hints for legacy files","duration":1.0846999999994296,"failureMessages":[],"meta":{}},{"ancestorTitles":["resolveLawsuitJurisdiction"],"fullName":"resolveLawsuitJurisdiction defaults to civil when no personal signal","status":"passed","title":"defaults to civil when no personal signal","duration":0.689900000000307,"failureMessages":[],"meta":{}},{"ancestorTitles":["isPersonalStatusFile follows the same jurisdiction source"],"fullName":"isPersonalStatusFile follows the same jurisdiction source treats legacy court hints as personal, not civil-first","status":"passed","title":"treats legacy court hints as personal, not civil-first","duration":18.840400000000045,"failureMessages":[],"meta":{}},{"ancestorTitles":["filterByLawsuitJurisdictionTab"],"fullName":"filterByLawsuitJurisdictionTab returns all files for tab all","status":"passed","title":"returns all files for tab all","duration":1.6297999999997046,"failureMessages":[],"meta":{}},{"ancestorTitles":["filterByLawsuitJurisdictionTab"],"fullName":"filterByLawsuitJurisdictionTab filters by civil or personal tab","status":"passed","title":"filters by civil or personal tab","duration":2.0226999999995314,"failureMessages":[],"meta":{}}],"startTime":1788623178568,"endTime":1788623178596.0227,"status":"passed","message":"","name":"C:/Users/HEX STORE/Downloads/New folder/src/app/domain/lawsuit/__tests__/lawsuitJurisdiction.test.ts"},{"assertionResults":[{"ancestorTitles":["lawsuitLifecycleIndex"],"fullName":"lawsuitLifecycleIndex buildLawsuitLifecycleIndex counts segments","status":"passed","title":"buildLawsuitLifecycleIndex counts segments","duration":5.501700000000255,"failureMessages":[],"meta":{}},{"ancestorTitles":["lawsuitLifecycleIndex"],"fullName":"lawsuitLifecycleIndex applyLawsuitIndexStatusChange updates counts O(1)","status":"passed","title":"applyLawsuitIndexStatusChange updates counts O(1)","duration":1.321900000000369,"failureMessages":[],"meta":{}},{"ancestorTitles":["lawsuitLifecycleIndex"],"fullName":"lawsuitLifecycleIndex rebuildActiveSegmentInIndex preserves archived/trash entries","status":"passed","title":"rebuildActiveSegmentInIndex preserves archived/trash entries","duration":3.2435999999997875,"failureMessages":[],"meta":{}},{"ancestorTitles":["lawsuitLifecycleIndex"],"fullName":"lawsuitLifecycleIndex removeLawsuitFromIndex decrements trash count","status":"passed","title":"removeLawsuitFromIndex decrements trash count","duration":0.783100000000104,"failureMessages":[],"meta":{}},{"ancestorTitles":["lawsuitLifecycleIndex"],"fullName":"lawsuitLifecycleIndex emptyLawsuitLifecycleIndex starts at zero","status":"passed","title":"emptyLawsuitLifecycleIndex starts at zero","duration":0.573399999999765,"failureMessages":[],"meta":{}}],"startTime":1788623202084,"endTime":1788623202096.5735,"status":"passed","message":"","name":"C:/Users/HEX STORE/Downloads/New folder/src/app/domain/lawsuit/__tests__/lawsuitLifecycleIndex.test.ts"},{"assertionResults":[{"ancestorTitles":["lawsuit lifecycle atomic transaction"],"fullName":"lawsuit lifecycle atomic transaction commits active → trash as one disk state and survives cold reload","status":"passed","title":"commits active → trash as one disk state and survives cold reload","duration":65.70469999999978,"failureMessages":[],"meta":{}},{"ancestorTitles":["lawsuit lifecycle atomic transaction"],"fullName":"lawsuit lifecycle atomic transaction does not re-initialize crypto during COMMIT when a master key is already in memory","status":"passed","title":"does not re-initialize crypto during COMMIT when a master key is already in memory","duration":73.2509,"failureMessages":[],"meta":{}},{"ancestorTitles":["lawsuit lifecycle atomic transaction"],"fullName":"lawsuit lifecycle atomic transaction restores from trash after cold cache when encrypted active is empty","status":"passed","title":"restores from trash after cold cache when encrypted active is empty","duration":66.93280000000004,"failureMessages":[],"meta":{}},{"ancestorTitles":["lawsuit lifecycle atomic transaction"],"fullName":"lawsuit lifecycle atomic transaction drops overlapping setItemSync so autosave cannot restore active after trash COMMIT","status":"passed","title":"drops overlapping setItemSync so autosave cannot restore active after trash COMMIT","duration":37.08770000000004,"failureMessages":[],"meta":{}},{"ancestorTitles":["lawsuit lifecycle atomic transaction"],"fullName":"lawsuit lifecycle atomic transaction drops overlapping setItem so a late IDB put cannot restore active after trash COMMIT","status":"passed","title":"drops overlapping setItem so a late IDB put cannot restore active after trash COMMIT","duration":15.83140000000003,"failureMessages":[],"meta":{}},{"ancestorTitles":["lawsuit lifecycle atomic transaction"],"fullName":"lawsuit lifecycle atomic transaction removes stale pending/WAL copies so a trashed dossier cannot resurrect","status":"passed","title":"removes stale pending/WAL copies so a trashed dossier cannot resurrect","duration":32.8737000000001,"failureMessages":[],"meta":{}},{"ancestorTitles":["lawsuit lifecycle atomic transaction"],"fullName":"lawsuit lifecycle atomic transaction commits tombstone and removal in the same permanent-delete transaction","status":"passed","title":"commits tombstone and removal in the same permanent-delete transaction","duration":42.73040000000037,"failureMessages":[],"meta":{}},{"ancestorTitles":["lawsuit lifecycle atomic transaction"],"fullName":"lawsuit lifecycle atomic transaction refuses permanent-delete when tombstones stay unread","status":"passed","title":"refuses permanent-delete when tombstones stay unread","duration":10.557800000000043,"failureMessages":[],"meta":{}},{"ancestorTitles":["lawsuit lifecycle atomic transaction"],"fullName":"lawsuit lifecycle atomic transaction drops a stale tombstone wipe that waited on the atomic barrier","status":"passed","title":"drops a stale tombstone wipe that waited on the atomic barrier","duration":2.400000000000091,"failureMessages":[],"meta":{}},{"ancestorTitles":["lawsuit lifecycle atomic transaction"],"fullName":"lawsuit lifecycle atomic transaction does not advance the returned state when the atomic COMMIT fails","status":"passed","title":"does not advance the returned state when the atomic COMMIT fails","duration":3.2312999999999192,"failureMessages":[],"meta":{}},{"ancestorTitles":["lawsuit lifecycle atomic transaction"],"fullName":"lawsuit lifecycle atomic transaction commits trash when overlay keys stay unread","status":"passed","title":"commits trash when overlay keys stay unread","duration":26.656600000000253,"failureMessages":[],"meta":{}}],"startTime":1788623168954,"endTime":1788623169331.6565,"status":"passed","message":"","name":"C:/Users/HEX STORE/Downloads/New folder/src/app/domain/lawsuit/__tests__/lawsuitLifecycleTransaction.test.ts"},{"assertionResults":[{"ancestorTitles":["lawsuit vault — no recover CTA, intentional lifecycle only"],"fullName":"lawsuit vault — no recover CTA, intentional lifecycle only LawsuitArchiveFileGrid has no recover button","status":"passed","title":"LawsuitArchiveFileGrid has no recover button","duration":4.466300000000047,"failureMessages":[],"meta":{}},{"ancestorTitles":["lawsuit vault — no recover CTA, intentional lifecycle only"],"fullName":"lawsuit vault — no recover CTA, intentional lifecycle only setFiles path never shrinks active without merge","status":"passed","title":"setFiles path never shrinks active without merge","duration":1.481499999999869,"failureMessages":[],"meta":{}},{"ancestorTitles":["lawsuit vault — no recover CTA, intentional lifecycle only"],"fullName":"lawsuit vault — no recover CTA, intentional lifecycle only writeJsonArray and wipe guard refuse colder/poorer lawsuit overwrites","status":"passed","title":"writeJsonArray and wipe guard refuse colder/poorer lawsuit overwrites","duration":1.3834000000001652,"failureMessages":[],"meta":{}},{"ancestorTitles":["lawsuit vault — no recover CTA, intentional lifecycle only"],"fullName":"lawsuit vault — no recover CTA, intentional lifecycle only golden pending rule — لا مسح معلّق إلا بعد إثبات قرص","status":"passed","title":"golden pending rule — لا مسح معلّق إلا بعد إثبات قرص","duration":1.1439000000000306,"failureMessages":[],"meta":{}},{"ancestorTitles":["lawsuit vault — no recover CTA, intentional lifecycle only"],"fullName":"lawsuit vault — no recover CTA, intentional lifecycle only unified write gate — active ثم index ثم mirror + WAL journal","status":"passed","title":"unified write gate — active ثم index ثم mirror + WAL journal","duration":0.6268000000000029,"failureMessages":[],"meta":{}},{"ancestorTitles":["lawsuit vault — no recover CTA, intentional lifecycle only"],"fullName":"lawsuit vault — no recover CTA, intentional lifecycle only journal prune — فقط بعد إثبات قرص async وليس داخل البوابة","status":"passed","title":"journal prune — فقط بعد إثبات قرص async وليس داخل البوابة","duration":0.7540999999996529,"failureMessages":[],"meta":{}},{"ancestorTitles":["lawsuit vault — no recover CTA, intentional lifecycle only"],"fullName":"lawsuit vault — no recover CTA, intentional lifecycle only empty-active boot never imports lawyer_files over trash or unread segments","status":"passed","title":"empty-active boot never imports lawyer_files over trash or unread segments","duration":0.9411000000000058,"failureMessages":[],"meta":{}},{"ancestorTitles":["lawsuit vault — no recover CTA, intentional lifecycle only"],"fullName":"lawsuit vault — no recover CTA, intentional lifecycle only write journal — append-only حتى إثبات القرص","status":"passed","title":"write journal — append-only حتى إثبات القرص","duration":0.793999999999869,"failureMessages":[],"meta":{}},{"ancestorTitles":["lawsuit vault — no recover CTA, intentional lifecycle only"],"fullName":"lawsuit vault — no recover CTA, intentional lifecycle only lifecycle mutations route active writes through the gate","status":"passed","title":"lifecycle mutations route active writes through the gate","duration":1.4908000000000357,"failureMessages":[],"meta":{}},{"ancestorTitles":["lawsuit vault — no recover CTA, intentional lifecycle only"],"fullName":"lawsuit vault — no recover CTA, intentional lifecycle only durability overlay — دمج pending + journal + تنظيف دورة الحياة","status":"passed","title":"durability overlay — دمج pending + journal + تنظيف دورة الحياة","duration":0.663300000000163,"failureMessages":[],"meta":{}},{"ancestorTitles":["lawsuit vault — no recover CTA, intentional lifecycle only"],"fullName":"lawsuit vault — no recover CTA, intentional lifecycle only migration segment bundle routes active writes through unified gate","status":"passed","title":"migration segment bundle routes active writes through unified gate","duration":0.5570999999999913,"failureMessages":[],"meta":{}},{"ancestorTitles":["lawsuit vault — no recover CTA, intentional lifecycle only"],"fullName":"lawsuit vault — no recover CTA, intentional lifecycle only autosave and edits schedule durability finalize","status":"passed","title":"autosave and edits schedule durability finalize","duration":0.5686999999998079,"failureMessages":[],"meta":{}}],"startTime":1788623184693,"endTime":1788623184707.5686,"status":"passed","message":"","name":"C:/Users/HEX STORE/Downloads/New folder/src/app/domain/lawsuit/__tests__/lawsuitNoSilentWipe.contract.test.ts"},{"assertionResults":[{"ancestorTitles":["lawsuit nucleus architecture"],"fullName":"lawsuit nucleus architecture وحدات المجال الإنتاجية لا تستورد برميل LawyerShared","status":"failed","title":"وحدات المجال الإنتاجية لا تستورد برميل LawyerShared","duration":17.72950000000037,"failureMessages":["AssertionError: expected [ Array(1) ] to deeply equal []\n    at C:\\Users\\HEX STORE\\Downloads\\New folder\\src\\app\\domain\\lawsuit\\__tests__\\lawsuitNucleus.contract.test.ts:34:27\n    at file:///C:/Users/HEX%20STORE/Downloads/New%20folder/node_modules/@vitest/runner/dist/chunk-hooks.js:155:11\n    at file:///C:/Users/HEX%20STORE/Downloads/New%20folder/node_modules/@vitest/runner/dist/chunk-hooks.js:752:26\n    at file:///C:/Users/HEX%20STORE/Downloads/New%20folder/node_modules/@vitest/runner/dist/chunk-hooks.js:1897:20\n    at new Promise (<anonymous>)\n    at runWithTimeout (file:///C:/Users/HEX%20STORE/Downloads/New%20folder/node_modules/@vitest/runner/dist/chunk-hooks.js:1863:10)\n    at runTest (file:///C:/Users/HEX%20STORE/Downloads/New%20folder/node_modules/@vitest/runner/dist/chunk-hooks.js:1574:12)\n    at processTicksAndRejections (node:internal/process/task_queues:104:5)\n    at runSuite (file:///C:/Users/HEX%20STORE/Downloads/New%20folder/node_modules/@vitest/runner/dist/chunk-hooks.js:1729:8)\n    at runSuite (file:///C:/Users/HEX%20STORE/Downloads/New%20folder/node_modules/@vitest/runner/dist/chunk-hooks.js:1729:8)"],"meta":{}},{"ancestorTitles":["lawsuit nucleus architecture"],"fullName":"lawsuit nucleus architecture حالة الملفات لا تخلط hydrated التنفيذ ولا تعرّض واجهة ميتة","status":"passed","title":"حالة الملفات لا تخلط hydrated التنفيذ ولا تعرّض واجهة ميتة","duration":1.6451999999999316,"failureMessages":[],"meta":{}},{"ancestorTitles":["lawsuit nucleus architecture"],"fullName":"lawsuit nucleus architecture المخزن والـ Host لا يكتبان المرآة الخام مباشرة","status":"failed","title":"المخزن والـ Host لا يكتبان المرآة الخام مباشرة","duration":3.0377000000007683,"failureMessages":["AssertionError: expected 'import React, { Suspense, lazy, useCa…' to contain 'isLawsuitDecryptBlocked'\n    at C:\\Users\\HEX STORE\\Downloads\\New folder\\src\\app\\domain\\lawsuit\\__tests__\\lawsuitNucleus.contract.test.ts:60:22\n    at file:///C:/Users/HEX%20STORE/Downloads/New%20folder/node_modules/@vitest/runner/dist/chunk-hooks.js:155:11\n    at file:///C:/Users/HEX%20STORE/Downloads/New%20folder/node_modules/@vitest/runner/dist/chunk-hooks.js:752:26\n    at file:///C:/Users/HEX%20STORE/Downloads/New%20folder/node_modules/@vitest/runner/dist/chunk-hooks.js:1897:20\n    at new Promise (<anonymous>)\n    at runWithTimeout (file:///C:/Users/HEX%20STORE/Downloads/New%20folder/node_modules/@vitest/runner/dist/chunk-hooks.js:1863:10)\n    at runTest (file:///C:/Users/HEX%20STORE/Downloads/New%20folder/node_modules/@vitest/runner/dist/chunk-hooks.js:1574:12)\n    at processTicksAndRejections (node:internal/process/task_queues:104:5)\n    at runSuite (file:///C:/Users/HEX%20STORE/Downloads/New%20folder/node_modules/@vitest/runner/dist/chunk-hooks.js:1729:8)\n    at runSuite (file:///C:/Users/HEX%20STORE/Downloads/New%20folder/node_modules/@vitest/runner/dist/chunk-hooks.js:1729:8)"],"meta":{}},{"ancestorTitles":["lawsuit nucleus architecture"],"fullName":"lawsuit nucleus architecture كتابة النشط الموحّدة تمر من البوابة لا من المقطع مباشرة في المستودع","status":"passed","title":"كتابة النشط الموحّدة تمر من البوابة لا من المقطع مباشرة في المستودع","duration":0.9515000000001237,"failureMessages":[],"meta":{}}],"startTime":1788623162323,"endTime":1788623162345.9514,"status":"failed","message":"","name":"C:/Users/HEX STORE/Downloads/New folder/src/app/domain/lawsuit/__tests__/lawsuitNucleus.contract.test.ts"},{"assertionResults":[{"ancestorTitles":["computeOpeningLawsuitStageOptions"],"fullName":"computeOpeningLawsuitStageOptions يخفي الاستئناف والاعتراض الغيابي ويبقي اعتراض الغير وإعادة المحاكمة","status":"passed","title":"يخفي الاستئناف والاعتراض الغيابي ويبقي اعتراض الغير وإعادة المحاكمة","duration":5.731900000000223,"failureMessages":[],"meta":{}},{"ancestorTitles":["computeOpeningLawsuitStageOptions"],"fullName":"computeOpeningLawsuitStageOptions أقل من مليون أو غير مقدّرة أو رسم مقطوع → بدرجة أخيرة فقط","status":"passed","title":"أقل من مليون أو غير مقدّرة أو رسم مقطوع → بدرجة أخيرة فقط","duration":1.360700000000179,"failureMessages":[],"meta":{}},{"ancestorTitles":["computeOpeningLawsuitStageOptions"],"fullName":"computeOpeningLawsuitStageOptions أكثر من مليون دون استثناء → بدرجة أولى فقط","status":"passed","title":"أكثر من مليون دون استثناء → بدرجة أولى فقط","duration":0.5511000000001332,"failureMessages":[],"meta":{}},{"ancestorTitles":["computeOpeningLawsuitStageOptions"],"fullName":"computeOpeningLawsuitStageOptions تخلي وشيوع → بدرجة أخيرة حتى لو القيمة عالية","status":"passed","title":"تخلي وشيوع → بدرجة أخيرة حتى لو القيمة عالية","duration":0.40109999999958745,"failureMessages":[],"meta":{}},{"ancestorTitles":["computeOpeningLawsuitStageOptions"],"fullName":"computeOpeningLawsuitStageOptions snapOpeningStageToDegrees يمسح الاستئناف والاعتراض الغيابي ويبقي اعتراض الغير","status":"passed","title":"snapOpeningStageToDegrees يمسح الاستئناف والاعتراض الغيابي ويبقي اعتراض الغير","duration":0.6900999999998021,"failureMessages":[],"meta":{}},{"ancestorTitles":["computeOpeningLawsuitStageOptions"],"fullName":"computeOpeningLawsuitStageOptions parseLawsuitClaimValueAmount يتجاهل الفواصل","status":"passed","title":"parseLawsuitClaimValueAmount يتجاهل الفواصل","duration":0.457300000000032,"failureMessages":[],"meta":{}}],"startTime":1788623193829,"endTime":1788623193837.6902,"status":"passed","message":"","name":"C:/Users/HEX STORE/Downloads/New folder/src/app/domain/lawsuit/__tests__/lawsuitOpeningStageOptions.test.ts"},{"assertionResults":[{"ancestorTitles":["lawsuitPartyRole"],"fullName":"lawsuitPartyRole يفصل المدعي عن المدعى عليه دون خلط صفة الطرف الثالث البسيطة","status":"passed","title":"يفصل المدعي عن المدعى عليه دون خلط صفة الطرف الثالث البسيطة","duration":4.909699999999702,"failureMessages":[],"meta":{}},{"ancestorTitles":["lawsuitPartyRole"],"fullName":"lawsuitPartyRole يقرأ status الإنجليزي وside كاحتياط","status":"passed","title":"يقرأ status الإنجليزي وside كاحتياط","duration":1.266399999999976,"failureMessages":[],"meta":{}},{"ancestorTitles":["lawsuitPartyRole"],"fullName":"lawsuitPartyRole لا يخلط المستأنف عليه (المدعي) مع عمود المستأنف","status":"passed","title":"لا يخلط المستأنف عليه (المدعي) مع عمود المستأنف","duration":1.0072000000000116,"failureMessages":[],"meta":{}},{"ancestorTitles":["lawsuitStageOptions"],"fullName":"lawsuitStageOptions يربط محكمة البداءة والاستئناف بالمراحل الصحيحة","status":"passed","title":"يربط محكمة البداءة والاستئناف بالمراحل الصحيحة","duration":2.295900000000074,"failureMessages":[],"meta":{}}],"startTime":1788623193675,"endTime":1788623193685.296,"status":"passed","message":"","name":"C:/Users/HEX STORE/Downloads/New folder/src/app/domain/lawsuit/__tests__/lawsuitPartyRole.test.ts"},{"assertionResults":[{"ancestorTitles":["lawsuitPendingCreateStore"],"fullName":"lawsuitPendingCreateStore stages and merges pending creates in SecureStore and clears leftover plaintext","status":"passed","title":"stages and merges pending creates in SecureStore and clears leftover plaintext","duration":10.953299999999672,"failureMessages":[],"meta":{}},{"ancestorTitles":["lawsuitPendingCreateStore"],"fullName":"lawsuitPendingCreateStore drains leftover localStorage and sessionStorage into SecureStore","status":"passed","title":"drains leftover localStorage and sessionStorage into SecureStore","duration":2.2824000000000524,"failureMessages":[],"meta":{}},{"ancestorTitles":["lawsuitPendingCreateStore"],"fullName":"lawsuitPendingCreateStore does not wipe unread ciphertext with an empty write","status":"passed","title":"does not wipe unread ciphertext with an empty write","duration":1.2140000000003965,"failureMessages":[],"meta":{}}],"startTime":1788623175652,"endTime":1788623175676.214,"status":"passed","message":"","name":"C:/Users/HEX STORE/Downloads/New folder/src/app/domain/lawsuit/__tests__/lawsuitPendingCreateStore.test.ts"},{"assertionResults":[{"ancestorTitles":["lawsuit persistence reload safety"],"fullName":"lawsuit persistence reload safety lawsuitStorageMayHaveUnreadData true when active key is cold encrypted","status":"passed","title":"lawsuitStorageMayHaveUnreadData true when active key is cold encrypted","duration":33.33250000000044,"failureMessages":[],"meta":{}},{"ancestorTitles":["lawsuit persistence reload safety"],"fullName":"lawsuit persistence reload safety migrate does not import monolith while lawsuit segments are still unread","status":"passed","title":"migrate does not import monolith while lawsuit segments are still unread","duration":7.193400000000111,"failureMessages":[],"meta":{}},{"ancestorTitles":["lawsuit persistence reload safety"],"fullName":"lawsuit persistence reload safety loadInitialLawsuitFilesAsync awaits ensureLawsuitKeysReady before read","status":"passed","title":"loadInitialLawsuitFilesAsync awaits ensureLawsuitKeysReady before read","duration":6.02179999999953,"failureMessages":[],"meta":{}},{"ancestorTitles":["lawsuit persistence reload safety"],"fullName":"lawsuit persistence reload safety flushLawsuitWorkspacePersist waits for lawsuit durable keys","status":"passed","title":"flushLawsuitWorkspacePersist waits for lawsuit durable keys","duration":13.419499999999971,"failureMessages":[],"meta":{}},{"ancestorTitles":["lawsuit persistence reload safety"],"fullName":"lawsuit persistence reload safety flushLawsuitWorkspacePersist returns false on timeout without hanging","status":"passed","title":"flushLawsuitWorkspacePersist returns false on timeout without hanging","duration":61.94409999999971,"failureMessages":[],"meta":{}},{"ancestorTitles":["lawsuit persistence reload safety"],"fullName":"lawsuit persistence reload safety commitLawsuitWorkspacePersist verifies active file survives clearDecryptedMemoryCache+warm","status":"passed","title":"commitLawsuitWorkspacePersist verifies active file survives clearDecryptedMemoryCache+warm","duration":22.829800000000432,"failureMessages":[],"meta":{}},{"ancestorTitles":["lawsuit persistence reload safety"],"fullName":"lawsuit persistence reload safety setItemSync rejects cold empty overwrite on protected lawsuit key","status":"passed","title":"setItemSync rejects cold empty overwrite on protected lawsuit key","duration":2.1494000000002416,"failureMessages":[],"meta":{}},{"ancestorTitles":["lawsuit persistence reload safety"],"fullName":"lawsuit persistence reload safety applyLawsuitMonolithicMergeToSegments refuses empty wipe over existing segments","status":"passed","title":"applyLawsuitMonolithicMergeToSegments refuses empty wipe over existing segments","duration":4.412000000000262,"failureMessages":[],"meta":{}},{"ancestorTitles":["lawsuit persistence reload safety"],"fullName":"lawsuit persistence reload safety writeJsonArray does not empty persistence when setItemSync rejects wipe","status":"passed","title":"writeJsonArray does not empty persistence when setItemSync rejects wipe","duration":3.398099999999431,"failureMessages":[],"meta":{}},{"ancestorTitles":["lawsuit persistence reload safety"],"fullName":"lawsuit persistence reload safety commitLawsuitWorkspacePersist verifies active file survives dropMemoryMirrorsForTests (reload sim)","status":"passed","title":"commitLawsuitWorkspacePersist verifies active file survives dropMemoryMirrorsForTests (reload sim)","duration":13.57800000000043,"failureMessages":[],"meta":{}},{"ancestorTitles":["lawsuit persistence reload safety"],"fullName":"lawsuit persistence reload safety commitLawsuitWorkspacePersist fails when disk verify cannot see required id","status":"passed","title":"commitLawsuitWorkspacePersist fails when disk verify cannot see required id","duration":2063.933,"failureMessages":[],"meta":{}},{"ancestorTitles":["lawsuit persistence reload safety"],"fullName":"lawsuit persistence reload safety setItemSync refuses to poison memory with [] when protected key absent from mirror","status":"passed","title":"setItemSync refuses to poison memory with [] when protected key absent from mirror","duration":4.539200000000164,"failureMessages":[],"meta":{}},{"ancestorTitles":["lawsuit persistence reload safety"],"fullName":"lawsuit persistence reload safety setItem prefers disk data over poisoned empty memory mirror","status":"passed","title":"setItem prefers disk data over poisoned empty memory mirror","duration":13.884499999999207,"failureMessages":[],"meta":{}},{"ancestorTitles":["lawsuit persistence reload safety"],"fullName":"lawsuit persistence reload safety awaitLawsuitWorkspaceCommit cancels debounce and verifies disk","status":"passed","title":"awaitLawsuitWorkspaceCommit cancels debounce and verifies disk","duration":17.9387999999999,"failureMessages":[],"meta":{}},{"ancestorTitles":["lawsuit persistence reload safety"],"fullName":"lawsuit persistence reload safety commit without requireId does not soft-succeed when disk sti
[...]
ظهر مسار اعتراض الغائب المتبقي في تذييل الاستئناف لمحامي المدعي","duration":0.7870000000002619,"failureMessages":[],"meta":{}},{"ancestorTitles":["resolveSmartFileMainPanelFooterFlags — م/172"],"fullName":"resolveSmartFileMainPanelFooterFlags — م/172 يبقي مسار اعتراض الغائب للمتبقي مع علامة الاستئخار بعد قيد اعتراض آخر","status":"passed","title":"يبقي مسار اعتراض الغائب للمتبقي مع علامة الاستئخار بعد قيد اعتراض آخر","duration":0.7919999999999163,"failureMessages":[],"meta":{}},{"ancestorTitles":["resolveSmartFileMainPanelFooterFlags — م/172"],"fullName":"resolveSmartFileMainPanelFooterFlags — م/172 جزئي + الخصم سبق بالطعن: يظهر إنشاء طعن مستقل للموكل المستأنف عليه","status":"passed","title":"جزئي + الخصم سبق بالطعن: يظهر إنشاء طعن مستقل للموكل المستأنف عليه","duration":1.2671000000000276,"failureMessages":[],"meta":{}},{"ancestorTitles":["resolveSmartFileMainPanelFooterFlags — م/172"],"fullName":"resolveSmartFileMainPanelFooterFlags — م/172 رد بحق مدعى عليه + إلزام آخر: تذييل جزئي لا زر خصم وحدها","status":"passed","title":"رد بحق مدعى عليه + إلزام آخر: تذييل جزئي لا زر خصم وحدها","duration":1.713799999999992,"failureMessages":[],"meta":{}},{"ancestorTitles":["resolveSmartFileMainPanelFooterFlags — م/172"],"fullName":"resolveSmartFileMainPanelFooterFlags — م/172 يظهر علامة الاستئخار بعد ربح البداءة إذا بقي اعتراض غيابي","status":"passed","title":"يظهر علامة الاستئخار بعد ربح البداءة إذا بقي اعتراض غيابي","duration":0.9816999999998188,"failureMessages":[],"meta":{}}],"startTime":1788623182425,"endTime":1788623182448.9817,"status":"passed","message":"","name":"C:/Users/HEX STORE/Downloads/New folder/src/app/components/lawyer/smart-modal/layout/mainPanel/__tests__/resolveSmartFileMainPanelFooterFlags.art172.test.ts"},{"assertionResults":[{"ancestorTitles":["resolveHeaderCourtAndJudge"],"fullName":"resolveHeaderCourtAndJudge falls back to file/parent court and judge on first instance","status":"passed","title":"falls back to file/parent court and judge on first instance","duration":5.71770000000015,"failureMessages":[],"meta":{}},{"ancestorTitles":["resolveHeaderCourtAndJudge"],"fullName":"resolveHeaderCourtAndJudge does not inherit file court or judge on appeal or cassation","status":"passed","title":"does not inherit file court or judge on appeal or cassation","duration":0.9229999999997744,"failureMessages":[],"meta":{}},{"ancestorTitles":["resolveHeaderCourtAndJudge"],"fullName":"resolveHeaderCourtAndJudge never shows judge on appeal even when stage stores one","status":"passed","title":"never shows judge on appeal even when stage stores one","duration":0.8755000000001019,"failureMessages":[],"meta":{}},{"ancestorTitles":["resolveHeaderCourtAndJudge"],"fullName":"resolveHeaderCourtAndJudge drops appeal court when it matches inherited first-instance court","status":"passed","title":"drops appeal court when it matches inherited first-instance court","duration":0.8052000000002408,"failureMessages":[],"meta":{}},{"ancestorTitles":["resolveHeaderCourtAndJudge"],"fullName":"resolveHeaderCourtAndJudge keeps appeal court after save when it matches file court but not first instance","status":"passed","title":"keeps appeal court after save when it matches file court but not first instance","duration":0.5419000000001688,"failureMessages":[],"meta":{}},{"ancestorTitles":["resolveHeaderCourtAndJudge"],"fullName":"resolveHeaderCourtAndJudge shows this file court on an independent appeal card","status":"passed","title":"shows this file court on an independent appeal card","duration":0.47679999999991196,"failureMessages":[],"meta":{}},{"ancestorTitles":["resolveHeaderCourtAndJudge"],"fullName":"resolveHeaderCourtAndJudge does not treat first-instance court as independent identity","status":"passed","title":"does not treat first-instance court as independent identity","duration":0.45559999999977663,"failureMessages":[],"meta":{}},{"ancestorTitles":["resolveHeaderCourtAndJudge"],"fullName":"resolveHeaderCourtAndJudge inherits file court and judge on absent objection like first instance","status":"passed","title":"inherits file court and judge on absent objection like first instance","duration":0.44030000000020664,"failureMessages":[],"meta":{}}],"startTime":1788623200628,"endTime":1788623200638.4556,"status":"passed","message":"","name":"C:/Users/HEX STORE/Downloads/New folder/src/app/components/lawyer/smart-modal/layout/mainPanel/__tests__/smartFileMainPanelUtils.test.ts"},{"assertionResults":[{"ancestorTitles":["SmartFileStatusBanners — م/172"],"fullName":"SmartFileStatusBanners — م/172 يعرض شارة الاستئخار الصفراء عند وقف الاستئناف","status":"passed","title":"يعرض شارة الاستئخار الصفراء عند وقف الاستئناف","duration":43.879199999999855,"failureMessages":[],"meta":{}},{"ancestorTitles":["SmartFileStatusBanners — م/172"],"fullName":"SmartFileStatusBanners — م/172 لا يعرض بانرات توجيه الطعن أو تغطية تعليمية بعد زوال سبب الاستئخار","status":"passed","title":"لا يعرض بانرات توجيه الطعن أو تغطية تعليمية بعد زوال سبب الاستئخار","duration":15.235900000000129,"failureMessages":[],"meta":{}},{"ancestorTitles":["SmartFileStatusBanners — م/172"],"fullName":"SmartFileStatusBanners — م/172 لا يعرض بطاقات الطعن الفردية — الصفة تُقرأ من السجل الزمني","status":"passed","title":"لا يعرض بطاقات الطعن الفردية — الصفة تُقرأ من السجل الزمني","duration":4.460000000000036,"failureMessages":[],"meta":{}},{"ancestorTitles":["SmartFileStatusBanners — م/172"],"fullName":"SmartFileStatusBanners — م/172 يعرض إفادة الشركاء من النقض عملاً بالمادة 210","status":"passed","title":"يعرض إفادة الشركاء من النقض عملاً بالمادة 210","duration":6.602300000000014,"failureMessages":[],"meta":{}}],"startTime":1788623172917,"endTime":1788623172987.6023,"status":"passed","message":"","name":"C:/Users/HEX STORE/Downloads/New folder/src/app/components/lawyer/smart-modal/layout/mainPanel/__tests__/SmartFileStatusBanners.art172.test.tsx"},{"assertionResults":[{"ancestorTitles":["AbsentJudgmentNotificationModal"],"fullName":"AbsentJudgmentNotificationModal يفرض اختيار الغائب عند تعدد غير المبلَّغين","status":"passed","title":"يفرض اختيار الغائب عند تعدد غير المبلَّغين","duration":428.5513000000001,"failureMessages":[],"meta":{}},{"ancestorTitles":["AbsentJudgmentNotificationModal"],"fullName":"AbsentJudgmentNotificationModal يسمح باختيار أكثر من غائب في حفظ واحد","status":"passed","title":"يسمح باختيار أكثر من غائب في حفظ واحد","duration":44.458300000000236,"failureMessages":[],"meta":{}}],"startTime":1788623166587,"endTime":1788623167060.4583,"status":"passed","message":"","name":"C:/Users/HEX STORE/Downloads/New folder/src/app/components/lawyer/smart-modal/modals/appealObjection/__tests__/AbsentJudgmentNotificationModal.test.tsx"},{"assertionResults":[{"ancestorTitles":["AddIncidentalCaseModal open-edge reset (A1)"],"fullName":"AddIncidentalCaseModal open-edge reset (A1) resets form only on open edge via wasOpenRef — not on isAppeal/editData churn while open","status":"passed","title":"resets form only on open edge via wasOpenRef — not on isAppeal/editData churn while open","duration":4.504599999999755,"failureMessages":[],"meta":{}}],"startTime":1788623212220,"endTime":1788623212224.5046,"status":"passed","message":"","name":"C:/Users/HEX STORE/Downloads/New folder/src/app/components/lawyer/smart-modal/modals/flow-modals/__tests__/AddIncidentalCaseModal.openEdge.test.ts"},{"assertionResults":[{"ancestorTitles":["DiamondJudgmentPicker"],"fullName":"DiamondJudgmentPicker يثبت الاختيار عند pointerDown ولا يعيد فتح القائمة بنقرة الشبح على المحفّز","status":"passed","title":"يثبت الاختيار عند pointerDown ولا يعيد فتح القائمة بنقرة الشبح على المحفّز","duration":333.6622000000002,"failureMessages":[],"meta":{}},{"ancestorTitles":["DiamondJudgmentPicker"],"fullName":"DiamondJudgmentPicker لا يعلّم خياراً فارغاً كالمختار داخل القائمة","status":"passed","title":"لا يعلّم خياراً فارغاً كالمختار داخل القائمة","duration":22.447200000000066,"failureMessages":[],"meta":{}}],"startTime":1788623167774,"endTime":1788623168130.4473,"status":"passed","message":"","name":"C:/Users/HEX STORE/Downloads/New folder/src/app/components/lawyer/smart-modal/parts/judgment/__tests__/DiamondJudgmentPicker.test.tsx"},{"assertionResults":[{"ancestorTitles":["usePartyJudgmentFormState — تعدد المدعى عليهم"],"fullName":"usePartyJudgmentFormState — تعدد المدعى عليهم يستبعد الاختصامي ويبذر أربعة صفوف حضورياً","status":"passed","title":"يستبعد الاختصامي ويبذر أربعة صفوف حضورياً","duration":22.859699999999975,"failureMessages":[],"meta":{}},{"ancestorTitles":["usePartyJudgmentFormState — تعدد المدعى عليهم"],"fullName":"usePartyJudgmentFormState — تعدد المدعى عليهم يقترح عدم التجزئة دائماً ويُحوّل الصف إلى مختلط عند غيابي واحد","status":"passed","title":"يقترح عدم التجزئة دائماً ويُحوّل الصف إلى مختلط عند غيابي واحد","duration":3.119300000000294,"failureMessages":[],"meta":{}},{"ancestorTitles":["usePartyJudgmentFormState — تعدد المدعى عليهم"],"fullName":"usePartyJudgmentFormState — تعدد المدعى عليهم تعميم غيابي على الجميع ثم طرف واحد حضوري يبقى مختلطاً","status":"passed","title":"تعميم غيابي على الجميع ثم طرف واحد حضوري يبقى مختلطاً","duration":2.5576999999998407,"failureMessages":[],"meta":{}},{"ancestorTitles":["usePartyJudgmentFormState — تعدد المدعى عليهم"],"fullName":"usePartyJudgmentFormState — تعدد المدعى عليهم يحوّل بمثابة الحضوري إلى حضوري عند الاختيار","status":"passed","title":"يحوّل بمثابة الحضوري إلى حضوري عند الاختيار","duration":1.7898000000000138,"failureMessages":[],"meta":{}},{"ancestorTitles":["usePartyJudgmentFormState — تعدد المدعى عليهم"],"fullName":"usePartyJudgmentFormState — تعدد المدعى عليهم مدعى عليه واحد: ليست قائمة متعددة","status":"passed","title":"مدعى عليه واحد: ليست قائمة متعددة","duration":3.0023999999998523,"failureMessages":[],"meta":{}},{"ancestorTitles":["usePartyJudgmentFormState — تعدد المدعى عليهم"],"fullName":"usePartyJudgmentFormState — تعدد المدعى عليهم يرد بحق طرف ويبقي الآخرين ملزَمين","status":"passed","title":"يرد بحق طرف ويبقي الآخرين ملزَمين","duration":3.654099999999744,"failureMessages":[],"meta":{}}],"startTime":1788623177046,"endTime":1788623177082.654,"status":"passed","message":"","name":"C:/Users/HEX STORE/Downloads/New folder/src/app/components/lawyer/smart-modal/parts/judgment/__tests__/usePartyJudgmentFormState.test.ts"},{"assertionResults":[{"ancestorTitles":["applyJudgmentConfirm — تمييز م/210 وم/214"],"fullName":"applyJudgmentConfirm — تمييز م/210 وم/214 يحفظ نقض وإعادة مع إحياء الشريك","status":"passed","title":"يحفظ نقض وإعادة مع إحياء الشريك","duration":10.85910000000058,"failureMessages":[],"meta":{}},{"ancestorTitles":["applyJudgmentConfirm — تمييز م/210 وم/214"],"fullName":"applyJudgmentConfirm — تمييز م/210 وم/214 يختم النقض والفصل في الموضوع دون إحياء الشركاء","status":"passed","title":"يختم النقض والفصل في الموضوع دون إحياء الشركاء","duration":2.179500000000189,"failureMessages":[],"meta":{}}],"startTime":1788623190516,"endTime":1788623190529.1794,"status":"passed","message":"","name":"C:/Users/HEX STORE/Downloads/New folder/src/app/components/lawyer/smart-modal/hooks/judgment/judgmentConfirm/__tests__/applyJudgmentConfirm.cassationArt210.test.ts"},{"assertionResults":[{"ancestorTitles":["applyJudgmentConfirm — dispositions مختلطة"],"fullName":"applyJudgmentConfirm — dispositions مختلطة يختم المرحلة بالملخص المختلط دون محو صفة الأطراف","status":"passed","title":"يختم المرحلة بالملخص المختلط دون محو صفة الأطراف","duration":13.734599999999773,"failureMessages":[],"meta":{}},{"ancestorTitles":["applyJudgmentConfirm — dispositions مختلطة"],"fullName":"applyJudgmentConfirm — dispositions مختلطة يرفض تثبيت حكم جديد أثناء استئخار الاستئناف (م/172)","status":"passed","title":"يرفض تثبيت حكم جديد أثناء استئخار الاستئناف (م/172)","duration":3.651100000000042,"failureMessages":[],"meta":{}}],"startTime":1788623182614,"endTime":1788623182630.6511,"status":"passed","message":"","name":"C:/Users/HEX STORE/Downloads/New folder/src/app/components/lawyer/smart-modal/hooks/judgment/judgmentConfirm/__tests__/applyJudgmentConfirm.mixedDisposition.test.ts"},{"assertionResults":[{"ancestorTitles":["scenarioArchive / finalClose structured outcomes"],"fullName":"scenarioArchive / finalClose structured outcomes finalize_non_merit يكتب clientStageOutcome=FINALIZED","status":"passed","title":"finalize_non_merit يكتب clientStageOutcome=FINALIZED","duration":6.19360000000006,"failureMessages":[],"meta":{}},{"ancestorTitles":["scenarioArchive / finalClose structured outcomes"],"fullName":"scenarioArchive / finalClose structured outcomes archive_annulled يكتب clientStageOutcome=FINALIZED","status":"passed","title":"archive_annulled يكتب clientStageOutcome=FINALIZED","duration":1.4666000000001986,"failureMessages":[],"meta":{}},{"ancestorTitles":["scenarioArchive / finalClose structured outcomes"],"fullName":"scenarioArchive / finalClose structured outcomes final_close يكتب LOSS عند رد الدعوى للمدعي","status":"passed","title":"final_close يكتب LOSS عند رد الدعوى للمدعي","duration":3.0720000000001164,"failureMessages":[],"meta":{}},{"ancestorTitles":["resolveOpponentAppealPriorOutcome"],"fullName":"resolveOpponentAppealPriorOutcome يفضّل clientStageOutcome الصريح","status":"passed","title":"يفضّل clientStageOutcome الصريح","duration":0.5382000000004155,"failureMessages":[],"meta":{}},{"ancestorTitles":["resolveOpponentAppealPriorOutcome"],"fullName":"resolveOpponentAppealPriorOutcome يفترض WIN عند انتظار طعن الخصم بلا outcome","status":"passed","title":"يفترض WIN عند انتظار طعن الخصم بلا outcome","duration":0.4875999999999294,"failureMessages":[],"meta":{}}],"startTime":1788623196540,"endTime":1788623196552.538,"status":"passed","message":"","name":"C:/Users/HEX STORE/Downloads/New folder/src/app/components/lawyer/smart-modal/hooks/judgment/judgmentConfirm/__tests__/scenarioArchiveFinalClose.test.ts"},{"assertionResults":[{"ancestorTitles":["scenarioCassation — م/210 وم/214"],"fullName":"scenarioCassation — م/210 وم/214 يعيد الإضبارة ويحيي الشريك عند أسباب مشتركة ونزاع غير قابل للتجزئة","status":"passed","title":"يعيد الإضبارة ويحيي الشريك عند أسباب مشتركة ونزاع غير قابل للتجزئة","duration":6.768999999999778,"failureMessages":[],"meta":{}},{"ancestorTitles":["scenarioCassation — م/210 وم/214"],"fullName":"scenarioCassation — م/210 وم/214 لا يمد الأثر عند أسباب شخصية","status":"passed","title":"لا يمد الأثر عند أسباب شخصية","duration":1.1041000000000167,"failureMessages":[],"meta":{}},{"ancestorTitles":["scenarioCassation — م/210 وم/214"],"fullName":"scenarioCassation — م/210 وم/214 نقض والفصل في الموضوع يختم التمييز بلا إعادة","status":"passed","title":"نقض والفصل في الموضوع يختم التمييز بلا إعادة","duration":0.9401000000002568,"failureMessages":[],"meta":{}}],"startTime":1788623194842,"endTime":1788623194850.9402,"status":"passed","message":"","name":"C:/Users/HEX STORE/Downloads/New folder/src/app/components/lawyer/smart-modal/hooks/judgment/judgmentConfirm/__tests__/scenarioCassation.test.ts"},{"assertionResults":[{"ancestorTitles":["applyWaitAppealScenarios — اعتراض الحكم الغيابي"],"fullName":"applyWaitAppealScenarios — اعتراض الحكم الغيابي تأييد الغيابي لوكيل المعترض عليه: انتظار طعن المعترض + مهلة استئناف 15 يوماً في المدني","status":"passed","title":"تأييد الغيابي لوكيل المعترض عليه: انتظار طعن المعترض + مهلة استئناف 15 يوماً في المدني","duration":9.507599999999911,"failureMessages":[],"meta":{}},{"ancestorTitles":["applyWaitAppealScenarios — اعتراض الحكم الغيابي"],"fullName":"applyWaitAppealScenarios — اعتراض الحكم الغيابي تعديل الحكم بالكامل لوكيل المعترض عليه: طعن الموكل بلا انتظار الخصم","status":"passed","title":"تعديل الحكم بالكامل لوكيل المعترض عليه: طعن الموكل بلا انتظار الخصم","duration":3.4903000000003885,"failureMessages":[],"meta":{}},{"ancestorTitles":["applyWaitAppealScenarios — اعتراض الحكم الغيابي"],"fullName":"applyWaitAppealScenarios — اعتراض الحكم الغيابي في الأحوال الشخصية: تمييز فقط بلا مهلة استئناف","status":"passed","title":"في الأحوال الشخصية: تمييز فقط بلا مهلة استئناف","duration":1.2959000000000742,"failureMessages":[],"meta":{}},{"ancestorTitles":["applyWaitAppealScenarios — اعتراض الحكم الغيابي"],"fullName":"applyWaitAppealScenarios — اعتراض الحكم الغيابي رد الاعتراض شكلاً لوكيل المعترض عليه: قطعية بحق المعترض بلا انتظار طعنه","status":"passed","title":"رد الاعتراض شكلاً لوكيل المعترض عليه: قطعية بحق المعترض بلا انتظار طعنه","duration":0.98050000000012,"failureMessages":[],"meta":{}}],"startTime":1788623185913,"endTime":1788623185928.9805,"status":"passed","message":"","name":"C:/Users/HEX STORE/Downloads/New folder/src/app/components/lawyer/smart-modal/hooks/judgment/judgmentConfirm/__tests__/scenarioWaitAppeal.absentObjection.test.ts"},{"assertionResults":[{"ancestorTitles":["applyWaitAppealScenarios — صفة الحكم لكل مدعى عليه"],"fullName":"applyWaitAppealScenarios — صفة الحكم لكل مدعى عليه الكل حضوري: مهلة استئناف دون تبليغ غيابي","status":"passed","title":"الكل حضوري: مهلة استئناف دون تبليغ غيابي","duration":10.180500000000393,"failureMessages":[],"meta":{}},{"ancestorTitles":["applyWaitAppealScenarios — صفة الحكم لكل مدعى عليه"],"fullName":"applyWaitAppealScenarios — صفة الحكم لكل مدعى عليه الكل غيابي: تبليغ دون مهلة استئناف حضوري","status":"passed","title":"الكل غيابي: تبليغ دون مهلة استئناف حضوري","duration":2.623099999999795,"failureMessages":[],"meta":{}},{"ancestorTitles":["applyWaitAppealScenarios — صفة الحكم لكل مدعى عليه"],"fullName":"applyWaitAppealScenarios — صفة الحكم لكل مدعى عليه غيابي بلا صفات فردية يبذر بطاقة لكل مدعى عليه","status":"passed","title":"غيابي بلا صفات فردية يبذر بطاقة لكل مدعى عليه","duration":4.6621000000000095,"failureMessages":[],"meta":{}},{"ancestorTitles":["applyWaitAppealScenarios — صفة الحكم لكل مدعى عليه"],"fullName":"applyWaitAppealScenarios — صفة الحكم لكل مدعى عليه مختلط: يحتفظ بالصفتين ويفتح التبليغ ومهلة الاستئناف معاً","status":"passed","title":"مختلط: يحتفظ بالصفتين ويفتح التبليغ ومهلة الاستئناف معاً","duration":4.746999999999844,"failureMessages":[],"meta":{}}],"startTime":1788623183420,"endTime":1788623183442.747,"status":"passed","message":"","name":"C:/Users/HEX STORE/Downloads/New folder/src/app/components/lawyer/smart-modal/hooks/judgment/judgmentConfirm/__tests__/scenarioWaitAppeal.mixedDisposition.test.ts"},{"assertionResults":[{"ancestorTitles":["scenarioWaitAppeal structured outcomes"],"fullName":"scenarioWaitAppeal structured outcomes يكتب clientStageOutcome=WIN عند wait_opponent (مدعي + إجابة)","status":"passed","title":"يكتب clientStageOutcome=WIN عند wait_opponent (مدعي + إجابة)","duration":9.079899999999725,"failureMessages":[],"meta":{}},{"ancestorTitles":["scenarioWaitAppeal structured outcomes"],"fullName":"scenarioWaitAppeal structured outcomes يكتب clientStageOutcome=LOSS عند self_appeal (مدعي + رد)","status":"passed","title":"يكتب clientStageOutcome=LOSS عند self_appeal (مدعي + رد)","duration":1.2299000000002707,"failureMessages":[],"meta":{}},{"ancestorTitles":["scenarioWaitAppeal structured outcomes"],"fullName":"scenarioWaitAppeal structured outcomes جزئي: PARTIAL مع انتظار طعن الخصم أيضاً","status":"passed","title":"جزئي: PARTIAL مع انتظار طعن الخصم أيضاً","duration":5.310299999999643,"failureMessages":[],"meta":{}},{"ancestorTitles":["scenarioWaitAppeal structured outcomes"],"fullName":"scenarioWaitAppeal structured outcomes يكتب clientStageOutcome=WIN على seal_plaintiff_win","status":"passed","title":"يكتب clientStageOutcome=WIN على seal_plaintiff_win","duration":1.6282999999998538,"failureMessages":[],"meta":{}},{"ancestorTitles":["scenarioWaitAppeal structured outcomes"],"fullName":"scenarioWaitAppeal structured outcomes حكم الاستئناف لا يُختم غيابياً حتى لو وُرّث الشكل من البداءة","status":"passed","title":"حكم الاستئناف لا يُختم غيابياً حتى لو وُرّث الشكل من البداءة","duration":1.3496000000000095,"failureMessages":[],"meta":{}}],"startTime":1788623190074,"endTime":1788623190093.3496,"status":"passed","message":"","name":"C:/Users/HEX STORE/Downloads/New folder/src/app/components/lawyer/smart-modal/hooks/judgment/judgmentConfirm/__tests__/scenarioWaitAppeal.test.ts"}]}